case encoder=rust file=crossterm-lockup.webp width=700 height=433 pixels=303100 distinct_alpha=256 transparent_pixels=267451 translucent_pixels=6559 alpha_compression=1 alpha_filter=0 output_bytes=11782 alpha_bytes=11181 alpha_bpp=0.295111 alpha_raw_ratio=0.036889
case encoder=rust file=crossterm-mark.webp width=300 height=300 pixels=90000 distinct_alpha=256 transparent_pixels=54308 translucent_pixels=3915 alpha_compression=1 alpha_filter=0 output_bytes=8284 alpha_bytes=8057 alpha_bpp=0.716178 alpha_raw_ratio=0.089522
case encoder=rust file=metal-raytracing.webp width=1824 height=1480 pixels=2699520 distinct_alpha=235 transparent_pixels=106695 translucent_pixels=583697 alpha_compression=1 alpha_filter=3 output_bytes=148008 alpha_bytes=80196 alpha_bpp=0.237660 alpha_raw_ratio=0.029708
case encoder=rust file=yansi-logo.webp width=943 height=974 pixels=918482 distinct_alpha=11 transparent_pixels=139825 translucent_pixels=26066 alpha_compression=1 alpha_filter=0 output_bytes=37240 alpha_bytes=5741 alpha_bpp=0.050004 alpha_raw_ratio=0.006251
case encoder=rust file=bands-low-cardinality.webp width=1280 height=720 pixels=921600 distinct_alpha=8 transparent_pixels=115200 translucent_pixels=691200 alpha_compression=1 alpha_filter=3 output_bytes=335460 alpha_bytes=374 alpha_bpp=0.003247 alpha_raw_ratio=0.000406
case encoder=rust file=extreme-tall.webp width=32 height=8192 pixels=262144 distinct_alpha=256 transparent_pixels=87680 translucent_pixels=173696 alpha_compression=1 alpha_filter=0 output_bytes=131752 alpha_bytes=36354 alpha_bpp=1.109436 alpha_raw_ratio=0.138680
case encoder=rust file=extreme-wide.webp width=8192 height=32 pixels=262144 distinct_alpha=256 transparent_pixels=640 translucent_pixels=173696 alpha_compression=1 alpha_filter=0 output_bytes=104282 alpha_bytes=9753 alpha_bpp=0.297638 alpha_raw_ratio=0.037205
case encoder=rust file=gradient-full-range.webp width=1024 height=512 pixels=524288 distinct_alpha=256 transparent_pixels=37 translucent_pixels=524250 alpha_compression=1 alpha_filter=0 output_bytes=279748 alpha_bytes=88893 alpha_bpp=1.356400 alpha_raw_ratio=0.169550
case encoder=rust file=icon-binary-grid.webp width=1024 height=1024 pixels=1048576 distinct_alpha=2 transparent_pixels=674816 translucent_pixels=0 alpha_compression=1 alpha_filter=0 output_bytes=384296 alpha_bytes=2972 alpha_bpp=0.022675 alpha_raw_ratio=0.002834
case encoder=rust file=mask-binary-diagonal.webp width=1024 height=768 pixels=786432 distinct_alpha=2 transparent_pixels=393216 translucent_pixels=0 alpha_compression=1 alpha_filter=0 output_bytes=291298 alpha_bytes=5265 alpha_bpp=0.053558 alpha_raw_ratio=0.006695
case encoder=rust file=photo-like-mask.webp width=1024 height=768 pixels=786432 distinct_alpha=256 transparent_pixels=2489 translucent_pixels=781671 alpha_compression=1 alpha_filter=1 output_bytes=321054 alpha_bytes=35021 alpha_bpp=0.356252 alpha_raw_ratio=0.044532
case encoder=rust file=shadow-soft.webp width=768 height=512 pixels=393216 distinct_alpha=116 transparent_pixels=246263 translucent_pixels=146953 alpha_compression=1 alpha_filter=0 output_bytes=146456 alpha_bytes=3097 alpha_bpp=0.063009 alpha_raw_ratio=0.007876
case encoder=rust file=sparse-alpha.webp width=1024 height=1024 pixels=1048576 distinct_alpha=256 transparent_pixels=1037630 translucent_pixels=10909 alpha_compression=1 alpha_filter=0 output_bytes=420036 alpha_bytes=38711 alpha_bpp=0.295341 alpha_raw_ratio=0.036918
case encoder=rust file=stress-random.webp width=1024 height=1024 pixels=1048576 distinct_alpha=256 transparent_pixels=4192 translucent_pixels=1040312 alpha_compression=0 alpha_filter=0 output_bytes=1429902 alpha_bytes=1048577 alpha_bpp=8.000008 alpha_raw_ratio=1.000001
case encoder=rust file=ui-rounded-panels.webp width=768 height=512 pixels=393216 distinct_alpha=5 transparent_pixels=102912 translucent_pixels=241299 alpha_compression=1 alpha_filter=3 output_bytes=143736 alpha_bytes=377 alpha_bpp=0.007670 alpha_raw_ratio=0.000959
measurement encoder=rust profile=vp8-q75-alpha-lossless-fast file=crossterm-lockup.webp encodes=5 pixels=1515500 output_bytes=58910 alpha_bytes=55905 elapsed_ms=73.151 mpix_s=20.717 ns_pixel=48.268 output_hash=3deb839f52478249
measurement encoder=rust profile=vp8-q75-alpha-lossless-fast file=crossterm-mark.webp encodes=5 pixels=450000 output_bytes=41420 alpha_bytes=40285 elapsed_ms=26.925 mpix_s=16.713 ns_pixel=59.833 output_hash=f24446b8e8592798
measurement encoder=rust profile=vp8-q75-alpha-lossless-fast file=metal-raytracing.webp encodes=5 pixels=13497600 output_bytes=740040 alpha_bytes=400980 elapsed_ms=667.754 mpix_s=20.213 ns_pixel=49.472 output_hash=565b0c6484127e9e
measurement encoder=rust profile=vp8-q75-alpha-lossless-fast file=yansi-logo.webp encodes=5 pixels=4592410 output_bytes=186200 alpha_bytes=28705 elapsed_ms=236.290 mpix_s=19.435 ns_pixel=51.452 output_hash=bc029beb2b4743b9
measurement encoder=rust profile=vp8-q75-alpha-lossless-fast file=bands-low-cardinality.webp encodes=5 pixels=4608000 output_bytes=1677300 alpha_bytes=1870 elapsed_ms=427.172 mpix_s=10.787 ns_pixel=92.702 output_hash=dd540ef2163911d2
measurement encoder=rust profile=vp8-q75-alpha-lossless-fast file=extreme-tall.webp encodes=5 pixels=1310720 output_bytes=658760 alpha_bytes=181770 elapsed_ms=123.474 mpix_s=10.615 ns_pixel=94.203 output_hash=9ac6c6c96dce70ba
measurement encoder=rust profile=vp8-q75-alpha-lossless-fast file=extreme-wide.webp encodes=5 pixels=1310720 output_bytes=521410 alpha_bytes=48765 elapsed_ms=118.597 mpix_s=11.052 ns_pixel=90.482 output_hash=ec6738fc8732372a
measurement encoder=rust profile=vp8-q75-alpha-lossless-fast file=gradient-full-range.webp encodes=5 pixels=2621440 output_bytes=1398740 alpha_bytes=444465 elapsed_ms=244.719 mpix_s=10.712 ns_pixel=93.353 output_hash=9689021565b74709
measurement encoder=rust profile=vp8-q75-alpha-lossless-fast file=icon-binary-grid.webp encodes=5 pixels=5242880 output_bytes=1921480 alpha_bytes=14860 elapsed_ms=475.746 mpix_s=11.020 ns_pixel=90.741 output_hash=09bfe8ec8c255de8
measurement encoder=rust profile=vp8-q75-alpha-lossless-fast file=mask-binary-diagonal.webp encodes=5 pixels=3932160 output_bytes=1456490 alpha_bytes=26325 elapsed_ms=358.120 mpix_s=10.980 ns_pixel=91.075 output_hash=95087faf80a48161
measurement encoder=rust profile=vp8-q75-alpha-lossless-fast file=photo-like-mask.webp encodes=5 pixels=3932160 output_bytes=1605270 alpha_bytes=175105 elapsed_ms=383.095 mpix_s=10.264 ns_pixel=97.426 output_hash=2a6d302a7af2d875
measurement encoder=rust profile=vp8-q75-alpha-lossless-fast file=shadow-soft.webp encodes=5 pixels=1966080 output_bytes=732280 alpha_bytes=15485 elapsed_ms=178.044 mpix_s=11.043 ns_pixel=90.558 output_hash=ad0b2f4f5f3dd5c7
measurement encoder=rust profile=vp8-q75-alpha-lossless-fast file=sparse-alpha.webp encodes=5 pixels=5242880 output_bytes=2100180 alpha_bytes=193555 elapsed_ms=479.184 mpix_s=10.941 ns_pixel=91.397 output_hash=2ea7ff70491826d9
measurement encoder=rust profile=vp8-q75-alpha-lossless-fast file=stress-random.webp encodes=5 pixels=5242880 output_bytes=7149510 alpha_bytes=5242885 elapsed_ms=527.767 mpix_s=9.934 ns_pixel=100.664 output_hash=1f27dfa3b163e642
measurement encoder=rust profile=vp8-q75-alpha-lossless-fast file=ui-rounded-panels.webp encodes=5 pixels=1966080 output_bytes=718680 alpha_bytes=1885 elapsed_ms=183.137 mpix_s=10.736 ns_pixel=93.148 output_hash=68705247b8e1e897
aggregate encoder=rust profile=vp8-q75-alpha-lossless-fast files=15 encodes=75 pixels=57431510 rgba_bytes=229726040 output_bytes=20966670 alpha_bytes=6872845 elapsed_ms=4503.173 mpix_s=12.754 ns_pixel=78.409 checksum=20972820 output_hash=68705247b8e1e897
measurement encoder=rust profile=alpha-only-lossless-fast file=crossterm-lockup.webp encodes=5 pixels=1515500 alpha_bytes=55905 elapsed_ms=17.846 mpix_s=84.922 ns_pixel=11.776 output_hash=e603cb359e246c56
measurement encoder=rust profile=alpha-only-lossless-fast file=crossterm-mark.webp encodes=5 pixels=450000 alpha_bytes=40285 elapsed_ms=10.571 mpix_s=42.569 ns_pixel=23.491 output_hash=8894a4c682a8c033
measurement encoder=rust profile=alpha-only-lossless-fast file=metal-raytracing.webp encodes=5 pixels=13497600 alpha_bytes=400980 elapsed_ms=94.354 mpix_s=143.052 ns_pixel=6.990 output_hash=be46e7583e474be5
measurement encoder=rust profile=alpha-only-lossless-fast file=yansi-logo.webp encodes=5 pixels=4592410 alpha_bytes=28705 elapsed_ms=29.800 mpix_s=154.106 ns_pixel=6.489 output_hash=7e62fb631ecb62f5
measurement encoder=rust profile=alpha-only-lossless-fast file=bands-low-cardinality.webp encodes=5 pixels=4608000 alpha_bytes=1870 elapsed_ms=26.601 mpix_s=173.229 ns_pixel=5.773 output_hash=51ae403af34799b2
measurement encoder=rust profile=alpha-only-lossless-fast file=extreme-tall.webp encodes=5 pixels=1310720 alpha_bytes=181770 elapsed_ms=9.776 mpix_s=134.082 ns_pixel=7.458 output_hash=2141c59792e0a7d5
measurement encoder=rust profile=alpha-only-lossless-fast file=extreme-wide.webp encodes=5 pixels=1310720 alpha_bytes=48765 elapsed_ms=5.958 mpix_s=219.998 ns_pixel=4.545 output_hash=da0e0b94b7ca5066
measurement encoder=rust profile=alpha-only-lossless-fast file=gradient-full-range.webp encodes=5 pixels=2621440 alpha_bytes=444465 elapsed_ms=15.723 mpix_s=166.722 ns_pixel=5.998 output_hash=eebd3507e5b9b248
measurement encoder=rust profile=alpha-only-lossless-fast file=icon-binary-grid.webp encodes=5 pixels=5242880 alpha_bytes=14860 elapsed_ms=18.586 mpix_s=282.092 ns_pixel=3.545 output_hash=c367606755e81875
measurement encoder=rust profile=alpha-only-lossless-fast file=mask-binary-diagonal.webp encodes=5 pixels=3932160 alpha_bytes=26325 elapsed_ms=14.992 mpix_s=262.290 ns_pixel=3.813 output_hash=093845c434be0fd2
measurement encoder=rust profile=alpha-only-lossless-fast file=photo-like-mask.webp encodes=5 pixels=3932160 alpha_bytes=175105 elapsed_ms=39.923 mpix_s=98.493 ns_pixel=10.153 output_hash=b18199983a99be9f
measurement encoder=rust profile=alpha-only-lossless-fast file=shadow-soft.webp encodes=5 pixels=1966080 alpha_bytes=15485 elapsed_ms=5.725 mpix_s=343.403 ns_pixel=2.912 output_hash=e8d8af86be553646
measurement encoder=rust profile=alpha-only-lossless-fast file=sparse-alpha.webp encodes=5 pixels=5242880 alpha_bytes=193555 elapsed_ms=21.271 mpix_s=246.486 ns_pixel=4.057 output_hash=d1e10ea7d650b84d
measurement encoder=rust profile=alpha-only-lossless-fast file=stress-random.webp encodes=5 pixels=5242880 alpha_bytes=5242885 elapsed_ms=70.236 mpix_s=74.646 ns_pixel=13.397 output_hash=e9f5b28d9f95fff4
measurement encoder=rust profile=alpha-only-lossless-fast file=ui-rounded-panels.webp encodes=5 pixels=1966080 alpha_bytes=1885 elapsed_ms=11.382 mpix_s=172.739 ns_pixel=5.789 output_hash=50320fb3b4d33ae6
aggregate encoder=rust profile=alpha-only-lossless-fast files=15 encodes=75 pixels=57431510 alpha_input_bytes=57431510 alpha_bytes=6872845 elapsed_ms=392.744 mpix_s=146.231 ns_pixel=6.838 checksum=6873115 output_hash=50320fb3b4d33ae6
