case encoder=rust file=alpha_color_cache.webp width=588 height=97 pixels=57036 distinct_alpha=91 transparent_pixels=18622 translucent_pixels=1307 alpha_compression=1 alpha_filter=0 output_bytes=2006 alpha_bytes=1820 alpha_bpp=0.255277 alpha_raw_ratio=0.031910
case encoder=rust file=alpha_filter_0_method_0.webp width=128 height=128 pixels=16384 distinct_alpha=16 transparent_pixels=0 translucent_pixels=16384 alpha_compression=1 alpha_filter=0 output_bytes=11340 alpha_bytes=6528 alpha_bpp=3.187500 alpha_raw_ratio=0.398438
case encoder=rust file=alpha_filter_0_method_1.webp width=128 height=128 pixels=16384 distinct_alpha=16 transparent_pixels=0 translucent_pixels=16384 alpha_compression=1 alpha_filter=0 output_bytes=11340 alpha_bytes=6528 alpha_bpp=3.187500 alpha_raw_ratio=0.398438
case encoder=rust file=alpha_filter_1.webp width=16 height=16 pixels=256 distinct_alpha=2 transparent_pixels=0 translucent_pixels=128 alpha_compression=1 alpha_filter=0 output_bytes=118 alpha_bytes=32 alpha_bpp=1.000000 alpha_raw_ratio=0.125000
case encoder=rust file=alpha_filter_1_method_0.webp width=128 height=128 pixels=16384 distinct_alpha=16 transparent_pixels=0 translucent_pixels=16384 alpha_compression=1 alpha_filter=0 output_bytes=11340 alpha_bytes=6528 alpha_bpp=3.187500 alpha_raw_ratio=0.398438
case encoder=rust file=alpha_filter_1_method_1.webp width=128 height=128 pixels=16384 distinct_alpha=16 transparent_pixels=0 translucent_pixels=16384 alpha_compression=1 alpha_filter=0 output_bytes=11340 alpha_bytes=6528 alpha_bpp=3.187500 alpha_raw_ratio=0.398438
case encoder=rust file=alpha_filter_2.webp width=16 height=16 pixels=256 distinct_alpha=2 transparent_pixels=0 translucent_pixels=128 alpha_compression=1 alpha_filter=0 output_bytes=118 alpha_bytes=32 alpha_bpp=1.000000 alpha_raw_ratio=0.125000
case encoder=rust file=alpha_filter_2_method_0.webp width=128 height=128 pixels=16384 distinct_alpha=16 transparent_pixels=0 translucent_pixels=16384 alpha_compression=1 alpha_filter=0 output_bytes=11340 alpha_bytes=6528 alpha_bpp=3.187500 alpha_raw_ratio=0.398438
case encoder=rust file=alpha_filter_2_method_1.webp width=128 height=128 pixels=16384 distinct_alpha=16 transparent_pixels=0 translucent_pixels=16384 alpha_compression=1 alpha_filter=0 output_bytes=11340 alpha_bytes=6528 alpha_bpp=3.187500 alpha_raw_ratio=0.398438
case encoder=rust file=alpha_filter_3.webp width=16 height=16 pixels=256 distinct_alpha=2 transparent_pixels=0 translucent_pixels=128 alpha_compression=1 alpha_filter=0 output_bytes=118 alpha_bytes=32 alpha_bpp=1.000000 alpha_raw_ratio=0.125000
case encoder=rust file=alpha_filter_3_method_0.webp width=128 height=128 pixels=16384 distinct_alpha=16 transparent_pixels=0 translucent_pixels=16384 alpha_compression=1 alpha_filter=0 output_bytes=11340 alpha_bytes=6528 alpha_bpp=3.187500 alpha_raw_ratio=0.398438
case encoder=rust file=alpha_filter_3_method_1.webp width=128 height=128 pixels=16384 distinct_alpha=16 transparent_pixels=0 translucent_pixels=16384 alpha_compression=1 alpha_filter=0 output_bytes=11340 alpha_bytes=6528 alpha_bpp=3.187500 alpha_raw_ratio=0.398438
case encoder=rust file=alpha_no_compression.webp width=16 height=16 pixels=256 distinct_alpha=2 transparent_pixels=0 translucent_pixels=128 alpha_compression=1 alpha_filter=0 output_bytes=118 alpha_bytes=32 alpha_bpp=1.000000 alpha_raw_ratio=0.125000
case encoder=rust file=big_endian_bug_393.webp width=256 height=256 pixels=65536 distinct_alpha=256 transparent_pixels=294 translucent_pixels=64980 alpha_compression=1 alpha_filter=0 output_bytes=16380 alpha_bytes=16187 alpha_bpp=1.975952 alpha_raw_ratio=0.246994
case encoder=rust file=dual_transform.webp width=100 height=30 pixels=3000 distinct_alpha=2 transparent_pixels=2269 translucent_pixels=0 alpha_compression=1 alpha_filter=0 output_bytes=268 alpha_bytes=189 alpha_bpp=0.504000 alpha_raw_ratio=0.063000
case encoder=rust file=lossless1.webp width=1000 height=307 pixels=307000 distinct_alpha=256 transparent_pixels=211284 translucent_pixels=5769 alpha_compression=1 alpha_filter=0 output_bytes=25330 alpha_bytes=12770 alpha_bpp=0.332769 alpha_raw_ratio=0.041596
case encoder=rust file=lossless2.webp width=1000 height=307 pixels=307000 distinct_alpha=256 transparent_pixels=211284 translucent_pixels=5769 alpha_compression=1 alpha_filter=0 output_bytes=25330 alpha_bytes=12770 alpha_bpp=0.332769 alpha_raw_ratio=0.041596
case encoder=rust file=lossless3.webp width=1000 height=307 pixels=307000 distinct_alpha=256 transparent_pixels=211284 translucent_pixels=5769 alpha_compression=1 alpha_filter=0 output_bytes=25330 alpha_bytes=12770 alpha_bpp=0.332769 alpha_raw_ratio=0.041596
case encoder=rust file=lossless4.webp width=256 height=256 pixels=65536 distinct_alpha=15 transparent_pixels=56361 translucent_pixels=8771 alpha_compression=1 alpha_filter=0 output_bytes=8508 alpha_bytes=3161 alpha_bpp=0.385864 alpha_raw_ratio=0.048233
case encoder=rust file=lossless_big_random_alpha.webp width=2048 height=2048 pixels=4194304 distinct_alpha=256 transparent_pixels=237642 translucent_pixels=3550512 alpha_compression=1 alpha_filter=0 output_bytes=6353440 alpha_bytes=3979860 alpha_bpp=7.590981 alpha_raw_ratio=0.948873
case encoder=rust file=lossless_vec_1_0.webp width=16 height=16 pixels=256 distinct_alpha=2 transparent_pixels=0 translucent_pixels=128 alpha_compression=1 alpha_filter=0 output_bytes=172 alpha_bytes=32 alpha_bpp=1.000000 alpha_raw_ratio=0.125000
case encoder=rust file=lossless_vec_1_1.webp width=16 height=16 pixels=256 distinct_alpha=2 transparent_pixels=0 translucent_pixels=128 alpha_compression=1 alpha_filter=0 output_bytes=172 alpha_bytes=32 alpha_bpp=1.000000 alpha_raw_ratio=0.125000
case encoder=rust file=lossless_vec_1_10.webp width=16 height=16 pixels=256 distinct_alpha=2 transparent_pixels=0 translucent_pixels=128 alpha_compression=1 alpha_filter=0 output_bytes=172 alpha_bytes=32 alpha_bpp=1.000000 alpha_raw_ratio=0.125000
case encoder=rust file=lossless_vec_1_11.webp width=16 height=16 pixels=256 distinct_alpha=2 transparent_pixels=0 translucent_pixels=128 alpha_compression=1 alpha_filter=0 output_bytes=172 alpha_bytes=32 alpha_bpp=1.000000 alpha_raw_ratio=0.125000
case encoder=rust file=lossless_vec_1_12.webp width=16 height=16 pixels=256 distinct_alpha=2 transparent_pixels=0 translucent_pixels=128 alpha_compression=1 alpha_filter=0 output_bytes=172 alpha_bytes=32 alpha_bpp=1.000000 alpha_raw_ratio=0.125000
case encoder=rust file=lossless_vec_1_13.webp width=16 height=16 pixels=256 distinct_alpha=2 transparent_pixels=0 translucent_pixels=128 alpha_compression=1 alpha_filter=0 output_bytes=172 alpha_bytes=32 alpha_bpp=1.000000 alpha_raw_ratio=0.125000
case encoder=rust file=lossless_vec_1_14.webp width=16 height=16 pixels=256 distinct_alpha=2 transparent_pixels=0 translucent_pixels=128 alpha_compression=1 alpha_filter=0 output_bytes=172 alpha_bytes=32 alpha_bpp=1.000000 alpha_raw_ratio=0.125000
case encoder=rust file=lossless_vec_1_15.webp width=16 height=16 pixels=256 distinct_alpha=2 transparent_pixels=0 translucent_pixels=128 alpha_compression=1 alpha_filter=0 output_bytes=172 alpha_bytes=32 alpha_bpp=1.000000 alpha_raw_ratio=0.125000
case encoder=rust file=lossless_vec_1_2.webp width=16 height=16 pixels=256 distinct_alpha=2 transparent_pixels=0 translucent_pixels=128 alpha_compression=1 alpha_filter=0 output_bytes=172 alpha_bytes=32 alpha_bpp=1.000000 alpha_raw_ratio=0.125000
case encoder=rust file=lossless_vec_1_3.webp width=16 height=16 pixels=256 distinct_alpha=2 transparent_pixels=0 translucent_pixels=128 alpha_compression=1 alpha_filter=0 output_bytes=172 alpha_bytes=32 alpha_bpp=1.000000 alpha_raw_ratio=0.125000
case encoder=rust file=lossless_vec_1_4.webp width=16 height=16 pixels=256 distinct_alpha=2 transparent_pixels=0 translucent_pixels=128 alpha_compression=1 alpha_filter=0 output_bytes=172 alpha_bytes=32 alpha_bpp=1.000000 alpha_raw_ratio=0.125000
case encoder=rust file=lossless_vec_1_5.webp width=16 height=16 pixels=256 distinct_alpha=2 transparent_pixels=0 translucent_pixels=128 alpha_compression=1 alpha_filter=0 output_bytes=172 alpha_bytes=32 alpha_bpp=1.000000 alpha_raw_ratio=0.125000
case encoder=rust file=lossless_vec_1_6.webp width=16 height=16 pixels=256 distinct_alpha=2 transparent_pixels=0 translucent_pixels=128 alpha_compression=1 alpha_filter=0 output_bytes=172 alpha_bytes=32 alpha_bpp=1.000000 alpha_raw_ratio=0.125000
case encoder=rust file=lossless_vec_1_7.webp width=16 height=16 pixels=256 distinct_alpha=2 transparent_pixels=0 translucent_pixels=128 alpha_compression=1 alpha_filter=0 output_bytes=172 alpha_bytes=32 alpha_bpp=1.000000 alpha_raw_ratio=0.125000
case encoder=rust file=lossless_vec_1_8.webp width=16 height=16 pixels=256 distinct_alpha=2 transparent_pixels=0 translucent_pixels=128 alpha_compression=1 alpha_filter=0 output_bytes=172 alpha_bytes=32 alpha_bpp=1.000000 alpha_raw_ratio=0.125000
case encoder=rust file=lossless_vec_1_9.webp width=16 height=16 pixels=256 distinct_alpha=2 transparent_pixels=0 translucent_pixels=128 alpha_compression=1 alpha_filter=0 output_bytes=172 alpha_bytes=32 alpha_bpp=1.000000 alpha_raw_ratio=0.125000
case encoder=rust file=lossy_alpha1.webp width=1000 height=307 pixels=307000 distinct_alpha=15 transparent_pixels=211672 translucent_pixels=4877 alpha_compression=1 alpha_filter=0 output_bytes=22544 alpha_bytes=9077 alpha_bpp=0.236534 alpha_raw_ratio=0.029567
case encoder=rust file=lossy_alpha2.webp width=1000 height=307 pixels=307000 distinct_alpha=10 transparent_pixels=211790 translucent_pixels=4639 alpha_compression=1 alpha_filter=0 output_bytes=22304 alpha_bytes=8545 alpha_bpp=0.222671 alpha_raw_ratio=0.027834
case encoder=rust file=lossy_alpha3.webp width=1000 height=307 pixels=307000 distinct_alpha=3 transparent_pixels=212731 translucent_pixels=2557 alpha_compression=1 alpha_filter=0 output_bytes=18710 alpha_bytes=5908 alpha_bpp=0.153954 alpha_raw_ratio=0.019244
case encoder=rust file=lossy_alpha4.webp width=100 height=100 pixels=10000 distinct_alpha=64 transparent_pixels=2584 translucent_pixels=4367 alpha_compression=1 alpha_filter=0 output_bytes=4706 alpha_bytes=2683 alpha_bpp=2.146400 alpha_raw_ratio=0.268300
case encoder=rust file=one_color_no_palette.webp width=100 height=100 pixels=10000 distinct_alpha=1 transparent_pixels=10000 translucent_pixels=0 alpha_compression=1 alpha_filter=0 output_bytes=110 alpha_bytes=18 alpha_bpp=0.014400 alpha_raw_ratio=0.001800
measurement encoder=rust profile=vp8-q75-alpha-lossless-fast file=alpha_color_cache.webp encodes=10 pixels=570360 output_bytes=20060 alpha_bytes=18200 elapsed_ms=30.637 mpix_s=18.617 ns_pixel=53.715 output_hash=fbedac7d8300c329
measurement encoder=rust profile=vp8-q75-alpha-lossless-fast file=alpha_filter_0_method_0.webp encodes=10 pixels=163840 output_bytes=113400 alpha_bytes=65280 elapsed_ms=16.035 mpix_s=10.217 ns_pixel=97.873 output_hash=702a0eefc316b1d1
measurement encoder=rust profile=vp8-q75-alpha-lossless-fast file=alpha_filter_0_method_1.webp encodes=10 pixels=163840 output_bytes=113400 alpha_bytes=65280 elapsed_ms=15.766 mpix_s=10.392 ns_pixel=96.227 output_hash=66346e9f9461f039
measurement encoder=rust profile=vp8-q75-alpha-lossless-fast file=alpha_filter_1.webp encodes=10 pixels=2560 output_bytes=1180 alpha_bytes=320 elapsed_ms=0.327 mpix_s=7.837 ns_pixel=127.604 output_hash=3738ffa34bf80391
measurement encoder=rust profile=vp8-q75-alpha-lossless-fast file=alpha_filter_1_method_0.webp encodes=10 pixels=163840 output_bytes=113400 alpha_bytes=65280 elapsed_ms=15.806 mpix_s=10.366 ns_pixel=96.473 output_hash=3e04b215b5da27f9
measurement encoder=rust profile=vp8-q75-alpha-lossless-fast file=alpha_filter_1_method_1.webp encodes=10 pixels=163840 output_bytes=113400 alpha_bytes=65280 elapsed_ms=15.791 mpix_s=10.375 ns_pixel=96.382 output_hash=bf16368ba9fc85e1
measurement encoder=rust profile=vp8-q75-alpha-lossless-fast file=alpha_filter_2.webp encodes=10 pixels=2560 output_bytes=1180 alpha_bytes=320 elapsed_ms=0.318 mpix_s=8.060 ns_pixel=124.072 output_hash=9a9fb4bfd789af19
measurement encoder=rust profile=vp8-q75-alpha-lossless-fast file=alpha_filter_2_method_0.webp encodes=10 pixels=163840 output_bytes=113400 alpha_bytes=65280 elapsed_ms=15.775 mpix_s=10.386 ns_pixel=96.283 output_hash=6eb1b2d00a4cc581
measurement encoder=rust profile=vp8-q75-alpha-lossless-fast file=alpha_filter_2_method_1.webp encodes=10 pixels=163840 output_bytes=113400 alpha_bytes=65280 elapsed_ms=15.813 mpix_s=10.361 ns_pixel=96.512 output_hash=d5c1a0c82bfcf429
measurement encoder=rust profile=vp8-q75-alpha-lossless-fast file=alpha_filter_3.webp encodes=10 pixels=2560 output_bytes=1180 alpha_bytes=320 elapsed_ms=0.297 mpix_s=8.630 ns_pixel=115.869 output_hash=2180dcf94912b3c1
measurement encoder=rust profile=vp8-q75-alpha-lossless-fast file=alpha_filter_3_method_0.webp encodes=10 pixels=163840 output_bytes=113400 alpha_bytes=65280 elapsed_ms=15.956 mpix_s=10.268 ns_pixel=97.388 output_hash=fa118862c378ed69
measurement encoder=rust profile=vp8-q75-alpha-lossless-fast file=alpha_filter_3_method_1.webp encodes=10 pixels=163840 output_bytes=113400 alpha_bytes=65280 elapsed_ms=15.751 mpix_s=10.402 ns_pixel=96.137 output_hash=a1d5602055e76c11
measurement encoder=rust profile=vp8-q75-alpha-lossless-fast file=alpha_no_compression.webp encodes=10 pixels=2560 output_bytes=1180 alpha_bytes=320 elapsed_ms=0.301 mpix_s=8.518 ns_pixel=117.399 output_hash=abc83278289f5209
measurement encoder=rust profile=vp8-q75-alpha-lossless-fast file=big_endian_bug_393.webp encodes=10 pixels=655360 output_bytes=163800 alpha_bytes=161870 elapsed_ms=34.634 mpix_s=18.923 ns_pixel=52.847 output_hash=664ac8ec297ed0b1
measurement encoder=rust profile=vp8-q75-alpha-lossless-fast file=dual_transform.webp encodes=10 pixels=30000 output_bytes=2680 alpha_bytes=1890 elapsed_ms=1.859 mpix_s=16.136 ns_pixel=61.975 output_hash=d9c574685cb94df9
measurement encoder=rust profile=vp8-q75-alpha-lossless-fast file=lossless1.webp encodes=10 pixels=3070000 output_bytes=253300 alpha_bytes=127700 elapsed_ms=192.899 mpix_s=15.915 ns_pixel=62.834 output_hash=ae69f7c85a863bc5
measurement encoder=rust profile=vp8-q75-alpha-lossless-fast file=lossless2.webp encodes=10 pixels=3070000 output_bytes=253300 alpha_bytes=127700 elapsed_ms=191.807 mpix_s=16.006 ns_pixel=62.478 output_hash=d7f8cd3e023e15a1
measurement encoder=rust profile=vp8-q75-alpha-lossless-fast file=lossless3.webp encodes=10 pixels=3070000 output_bytes=253300 alpha_bytes=127700 elapsed_ms=191.226 mpix_s=16.054 ns_pixel=62.289 output_hash=d910f363e8850f6d
measurement encoder=rust profile=vp8-q75-alpha-lossless-fast file=lossless4.webp encodes=10 pixels=655360 output_bytes=85080 alpha_bytes=31610 elapsed_ms=46.846 mpix_s=13.990 ns_pixel=71.481 output_hash=e6a4ceb1ea786719
measurement encoder=rust profile=vp8-q75-alpha-lossless-fast file=lossless_big_random_alpha.webp encodes=10 pixels=41943040 output_bytes=63534400 alpha_bytes=39798600 elapsed_ms=5527.806 mpix_s=7.588 ns_pixel=131.793 output_hash=abe58e31ef934e41
measurement encoder=rust profile=vp8-q75-alpha-lossless-fast file=lossless_vec_1_0.webp encodes=10 pixels=2560 output_bytes=1720 alpha_bytes=320 elapsed_ms=0.406 mpix_s=6.307 ns_pixel=158.545 output_hash=6cb8257701d386d1
measurement encoder=rust profile=vp8-q75-alpha-lossless-fast file=lossless_vec_1_1.webp encodes=10 pixels=2560 output_bytes=1720 alpha_bytes=320 elapsed_ms=0.356 mpix_s=7.191 ns_pixel=139.062 output_hash=6466d0debf184221
measurement encoder=rust profile=vp8-q75-alpha-lossless-fast file=lossless_vec_1_10.webp encodes=10 pixels=2560 output_bytes=1720 alpha_bytes=320 elapsed_ms=0.351 mpix_s=7.298 ns_pixel=137.028 output_hash=c5f338cc75bc3d31
measurement encoder=rust profile=vp8-q75-alpha-lossless-fast file=lossless_vec_1_11.webp encodes=10 pixels=2560 output_bytes=1720 alpha_bytes=320 elapsed_ms=0.336 mpix_s=7.617 ns_pixel=131.282 output_hash=8b78bd0ab6056a81
measurement encoder=rust profile=vp8-q75-alpha-lossless-fast file=lossless_vec_1_12.webp encodes=10 pixels=2560 output_bytes=1720 alpha_bytes=320 elapsed_ms=0.337 mpix_s=7.607 ns_pixel=131.462 output_hash=1205e17192eee111
measurement encoder=rust profile=vp8-q75-alpha-lossless-fast file=lossless_vec_1_13.webp encodes=10 pixels=2560 output_bytes=1720 alpha_bytes=320 elapsed_ms=0.357 mpix_s=7.173 ns_pixel=139.420 output_hash=e8c41f60a35a6461
measurement encoder=rust profile=vp8-q75-alpha-lossless-fast file=lossless_vec_1_14.webp encodes=10 pixels=2560 output_bytes=1720 alpha_bytes=320 elapsed_ms=0.349 mpix_s=7.331 ns_pixel=136.409 output_hash=45d5ca454ecaa671
measurement encoder=rust profile=vp8-q75-alpha-lossless-fast file=lossless_vec_1_15.webp encodes=10 pixels=2560 output_bytes=1720 alpha_bytes=320 elapsed_ms=0.347 mpix_s=7.369 ns_pixel=135.710 output_hash=99ea20453b827ec1
measurement encoder=rust profile=vp8-q75-alpha-lossless-fast file=lossless_vec_1_2.webp encodes=10 pixels=2560 output_bytes=1720 alpha_bytes=320 elapsed_ms=0.348 mpix_s=7.354 ns_pixel=135.986 output_hash=7e46f6e9d94a5b51
measurement encoder=rust profile=vp8-q75-alpha-lossless-fast file=lossless_vec_1_3.webp encodes=10 pixels=2560 output_bytes=1720 alpha_bytes=320 elapsed_ms=0.341 mpix_s=7.499 ns_pixel=133.350 output_hash=bae2d2f2890c40a1
measurement encoder=rust profile=vp8-q75-alpha-lossless-fast file=lossless_vec_1_4.webp encodes=10 pixels=2560 output_bytes=1720 alpha_bytes=320 elapsed_ms=0.337 mpix_s=7.607 ns_pixel=131.461 output_hash=e27660ce611a19b1
measurement encoder=rust profile=vp8-q75-alpha-lossless-fast file=lossless_vec_1_5.webp encodes=10 pixels=2560 output_bytes=1720 alpha_bytes=320 elapsed_ms=0.345 mpix_s=7.422 ns_pixel=134.733 output_hash=e07d0a009818af01
measurement encoder=rust profile=vp8-q75-alpha-lossless-fast file=lossless_vec_1_6.webp encodes=10 pixels=2560 output_bytes=1720 alpha_bytes=320 elapsed_ms=0.346 mpix_s=7.406 ns_pixel=135.026 output_hash=abab5698bbb17991
measurement encoder=rust profile=vp8-q75-alpha-lossless-fast file=lossless_vec_1_7.webp encodes=10 pixels=2560 output_bytes=1720 alpha_bytes=320 elapsed_ms=0.364 mpix_s=7.036 ns_pixel=142.123 output_hash=b8239cfef7fd82e1
measurement encoder=rust profile=vp8-q75-alpha-lossless-fast file=lossless_vec_1_8.webp encodes=10 pixels=2560 output_bytes=1720 alpha_bytes=320 elapsed_ms=0.341 mpix_s=7.515 ns_pixel=133.073 output_hash=25ca50e56dd798f1
measurement encoder=rust profile=vp8-q75-alpha-lossless-fast file=lossless_vec_1_9.webp encodes=10 pixels=2560 output_bytes=1720 alpha_bytes=320 elapsed_ms=0.337 mpix_s=7.603 ns_pixel=131.527 output_hash=3fb273be20ea0741
measurement encoder=rust profile=vp8-q75-alpha-lossless-fast file=lossy_alpha1.webp encodes=10 pixels=3070000 output_bytes=225440 alpha_bytes=90770 elapsed_ms=189.250 mpix_s=16.222 ns_pixel=61.645 output_hash=660ab09c27beabc5
measurement encoder=rust profile=vp8-q75-alpha-lossless-fast file=lossy_alpha2.webp encodes=10 pixels=3070000 output_bytes=223040 alpha_bytes=85450 elapsed_ms=183.270 mpix_s=16.751 ns_pixel=59.697 output_hash=87f642c1d310a365
measurement encoder=rust profile=vp8-q75-alpha-lossless-fast file=lossy_alpha3.webp encodes=10 pixels=3070000 output_bytes=187100 alpha_bytes=59080 elapsed_ms=173.423 mpix_s=17.702 ns_pixel=56.490 output_hash=c65151b892839985
measurement encoder=rust profile=vp8-q75-alpha-lossless-fast file=lossy_alpha4.webp encodes=10 pixels=100000 output_bytes=47060 alpha_bytes=26830 elapsed_ms=14.929 mpix_s=6.699 ns_pixel=149.285 output_hash=35c7713a7b88a5c5
measurement encoder=rust profile=vp8-q75-alpha-lossless-fast file=one_color_no_palette.webp encodes=10 pixels=100000 output_bytes=1100 alpha_bytes=180 elapsed_ms=5.069 mpix_s=19.729 ns_pixel=50.686 output_hash=0897482b7d1a94c5
aggregate encoder=rust profile=vp8-q75-alpha-lossless-fast files=41 encodes=410 pixels=63836040 rgba_bytes=255344160 output_bytes=66189100 alpha_bytes=41186220 elapsed_ms=6917.185 mpix_s=9.229 ns_pixel=108.359 checksum=66222720 output_hash=0897482b7d1a94c5
measurement encoder=rust profile=alpha-only-lossless-fast file=alpha_color_cache.webp encodes=10 pixels=570360 alpha_bytes=18200 elapsed_ms=6.821 mpix_s=83.622 ns_pixel=11.959 output_hash=d01537bda6af4bf5
measurement encoder=rust profile=alpha-only-lossless-fast file=alpha_filter_0_method_0.webp encodes=10 pixels=163840 alpha_bytes=65280 elapsed_ms=3.368 mpix_s=48.642 ns_pixel=20.558 output_hash=d19eb0ae6d0e7845
measurement encoder=rust profile=alpha-only-lossless-fast file=alpha_filter_0_method_1.webp encodes=10 pixels=163840 alpha_bytes=65280 elapsed_ms=3.262 mpix_s=50.222 ns_pixel=19.911 output_hash=caa40b7992422815
measurement encoder=rust profile=alpha-only-lossless-fast file=alpha_filter_1.webp encodes=10 pixels=2560 alpha_bytes=320 elapsed_ms=0.116 mpix_s=22.045 ns_pixel=45.361 output_hash=eeb80a8272fe1c9d
measurement encoder=rust profile=alpha-only-lossless-fast file=alpha_filter_1_method_0.webp encodes=10 pixels=163840 alpha_bytes=65280 elapsed_ms=3.367 mpix_s=48.665 ns_pixel=20.549 output_hash=43733bb70e6479cd
measurement encoder=rust profile=alpha-only-lossless-fast file=alpha_filter_1_method_1.webp encodes=10 pixels=163840 alpha_bytes=65280 elapsed_ms=3.195 mpix_s=51.275 ns_pixel=19.503 output_hash=f8da1768d1e0837d
measurement encoder=rust profile=alpha-only-lossless-fast file=alpha_filter_2.webp encodes=10 pixels=2560 alpha_bytes=320 elapsed_ms=0.108 mpix_s=23.640 ns_pixel=42.301 output_hash=18ee98e4c093e685
measurement encoder=rust profile=alpha-only-lossless-fast file=alpha_filter_2_method_0.webp encodes=10 pixels=163840 alpha_bytes=65280 elapsed_ms=3.215 mpix_s=50.960 ns_pixel=19.623 output_hash=ed193e2ff9db9d55
measurement encoder=rust profile=alpha-only-lossless-fast file=alpha_filter_2_method_1.webp encodes=10 pixels=163840 alpha_bytes=65280 elapsed_ms=3.159 mpix_s=51.872 ns_pixel=19.278 output_hash=b2d6a1d7e6f07125
measurement encoder=rust profile=alpha-only-lossless-fast file=alpha_filter_3.webp encodes=10 pixels=2560 alpha_bytes=320 elapsed_ms=0.106 mpix_s=24.199 ns_pixel=41.325 output_hash=64891d8ff6c6132d
measurement encoder=rust profile=alpha-only-lossless-fast file=alpha_filter_3_method_0.webp encodes=10 pixels=163840 alpha_bytes=65280 elapsed_ms=3.207 mpix_s=51.082 ns_pixel=19.577 output_hash=57825fdae901a15d
measurement encoder=rust profile=alpha-only-lossless-fast file=alpha_filter_3_method_1.webp encodes=10 pixels=163840 alpha_bytes=65280 elapsed_ms=3.163 mpix_s=51.793 ns_pixel=19.308 output_hash=63739dc850cb0c8d
measurement encoder=rust profile=alpha-only-lossless-fast file=alpha_no_compression.webp encodes=10 pixels=2560 alpha_bytes=320 elapsed_ms=0.120 mpix_s=21.304 ns_pixel=46.940 output_hash=c2efca5d11eaedd5
measurement encoder=rust profile=alpha-only-lossless-fast file=big_endian_bug_393.webp encodes=10 pixels=655360 alpha_bytes=161870 elapsed_ms=10.593 mpix_s=61.868 ns_pixel=16.163 output_hash=71b7cd0ac2bb6af1
measurement encoder=rust profile=alpha-only-lossless-fast file=dual_transform.webp encodes=10 pixels=30000 alpha_bytes=1890 elapsed_ms=0.459 mpix_s=65.318 ns_pixel=15.310 output_hash=7be45fd5e366821b
measurement encoder=rust profile=alpha-only-lossless-fast file=lossless1.webp encodes=10 pixels=3070000 alpha_bytes=127700 elapsed_ms=38.186 mpix_s=80.396 ns_pixel=12.438 output_hash=3608f1df9bc72c77
measurement encoder=rust profile=alpha-only-lossless-fast file=lossless2.webp encodes=10 pixels=3070000 alpha_bytes=127700 elapsed_ms=37.731 mpix_s=81.364 ns_pixel=12.290 output_hash=8991ee57c371f023
measurement encoder=rust profile=alpha-only-lossless-fast file=lossless3.webp encodes=10 pixels=3070000 alpha_bytes=127700 elapsed_ms=37.801 mpix_s=81.214 ns_pixel=12.313 output_hash=f0618fe5ca7684bf
measurement encoder=rust profile=alpha-only-lossless-fast file=lossless4.webp encodes=10 pixels=655360 alpha_bytes=31610 elapsed_ms=7.891 mpix_s=83.054 ns_pixel=12.040 output_hash=c1776accff1e8629
measurement encoder=rust profile=alpha-only-lossless-fast file=lossless_big_random_alpha.webp encodes=10 pixels=41943040 alpha_bytes=39798600 elapsed_ms=634.709 mpix_s=66.082 ns_pixel=15.133 output_hash=503cb600d35d2129
measurement encoder=rust profile=alpha-only-lossless-fast file=lossless_vec_1_0.webp encodes=10 pixels=2560 alpha_bytes=320 elapsed_ms=0.128 mpix_s=19.980 ns_pixel=50.049 output_hash=6ad549834bec79c1
measurement encoder=rust profile=alpha-only-lossless-fast file=lossless_vec_1_1.webp encodes=10 pixels=2560 alpha_bytes=320 elapsed_ms=0.104 mpix_s=24.546 ns_pixel=40.739 output_hash=95bad2a4ef940499
measurement encoder=rust profile=alpha-only-lossless-fast file=lossless_vec_1_10.webp encodes=10 pixels=2560 alpha_bytes=320 elapsed_ms=0.104 mpix_s=24.655 ns_pixel=40.560 output_hash=6b33897ce0d14a71
measurement encoder=rust profile=alpha-only-lossless-fast file=lossless_vec_1_11.webp encodes=10 pixels=2560 alpha_bytes=320 elapsed_ms=0.104 mpix_s=24.507 ns_pixel=40.804 output_hash=e08b903d16e454c9
measurement encoder=rust profile=alpha-only-lossless-fast file=lossless_vec_1_12.webp encodes=10 pixels=2560 alpha_bytes=320 elapsed_ms=0.106 mpix_s=24.198 ns_pixel=41.325 output_hash=62f293a31c1febe1
measurement encoder=rust profile=alpha-only-lossless-fast file=lossless_vec_1_13.webp encodes=10 pixels=2560 alpha_bytes=320 elapsed_ms=0.107 mpix_s=23.953 ns_pixel=41.748 output_hash=20f01085c90bd1b9
measurement encoder=rust profile=alpha-only-lossless-fast file=lossless_vec_1_14.webp encodes=10 pixels=2560 alpha_bytes=320 elapsed_ms=0.105 mpix_s=24.323 ns_pixel=41.113 output_hash=bfae89cd4df42c11
measurement encoder=rust profile=alpha-only-lossless-fast file=lossless_vec_1_15.webp encodes=10 pixels=2560 alpha_bytes=320 elapsed_ms=0.114 mpix_s=22.547 ns_pixel=44.352 output_hash=1bb6d9b3177ac6e9
measurement encoder=rust profile=alpha-only-lossless-fast file=lossless_vec_1_2.webp encodes=10 pixels=2560 alpha_bytes=320 elapsed_ms=0.104 mpix_s=24.714 ns_pixel=40.463 output_hash=1ce795903043cb81
measurement encoder=rust profile=alpha-only-lossless-fast file=lossless_vec_1_3.webp encodes=10 pixels=2560 alpha_bytes=320 elapsed_ms=0.105 mpix_s=24.313 ns_pixel=41.130 output_hash=19fce6c88b9de759
measurement encoder=rust profile=alpha-only-lossless-fast file=lossless_vec_1_4.webp encodes=10 pixels=2560 alpha_bytes=320 elapsed_ms=0.105 mpix_s=24.275 ns_pixel=41.195 output_hash=e165399ef4929731
measurement encoder=rust profile=alpha-only-lossless-fast file=lossless_vec_1_5.webp encodes=10 pixels=2560 alpha_bytes=320 elapsed_ms=0.123 mpix_s=20.764 ns_pixel=48.161 output_hash=ce3ea5a318bb4289
measurement encoder=rust profile=alpha-only-lossless-fast file=lossless_vec_1_6.webp encodes=10 pixels=2560 alpha_bytes=320 elapsed_ms=0.117 mpix_s=21.810 ns_pixel=45.850 output_hash=cdf4028758fc7aa1
measurement encoder=rust profile=alpha-only-lossless-fast file=lossless_vec_1_7.webp encodes=10 pixels=2560 alpha_bytes=320 elapsed_ms=0.111 mpix_s=23.037 ns_pixel=43.408 output_hash=6c0ac9a925ba0479
measurement encoder=rust profile=alpha-only-lossless-fast file=lossless_vec_1_8.webp encodes=10 pixels=2560 alpha_bytes=320 elapsed_ms=0.105 mpix_s=24.265 ns_pixel=41.211 output_hash=f12937b9d46374d1
measurement encoder=rust profile=alpha-only-lossless-fast file=lossless_vec_1_9.webp encodes=10 pixels=2560 alpha_bytes=320 elapsed_ms=0.105 mpix_s=24.478 ns_pixel=40.853 output_hash=8e22a9e503f36ca9
measurement encoder=rust profile=alpha-only-lossless-fast file=lossy_alpha1.webp encodes=10 pixels=3070000 alpha_bytes=90770 elapsed_ms=31.704 mpix_s=96.833 ns_pixel=10.327 output_hash=89883c9addda6745
measurement encoder=rust profile=alpha-only-lossless-fast file=lossy_alpha2.webp encodes=10 pixels=3070000 alpha_bytes=85450 elapsed_ms=27.973 mpix_s=109.749 ns_pixel=9.112 output_hash=12a0749390ea9a69
measurement encoder=rust profile=alpha-only-lossless-fast file=lossy_alpha3.webp encodes=10 pixels=3070000 alpha_bytes=59080 elapsed_ms=20.800 mpix_s=147.598 ns_pixel=6.775 output_hash=de6793eb3d35bfc9
measurement encoder=rust profile=alpha-only-lossless-fast file=lossy_alpha4.webp encodes=10 pixels=100000 alpha_bytes=26830 elapsed_ms=4.853 mpix_s=20.604 ns_pixel=48.534 output_hash=9462f18580392e99
measurement encoder=rust profile=alpha-only-lossless-fast file=one_color_no_palette.webp encodes=10 pixels=100000 alpha_bytes=180 elapsed_ms=0.346 mpix_s=288.809 ns_pixel=3.462 output_hash=65291bd20992cb89
aggregate encoder=rust profile=alpha-only-lossless-fast files=41 encodes=410 pixels=63836040 alpha_input_bytes=63836040 alpha_bytes=41186220 elapsed_ms=888.003 mpix_s=71.887 ns_pixel=13.911 checksum=41186630 output_hash=65291bd20992cb89
