./REPORT.md: OK
./gate-summary.json: OK
./invalidated-runs/INVALIDATED_RUNS.md: OK
./provenance.txt: OK
./raw/corpus-manifest-102.tsv: OK
./raw/final-artifacts/binary-artifacts.tsv: OK
./raw/identity-306-final/identity-306.tsv: OK
./raw/identity-306-final/oracle-918.tsv: OK
./raw/identity-306-final/run.json: OK
./raw/phase-a-102/binary.sha256: OK
./raw/phase-a-102/phase-a.stderr: OK
./raw/phase-a-102/phase-a.tsv: OK
./raw/screen-41-materialized-cf-292c1d74/measurements/01-warmup-encode-compact-pipeline-control.stderr: OK
./raw/screen-41-materialized-cf-292c1d74/measurements/01-warmup-encode-compact-pipeline-control.tsv: OK
./raw/screen-41-materialized-cf-292c1d74/measurements/02-warmup-encode-compact-materialized-census-frequencies.stderr: OK
./raw/screen-41-materialized-cf-292c1d74/measurements/02-warmup-encode-compact-materialized-census-frequencies.tsv: OK
./raw/screen-41-materialized-cf-292c1d74/measurements/03-warmup-encode-low-latency-pipeline-control.stderr: OK
./raw/screen-41-materialized-cf-292c1d74/measurements/03-warmup-encode-low-latency-pipeline-control.tsv: OK
./raw/screen-41-materialized-cf-292c1d74/measurements/04-warmup-encode-low-latency-materialized-census-frequencies.stderr: OK
./raw/screen-41-materialized-cf-292c1d74/measurements/04-warmup-encode-low-latency-materialized-census-frequencies.tsv: OK
./raw/screen-41-materialized-cf-292c1d74/measurements/05-r1-encode-compact-pipeline-control.stderr: OK
./raw/screen-41-materialized-cf-292c1d74/measurements/05-r1-encode-compact-pipeline-control.tsv: OK
./raw/screen-41-materialized-cf-292c1d74/measurements/06-r1-encode-compact-materialized-census-frequencies.stderr: OK
./raw/screen-41-materialized-cf-292c1d74/measurements/06-r1-encode-compact-materialized-census-frequencies.tsv: OK
./raw/screen-41-materialized-cf-292c1d74/measurements/07-r1-encode-low-latency-pipeline-control.stderr: OK
./raw/screen-41-materialized-cf-292c1d74/measurements/07-r1-encode-low-latency-pipeline-control.tsv: OK
./raw/screen-41-materialized-cf-292c1d74/measurements/08-r1-encode-low-latency-materialized-census-frequencies.stderr: OK
./raw/screen-41-materialized-cf-292c1d74/measurements/08-r1-encode-low-latency-materialized-census-frequencies.tsv: OK
./raw/screen-41-materialized-cf-292c1d74/measurements/09-r2-encode-low-latency-materialized-census-frequencies.stderr: OK
./raw/screen-41-materialized-cf-292c1d74/measurements/09-r2-encode-low-latency-materialized-census-frequencies.tsv: OK
./raw/screen-41-materialized-cf-292c1d74/measurements/10-r2-encode-low-latency-pipeline-control.stderr: OK
./raw/screen-41-materialized-cf-292c1d74/measurements/10-r2-encode-low-latency-pipeline-control.tsv: OK
./raw/screen-41-materialized-cf-292c1d74/measurements/11-r2-encode-compact-materialized-census-frequencies.stderr: OK
./raw/screen-41-materialized-cf-292c1d74/measurements/11-r2-encode-compact-materialized-census-frequencies.tsv: OK
./raw/screen-41-materialized-cf-292c1d74/measurements/12-r2-encode-compact-pipeline-control.stderr: OK
./raw/screen-41-materialized-cf-292c1d74/measurements/12-r2-encode-compact-pipeline-control.tsv: OK
./raw/screen-41-materialized-cf-292c1d74/measurements/13-r3-encode-compact-pipeline-control.stderr: OK
./raw/screen-41-materialized-cf-292c1d74/measurements/13-r3-encode-compact-pipeline-control.tsv: OK
./raw/screen-41-materialized-cf-292c1d74/measurements/14-r3-encode-compact-materialized-census-frequencies.stderr: OK
./raw/screen-41-materialized-cf-292c1d74/measurements/14-r3-encode-compact-materialized-census-frequencies.tsv: OK
./raw/screen-41-materialized-cf-292c1d74/measurements/15-r3-encode-low-latency-pipeline-control.stderr: OK
./raw/screen-41-materialized-cf-292c1d74/measurements/15-r3-encode-low-latency-pipeline-control.tsv: OK
./raw/screen-41-materialized-cf-292c1d74/measurements/16-r3-encode-low-latency-materialized-census-frequencies.stderr: OK
./raw/screen-41-materialized-cf-292c1d74/measurements/16-r3-encode-low-latency-materialized-census-frequencies.tsv: OK
./raw/screen-41-materialized-cf-292c1d74/processes.jsonl: OK
./raw/screen-41-materialized-cf-292c1d74/run.json: OK
./raw/screen-41-variants-815df546/measurements/01-warmup-encode-compact-pipeline-control.stderr: OK
./raw/screen-41-variants-815df546/measurements/01-warmup-encode-compact-pipeline-control.tsv: OK
./raw/screen-41-variants-815df546/measurements/02-warmup-encode-compact-streaming.stderr: OK
./raw/screen-41-variants-815df546/measurements/02-warmup-encode-compact-streaming.tsv: OK
./raw/screen-41-variants-815df546/measurements/03-warmup-encode-compact-streaming-census.stderr: OK
./raw/screen-41-variants-815df546/measurements/03-warmup-encode-compact-streaming-census.tsv: OK
./raw/screen-41-variants-815df546/measurements/04-warmup-encode-compact-streaming-census-frequencies.stderr: OK
./raw/screen-41-variants-815df546/measurements/04-warmup-encode-compact-streaming-census-frequencies.tsv: OK
./raw/screen-41-variants-815df546/measurements/05-warmup-encode-low-latency-pipeline-control.stderr: OK
./raw/screen-41-variants-815df546/measurements/05-warmup-encode-low-latency-pipeline-control.tsv: OK
./raw/screen-41-variants-815df546/measurements/06-warmup-encode-low-latency-streaming.stderr: OK
./raw/screen-41-variants-815df546/measurements/06-warmup-encode-low-latency-streaming.tsv: OK
./raw/screen-41-variants-815df546/measurements/07-warmup-encode-low-latency-streaming-census.stderr: OK
./raw/screen-41-variants-815df546/measurements/07-warmup-encode-low-latency-streaming-census.tsv: OK
./raw/screen-41-variants-815df546/measurements/08-warmup-encode-low-latency-streaming-census-frequencies.stderr: OK
./raw/screen-41-variants-815df546/measurements/08-warmup-encode-low-latency-streaming-census-frequencies.tsv: OK
./raw/screen-41-variants-815df546/measurements/09-r1-encode-compact-pipeline-control.stderr: OK
./raw/screen-41-variants-815df546/measurements/09-r1-encode-compact-pipeline-control.tsv: OK
./raw/screen-41-variants-815df546/measurements/10-r1-encode-compact-streaming.stderr: OK
./raw/screen-41-variants-815df546/measurements/10-r1-encode-compact-streaming.tsv: OK
./raw/screen-41-variants-815df546/measurements/11-r1-encode-compact-streaming-census.stderr: OK
./raw/screen-41-variants-815df546/measurements/11-r1-encode-compact-streaming-census.tsv: OK
./raw/screen-41-variants-815df546/measurements/12-r1-encode-compact-streaming-census-frequencies.stderr: OK
./raw/screen-41-variants-815df546/measurements/12-r1-encode-compact-streaming-census-frequencies.tsv: OK
./raw/screen-41-variants-815df546/measurements/13-r1-encode-low-latency-pipeline-control.stderr: OK
./raw/screen-41-variants-815df546/measurements/13-r1-encode-low-latency-pipeline-control.tsv: OK
./raw/screen-41-variants-815df546/measurements/14-r1-encode-low-latency-streaming.stderr: OK
./raw/screen-41-variants-815df546/measurements/14-r1-encode-low-latency-streaming.tsv: OK
./raw/screen-41-variants-815df546/measurements/15-r1-encode-low-latency-streaming-census.stderr: OK
./raw/screen-41-variants-815df546/measurements/15-r1-encode-low-latency-streaming-census.tsv: OK
./raw/screen-41-variants-815df546/measurements/16-r1-encode-low-latency-streaming-census-frequencies.stderr: OK
./raw/screen-41-variants-815df546/measurements/16-r1-encode-low-latency-streaming-census-frequencies.tsv: OK
./raw/screen-41-variants-815df546/measurements/17-r2-encode-low-latency-streaming-census-frequencies.stderr: OK
./raw/screen-41-variants-815df546/measurements/17-r2-encode-low-latency-streaming-census-frequencies.tsv: OK
./raw/screen-41-variants-815df546/measurements/18-r2-encode-low-latency-streaming-census.stderr: OK
./raw/screen-41-variants-815df546/measurements/18-r2-encode-low-latency-streaming-census.tsv: OK
./raw/screen-41-variants-815df546/measurements/19-r2-encode-low-latency-streaming.stderr: OK
./raw/screen-41-variants-815df546/measurements/19-r2-encode-low-latency-streaming.tsv: OK
./raw/screen-41-variants-815df546/measurements/20-r2-encode-low-latency-pipeline-control.stderr: OK
./raw/screen-41-variants-815df546/measurements/20-r2-encode-low-latency-pipeline-control.tsv: OK
./raw/screen-41-variants-815df546/measurements/21-r2-encode-compact-streaming-census-frequencies.stderr: OK
./raw/screen-41-variants-815df546/measurements/21-r2-encode-compact-streaming-census-frequencies.tsv: OK
./raw/screen-41-variants-815df546/measurements/22-r2-encode-compact-streaming-census.stderr: OK
./raw/screen-41-variants-815df546/measurements/22-r2-encode-compact-streaming-census.tsv: OK
./raw/screen-41-variants-815df546/measurements/23-r2-encode-compact-streaming.stderr: OK
./raw/screen-41-variants-815df546/measurements/23-r2-encode-compact-streaming.tsv: OK
./raw/screen-41-variants-815df546/measurements/24-r2-encode-compact-pipeline-control.stderr: OK
./raw/screen-41-variants-815df546/measurements/24-r2-encode-compact-pipeline-control.tsv: OK
./raw/screen-41-variants-815df546/measurements/25-r3-encode-compact-pipeline-control.stderr: OK
./raw/screen-41-variants-815df546/measurements/25-r3-encode-compact-pipeline-control.tsv: OK
./raw/screen-41-variants-815df546/measurements/26-r3-encode-compact-streaming.stderr: OK
./raw/screen-41-variants-815df546/measurements/26-r3-encode-compact-streaming.tsv: OK
./raw/screen-41-variants-815df546/measurements/27-r3-encode-compact-streaming-census.stderr: OK
./raw/screen-41-variants-815df546/measurements/27-r3-encode-compact-streaming-census.tsv: OK
./raw/screen-41-variants-815df546/measurements/28-r3-encode-compact-streaming-census-frequencies.stderr: OK
./raw/screen-41-variants-815df546/measurements/28-r3-encode-compact-streaming-census-frequencies.tsv: OK
./raw/screen-41-variants-815df546/measurements/29-r3-encode-low-latency-pipeline-control.stderr: OK
./raw/screen-41-variants-815df546/measurements/29-r3-encode-low-latency-pipeline-control.tsv: OK
./raw/screen-41-variants-815df546/measurements/30-r3-encode-low-latency-streaming.stderr: OK
./raw/screen-41-variants-815df546/measurements/30-r3-encode-low-latency-streaming.tsv: OK
./raw/screen-41-variants-815df546/measurements/31-r3-encode-low-latency-streaming-census.stderr: OK
./raw/screen-41-variants-815df546/measurements/31-r3-encode-low-latency-streaming-census.tsv: OK
./raw/screen-41-variants-815df546/measurements/32-r3-encode-low-latency-streaming-census-frequencies.stderr: OK
./raw/screen-41-variants-815df546/measurements/32-r3-encode-low-latency-streaming-census-frequencies.tsv: OK
./raw/screen-41-variants-815df546/processes.jsonl: OK
./raw/screen-41-variants-815df546/run.json: OK
./raw/screen-41-variants-f5e5bee5/measurements/01-warmup-encode-compact-pipeline-control.stderr: OK
./raw/screen-41-variants-f5e5bee5/measurements/01-warmup-encode-compact-pipeline-control.tsv: OK
./raw/screen-41-variants-f5e5bee5/measurements/02-warmup-encode-compact-streaming.stderr: OK
./raw/screen-41-variants-f5e5bee5/measurements/02-warmup-encode-compact-streaming.tsv: OK
./raw/screen-41-variants-f5e5bee5/measurements/03-warmup-encode-compact-streaming-census.stderr: OK
./raw/screen-41-variants-f5e5bee5/measurements/03-warmup-encode-compact-streaming-census.tsv: OK
./raw/screen-41-variants-f5e5bee5/measurements/04-warmup-encode-compact-streaming-census-frequencies.stderr: OK
./raw/screen-41-variants-f5e5bee5/measurements/04-warmup-encode-compact-streaming-census-frequencies.tsv: OK
./raw/screen-41-variants-f5e5bee5/measurements/05-warmup-encode-low-latency-pipeline-control.stderr: OK
./raw/screen-41-variants-f5e5bee5/measurements/05-warmup-encode-low-latency-pipeline-control.tsv: OK
./raw/screen-41-variants-f5e5bee5/measurements/06-warmup-encode-low-latency-streaming.stderr: OK
./raw/screen-41-variants-f5e5bee5/measurements/06-warmup-encode-low-latency-streaming.tsv: OK
./raw/screen-41-variants-f5e5bee5/measurements/07-warmup-encode-low-latency-streaming-census.stderr: OK
./raw/screen-41-variants-f5e5bee5/measurements/07-warmup-encode-low-latency-streaming-census.tsv: OK
./raw/screen-41-variants-f5e5bee5/measurements/08-warmup-encode-low-latency-streaming-census-frequencies.stderr: OK
./raw/screen-41-variants-f5e5bee5/measurements/08-warmup-encode-low-latency-streaming-census-frequencies.tsv: OK
./raw/screen-41-variants-f5e5bee5/measurements/09-r1-encode-compact-pipeline-control.stderr: OK
./raw/screen-41-variants-f5e5bee5/measurements/09-r1-encode-compact-pipeline-control.tsv: OK
./raw/screen-41-variants-f5e5bee5/measurements/10-r1-encode-compact-streaming.stderr: OK
./raw/screen-41-variants-f5e5bee5/measurements/10-r1-encode-compact-streaming.tsv: OK
./raw/screen-41-variants-f5e5bee5/measurements/11-r1-encode-compact-streaming-census.stderr: OK
./raw/screen-41-variants-f5e5bee5/measurements/11-r1-encode-compact-streaming-census.tsv: OK
./raw/screen-41-variants-f5e5bee5/measurements/12-r1-encode-compact-streaming-census-frequencies.stderr: OK
./raw/screen-41-variants-f5e5bee5/measurements/12-r1-encode-compact-streaming-census-frequencies.tsv: OK
./raw/screen-41-variants-f5e5bee5/measurements/13-r1-encode-low-latency-pipeline-control.stderr: OK
./raw/screen-41-variants-f5e5bee5/measurements/13-r1-encode-low-latency-pipeline-control.tsv: OK
./raw/screen-41-variants-f5e5bee5/measurements/14-r1-encode-low-latency-streaming.stderr: OK
./raw/screen-41-variants-f5e5bee5/measurements/14-r1-encode-low-latency-streaming.tsv: OK
./raw/screen-41-variants-f5e5bee5/measurements/15-r1-encode-low-latency-streaming-census.stderr: OK
./raw/screen-41-variants-f5e5bee5/measurements/15-r1-encode-low-latency-streaming-census.tsv: OK
./raw/screen-41-variants-f5e5bee5/measurements/16-r1-encode-low-latency-streaming-census-frequencies.stderr: OK
./raw/screen-41-variants-f5e5bee5/measurements/16-r1-encode-low-latency-streaming-census-frequencies.tsv: OK
./raw/screen-41-variants-f5e5bee5/measurements/17-r2-encode-low-latency-streaming-census-frequencies.stderr: OK
./raw/screen-41-variants-f5e5bee5/measurements/17-r2-encode-low-latency-streaming-census-frequencies.tsv: OK
./raw/screen-41-variants-f5e5bee5/measurements/18-r2-encode-low-latency-streaming-census.stderr: OK
./raw/screen-41-variants-f5e5bee5/measurements/18-r2-encode-low-latency-streaming-census.tsv: OK
./raw/screen-41-variants-f5e5bee5/measurements/19-r2-encode-low-latency-streaming.stderr: OK
./raw/screen-41-variants-f5e5bee5/measurements/19-r2-encode-low-latency-streaming.tsv: OK
./raw/screen-41-variants-f5e5bee5/measurements/20-r2-encode-low-latency-pipeline-control.stderr: OK
./raw/screen-41-variants-f5e5bee5/measurements/20-r2-encode-low-latency-pipeline-control.tsv: OK
./raw/screen-41-variants-f5e5bee5/measurements/21-r2-encode-compact-streaming-census-frequencies.stderr: OK
./raw/screen-41-variants-f5e5bee5/measurements/21-r2-encode-compact-streaming-census-frequencies.tsv: OK
./raw/screen-41-variants-f5e5bee5/measurements/22-r2-encode-compact-streaming-census.stderr: OK
./raw/screen-41-variants-f5e5bee5/measurements/22-r2-encode-compact-streaming-census.tsv: OK
./raw/screen-41-variants-f5e5bee5/measurements/23-r2-encode-compact-streaming.stderr: OK
./raw/screen-41-variants-f5e5bee5/measurements/23-r2-encode-compact-streaming.tsv: OK
./raw/screen-41-variants-f5e5bee5/measurements/24-r2-encode-compact-pipeline-control.stderr: OK
./raw/screen-41-variants-f5e5bee5/measurements/24-r2-encode-compact-pipeline-control.tsv: OK
./raw/screen-41-variants-f5e5bee5/measurements/25-r3-encode-compact-pipeline-control.stderr: OK
./raw/screen-41-variants-f5e5bee5/measurements/25-r3-encode-compact-pipeline-control.tsv: OK
./raw/screen-41-variants-f5e5bee5/measurements/26-r3-encode-compact-streaming.stderr: OK
./raw/screen-41-variants-f5e5bee5/measurements/26-r3-encode-compact-streaming.tsv: OK
./raw/screen-41-variants-f5e5bee5/measurements/27-r3-encode-compact-streaming-census.stderr: OK
./raw/screen-41-variants-f5e5bee5/measurements/27-r3-encode-compact-streaming-census.tsv: OK
./raw/screen-41-variants-f5e5bee5/measurements/28-r3-encode-compact-streaming-census-frequencies.stderr: OK
./raw/screen-41-variants-f5e5bee5/measurements/28-r3-encode-compact-streaming-census-frequencies.tsv: OK
./raw/screen-41-variants-f5e5bee5/measurements/29-r3-encode-low-latency-pipeline-control.stderr: OK
./raw/screen-41-variants-f5e5bee5/measurements/29-r3-encode-low-latency-pipeline-control.tsv: OK
./raw/screen-41-variants-f5e5bee5/measurements/30-r3-encode-low-latency-streaming.stderr: OK
./raw/screen-41-variants-f5e5bee5/measurements/30-r3-encode-low-latency-streaming.tsv: OK
./raw/screen-41-variants-f5e5bee5/measurements/31-r3-encode-low-latency-streaming-census.stderr: OK
./raw/screen-41-variants-f5e5bee5/measurements/31-r3-encode-low-latency-streaming-census.tsv: OK
./raw/screen-41-variants-f5e5bee5/measurements/32-r3-encode-low-latency-streaming-census-frequencies.stderr: OK
./raw/screen-41-variants-f5e5bee5/measurements/32-r3-encode-low-latency-streaming-census-frequencies.tsv: OK
./raw/screen-41-variants-f5e5bee5/processes.jsonl: OK
./raw/screen-41-variants-f5e5bee5/run.json: OK
./raw/screen-manifest-41.tsv: OK
./raw/validation-final/build-release.log: OK
./raw/validation-final/clippy.log: OK
./raw/validation-final/doctest.log: OK
./raw/validation-final/fmt.log: OK
./raw/validation-final/rustdoc.log: OK
./raw/validation-final/test-release.log: OK
./raw/validation-final/test-workspace.log: OK
./raw/validation-final/toolchain.txt: OK
./raw/validation-final/validation.tsv: OK
./reproduce.sh: OK
./summarize.py: OK
./verify_identity.py: OK
