benchmark=alpha-encode-v3 iterations=10 files=41
metadata repo_commit=77842c1c2021cc76a58ce283c4fa42604cab4048 libwebp_commit=733c91e461c18cf1127c9ed0a80dccbcfed599d3
metadata os=Darwin_25.4.0_arm64
metadata rustc=rustc_1.97.1_(8bab26f4f_2026-07-14)
metadata cc=Apple_clang_version_21.0.0_(clang-2100.1.1.101)
    Finished `release` profile [optimized] target(s) in 0.04s
     Running `webp-rs/target/release/examples/alpha_encode_bench 10 /Users/lance/Desktop/webp/third_party/corpus/libwebp-test-data/alpha_color_cache.webp /Users/lance/Desktop/webp/third_party/corpus/libwebp-test-data/alpha_filter_0_method_0.webp /Users/lance/Desktop/webp/third_party/corpus/libwebp-test-data/alpha_filter_0_method_1.webp /Users/lance/Desktop/webp/third_party/corpus/libwebp-test-data/alpha_filter_1.webp /Users/lance/Desktop/webp/third_party/corpus/libwebp-test-data/alpha_filter_1_method_0.webp /Users/lance/Desktop/webp/third_party/corpus/libwebp-test-data/alpha_filter_1_method_1.webp /Users/lance/Desktop/webp/third_party/corpus/libwebp-test-data/alpha_filter_2.webp /Users/lance/Desktop/webp/third_party/corpus/libwebp-test-data/alpha_filter_2_method_0.webp /Users/lance/Desktop/webp/third_party/corpus/libwebp-test-data/alpha_filter_2_method_1.webp /Users/lance/Desktop/webp/third_party/corpus/libwebp-test-data/alpha_filter_3.webp /Users/lance/Desktop/webp/third_party/corpus/libwebp-test-data/alpha_filter_3_method_0.webp /Users/lance/Desktop/webp/third_party/corpus/libwebp-test-data/alpha_filter_3_method_1.webp /Users/lance/Desktop/webp/third_party/corpus/libwebp-test-data/alpha_no_compression.webp /Users/lance/Desktop/webp/third_party/corpus/libwebp-test-data/big_endian_bug_393.webp /Users/lance/Desktop/webp/third_party/corpus/libwebp-test-data/dual_transform.webp /Users/lance/Desktop/webp/third_party/corpus/libwebp-test-data/lossless1.webp /Users/lance/Desktop/webp/third_party/corpus/libwebp-test-data/lossless2.webp /Users/lance/Desktop/webp/third_party/corpus/libwebp-test-data/lossless3.webp /Users/lance/Desktop/webp/third_party/corpus/libwebp-test-data/lossless4.webp /Users/lance/Desktop/webp/third_party/corpus/libwebp-test-data/lossless_big_random_alpha.webp /Users/lance/Desktop/webp/third_party/corpus/libwebp-test-data/lossless_vec_1_0.webp /Users/lance/Desktop/webp/third_party/corpus/libwebp-test-data/lossless_vec_1_1.webp /Users/lance/Desktop/webp/third_party/corpus/libwebp-test-data/lossless_vec_1_10.webp /Users/lance/Desktop/webp/third_party/corpus/libwebp-test-data/lossless_vec_1_11.webp /Users/lance/Desktop/webp/third_party/corpus/libwebp-test-data/lossless_vec_1_12.webp /Users/lance/Desktop/webp/third_party/corpus/libwebp-test-data/lossless_vec_1_13.webp /Users/lance/Desktop/webp/third_party/corpus/libwebp-test-data/lossless_vec_1_14.webp /Users/lance/Desktop/webp/third_party/corpus/libwebp-test-data/lossless_vec_1_15.webp /Users/lance/Desktop/webp/third_party/corpus/libwebp-test-data/lossless_vec_1_2.webp /Users/lance/Desktop/webp/third_party/corpus/libwebp-test-data/lossless_vec_1_3.webp /Users/lance/Desktop/webp/third_party/corpus/libwebp-test-data/lossless_vec_1_4.webp /Users/lance/Desktop/webp/third_party/corpus/libwebp-test-data/lossless_vec_1_5.webp /Users/lance/Desktop/webp/third_party/corpus/libwebp-test-data/lossless_vec_1_6.webp /Users/lance/Desktop/webp/third_party/corpus/libwebp-test-data/lossless_vec_1_7.webp /Users/lance/Desktop/webp/third_party/corpus/libwebp-test-data/lossless_vec_1_8.webp /Users/lance/Desktop/webp/third_party/corpus/libwebp-test-data/lossless_vec_1_9.webp /Users/lance/Desktop/webp/third_party/corpus/libwebp-test-data/lossy_alpha1.webp /Users/lance/Desktop/webp/third_party/corpus/libwebp-test-data/lossy_alpha2.webp /Users/lance/Desktop/webp/third_party/corpus/libwebp-test-data/lossy_alpha3.webp /Users/lance/Desktop/webp/third_party/corpus/libwebp-test-data/lossy_alpha4.webp /Users/lance/Desktop/webp/third_party/corpus/libwebp-test-data/one_color_no_palette.webp`
case encoder=rust file=alpha_color_cache.webp width=588 height=97 pixels=57036 distinct_alpha=91 transparent_pixels=18622 translucent_pixels=1307 alpha_compression=1 alpha_filter=0 output_bytes=2006 alpha_bytes=1820 alpha_bpp=0.255277 alpha_raw_ratio=0.031910
case encoder=rust file=alpha_filter_0_method_0.webp width=128 height=128 pixels=16384 distinct_alpha=16 transparent_pixels=0 translucent_pixels=16384 alpha_compression=1 alpha_filter=0 output_bytes=11340 alpha_bytes=6528 alpha_bpp=3.187500 alpha_raw_ratio=0.398438
case encoder=rust file=alpha_filter_0_method_1.webp width=128 height=128 pixels=16384 distinct_alpha=16 transparent_pixels=0 translucent_pixels=16384 alpha_compression=1 alpha_filter=0 output_bytes=11340 alpha_bytes=6528 alpha_bpp=3.187500 alpha_raw_ratio=0.398438
case encoder=rust file=alpha_filter_1.webp width=16 height=16 pixels=256 distinct_alpha=2 transparent_pixels=0 translucent_pixels=128 alpha_compression=1 alpha_filter=0 output_bytes=118 alpha_bytes=32 alpha_bpp=1.000000 alpha_raw_ratio=0.125000
case encoder=rust file=alpha_filter_1_method_0.webp width=128 height=128 pixels=16384 distinct_alpha=16 transparent_pixels=0 translucent_pixels=16384 alpha_compression=1 alpha_filter=0 output_bytes=11340 alpha_bytes=6528 alpha_bpp=3.187500 alpha_raw_ratio=0.398438
case encoder=rust file=alpha_filter_1_method_1.webp width=128 height=128 pixels=16384 distinct_alpha=16 transparent_pixels=0 translucent_pixels=16384 alpha_compression=1 alpha_filter=0 output_bytes=11340 alpha_bytes=6528 alpha_bpp=3.187500 alpha_raw_ratio=0.398438
case encoder=rust file=alpha_filter_2.webp width=16 height=16 pixels=256 distinct_alpha=2 transparent_pixels=0 translucent_pixels=128 alpha_compression=1 alpha_filter=0 output_bytes=118 alpha_bytes=32 alpha_bpp=1.000000 alpha_raw_ratio=0.125000
case encoder=rust file=alpha_filter_2_method_0.webp width=128 height=128 pixels=16384 distinct_alpha=16 transparent_pixels=0 translucent_pixels=16384 alpha_compression=1 alpha_filter=0 output_bytes=11340 alpha_bytes=6528 alpha_bpp=3.187500 alpha_raw_ratio=0.398438
case encoder=rust file=alpha_filter_2_method_1.webp width=128 height=128 pixels=16384 distinct_alpha=16 transparent_pixels=0 translucent_pixels=16384 alpha_compression=1 alpha_filter=0 output_bytes=11340 alpha_bytes=6528 alpha_bpp=3.187500 alpha_raw_ratio=0.398438
case encoder=rust file=alpha_filter_3.webp width=16 height=16 pixels=256 distinct_alpha=2 transparent_pixels=0 translucent_pixels=128 alpha_compression=1 alpha_filter=0 output_bytes=118 alpha_bytes=32 alpha_bpp=1.000000 alpha_raw_ratio=0.125000
case encoder=rust file=alpha_filter_3_method_0.webp width=128 height=128 pixels=16384 distinct_alpha=16 transparent_pixels=0 translucent_pixels=16384 alpha_compression=1 alpha_filter=0 output_bytes=11340 alpha_bytes=6528 alpha_bpp=3.187500 alpha_raw_ratio=0.398438
case encoder=rust file=alpha_filter_3_method_1.webp width=128 height=128 pixels=16384 distinct_alpha=16 transparent_pixels=0 translucent_pixels=16384 alpha_compression=1 alpha_filter=0 output_bytes=11340 alpha_bytes=6528 alpha_bpp=3.187500 alpha_raw_ratio=0.398438
case encoder=rust file=alpha_no_compression.webp width=16 height=16 pixels=256 distinct_alpha=2 transparent_pixels=0 translucent_pixels=128 alpha_compression=1 alpha_filter=0 output_bytes=118 alpha_bytes=32 alpha_bpp=1.000000 alpha_raw_ratio=0.125000
case encoder=rust file=big_endian_bug_393.webp width=256 height=256 pixels=65536 distinct_alpha=256 transparent_pixels=294 translucent_pixels=64980 alpha_compression=1 alpha_filter=0 output_bytes=16380 alpha_bytes=16187 alpha_bpp=1.975952 alpha_raw_ratio=0.246994
case encoder=rust file=dual_transform.webp width=100 height=30 pixels=3000 distinct_alpha=2 transparent_pixels=2269 translucent_pixels=0 alpha_compression=1 alpha_filter=0 output_bytes=268 alpha_bytes=189 alpha_bpp=0.504000 alpha_raw_ratio=0.063000
case encoder=rust file=lossless1.webp width=1000 height=307 pixels=307000 distinct_alpha=256 transparent_pixels=211284 translucent_pixels=5769 alpha_compression=1 alpha_filter=0 output_bytes=25330 alpha_bytes=12770 alpha_bpp=0.332769 alpha_raw_ratio=0.041596
case encoder=rust file=lossless2.webp width=1000 height=307 pixels=307000 distinct_alpha=256 transparent_pixels=211284 translucent_pixels=5769 alpha_compression=1 alpha_filter=0 output_bytes=25330 alpha_bytes=12770 alpha_bpp=0.332769 alpha_raw_ratio=0.041596
case encoder=rust file=lossless3.webp width=1000 height=307 pixels=307000 distinct_alpha=256 transparent_pixels=211284 translucent_pixels=5769 alpha_compression=1 alpha_filter=0 output_bytes=25330 alpha_bytes=12770 alpha_bpp=0.332769 alpha_raw_ratio=0.041596
case encoder=rust file=lossless4.webp width=256 height=256 pixels=65536 distinct_alpha=15 transparent_pixels=56361 translucent_pixels=8771 alpha_compression=1 alpha_filter=0 output_bytes=8508 alpha_bytes=3161 alpha_bpp=0.385864 alpha_raw_ratio=0.048233
case encoder=rust file=lossless_big_random_alpha.webp width=2048 height=2048 pixels=4194304 distinct_alpha=256 transparent_pixels=237642 translucent_pixels=3550512 alpha_compression=1 alpha_filter=0 output_bytes=6353440 alpha_bytes=3979860 alpha_bpp=7.590981 alpha_raw_ratio=0.948873
case encoder=rust file=lossless_vec_1_0.webp width=16 height=16 pixels=256 distinct_alpha=2 transparent_pixels=0 translucent_pixels=128 alpha_compression=1 alpha_filter=0 output_bytes=172 alpha_bytes=32 alpha_bpp=1.000000 alpha_raw_ratio=0.125000
case encoder=rust file=lossless_vec_1_1.webp width=16 height=16 pixels=256 distinct_alpha=2 transparent_pixels=0 translucent_pixels=128 alpha_compression=1 alpha_filter=0 output_bytes=172 alpha_bytes=32 alpha_bpp=1.000000 alpha_raw_ratio=0.125000
case encoder=rust file=lossless_vec_1_10.webp width=16 height=16 pixels=256 distinct_alpha=2 transparent_pixels=0 translucent_pixels=128 alpha_compression=1 alpha_filter=0 output_bytes=172 alpha_bytes=32 alpha_bpp=1.000000 alpha_raw_ratio=0.125000
case encoder=rust file=lossless_vec_1_11.webp width=16 height=16 pixels=256 distinct_alpha=2 transparent_pixels=0 translucent_pixels=128 alpha_compression=1 alpha_filter=0 output_bytes=172 alpha_bytes=32 alpha_bpp=1.000000 alpha_raw_ratio=0.125000
case encoder=rust file=lossless_vec_1_12.webp width=16 height=16 pixels=256 distinct_alpha=2 transparent_pixels=0 translucent_pixels=128 alpha_compression=1 alpha_filter=0 output_bytes=172 alpha_bytes=32 alpha_bpp=1.000000 alpha_raw_ratio=0.125000
case encoder=rust file=lossless_vec_1_13.webp width=16 height=16 pixels=256 distinct_alpha=2 transparent_pixels=0 translucent_pixels=128 alpha_compression=1 alpha_filter=0 output_bytes=172 alpha_bytes=32 alpha_bpp=1.000000 alpha_raw_ratio=0.125000
case encoder=rust file=lossless_vec_1_14.webp width=16 height=16 pixels=256 distinct_alpha=2 transparent_pixels=0 translucent_pixels=128 alpha_compression=1 alpha_filter=0 output_bytes=172 alpha_bytes=32 alpha_bpp=1.000000 alpha_raw_ratio=0.125000
case encoder=rust file=lossless_vec_1_15.webp width=16 height=16 pixels=256 distinct_alpha=2 transparent_pixels=0 translucent_pixels=128 alpha_compression=1 alpha_filter=0 output_bytes=172 alpha_bytes=32 alpha_bpp=1.000000 alpha_raw_ratio=0.125000
case encoder=rust file=lossless_vec_1_2.webp width=16 height=16 pixels=256 distinct_alpha=2 transparent_pixels=0 translucent_pixels=128 alpha_compression=1 alpha_filter=0 output_bytes=172 alpha_bytes=32 alpha_bpp=1.000000 alpha_raw_ratio=0.125000
case encoder=rust file=lossless_vec_1_3.webp width=16 height=16 pixels=256 distinct_alpha=2 transparent_pixels=0 translucent_pixels=128 alpha_compression=1 alpha_filter=0 output_bytes=172 alpha_bytes=32 alpha_bpp=1.000000 alpha_raw_ratio=0.125000
case encoder=rust file=lossless_vec_1_4.webp width=16 height=16 pixels=256 distinct_alpha=2 transparent_pixels=0 translucent_pixels=128 alpha_compression=1 alpha_filter=0 output_bytes=172 alpha_bytes=32 alpha_bpp=1.000000 alpha_raw_ratio=0.125000
case encoder=rust file=lossless_vec_1_5.webp width=16 height=16 pixels=256 distinct_alpha=2 transparent_pixels=0 translucent_pixels=128 alpha_compression=1 alpha_filter=0 output_bytes=172 alpha_bytes=32 alpha_bpp=1.000000 alpha_raw_ratio=0.125000
case encoder=rust file=lossless_vec_1_6.webp width=16 height=16 pixels=256 distinct_alpha=2 transparent_pixels=0 translucent_pixels=128 alpha_compression=1 alpha_filter=0 output_bytes=172 alpha_bytes=32 alpha_bpp=1.000000 alpha_raw_ratio=0.125000
case encoder=rust file=lossless_vec_1_7.webp width=16 height=16 pixels=256 distinct_alpha=2 transparent_pixels=0 translucent_pixels=128 alpha_compression=1 alpha_filter=0 output_bytes=172 alpha_bytes=32 alpha_bpp=1.000000 alpha_raw_ratio=0.125000
case encoder=rust file=lossless_vec_1_8.webp width=16 height=16 pixels=256 distinct_alpha=2 transparent_pixels=0 translucent_pixels=128 alpha_compression=1 alpha_filter=0 output_bytes=172 alpha_bytes=32 alpha_bpp=1.000000 alpha_raw_ratio=0.125000
case encoder=rust file=lossless_vec_1_9.webp width=16 height=16 pixels=256 distinct_alpha=2 transparent_pixels=0 translucent_pixels=128 alpha_compression=1 alpha_filter=0 output_bytes=172 alpha_bytes=32 alpha_bpp=1.000000 alpha_raw_ratio=0.125000
case encoder=rust file=lossy_alpha1.webp width=1000 height=307 pixels=307000 distinct_alpha=15 transparent_pixels=211672 translucent_pixels=4877 alpha_compression=1 alpha_filter=0 output_bytes=22544 alpha_bytes=9077 alpha_bpp=0.236534 alpha_raw_ratio=0.029567
case encoder=rust file=lossy_alpha2.webp width=1000 height=307 pixels=307000 distinct_alpha=10 transparent_pixels=211790 translucent_pixels=4639 alpha_compression=1 alpha_filter=0 output_bytes=22304 alpha_bytes=8545 alpha_bpp=0.222671 alpha_raw_ratio=0.027834
case encoder=rust file=lossy_alpha3.webp width=1000 height=307 pixels=307000 distinct_alpha=3 transparent_pixels=212731 translucent_pixels=2557 alpha_compression=1 alpha_filter=0 output_bytes=18710 alpha_bytes=5908 alpha_bpp=0.153954 alpha_raw_ratio=0.019244
case encoder=rust file=lossy_alpha4.webp width=100 height=100 pixels=10000 distinct_alpha=64 transparent_pixels=2584 translucent_pixels=4367 alpha_compression=1 alpha_filter=0 output_bytes=4706 alpha_bytes=2683 alpha_bpp=2.146400 alpha_raw_ratio=0.268300
case encoder=rust file=one_color_no_palette.webp width=100 height=100 pixels=10000 distinct_alpha=1 transparent_pixels=10000 translucent_pixels=0 alpha_compression=1 alpha_filter=0 output_bytes=110 alpha_bytes=18 alpha_bpp=0.014400 alpha_raw_ratio=0.001800
measurement encoder=rust profile=vp8-q75-alpha-lossless-fast file=alpha_color_cache.webp encodes=10 pixels=570360 output_bytes=20060 alpha_bytes=18200 elapsed_ms=32.129 mpix_s=17.752 ns_pixel=56.331 output_hash=fbedac7d8300c329
measurement encoder=rust profile=vp8-q75-alpha-lossless-fast file=alpha_filter_0_method_0.webp encodes=10 pixels=163840 output_bytes=113400 alpha_bytes=65280 elapsed_ms=15.812 mpix_s=10.362 ns_pixel=96.509 output_hash=702a0eefc316b1d1
measurement encoder=rust profile=vp8-q75-alpha-lossless-fast file=alpha_filter_0_method_1.webp encodes=10 pixels=163840 output_bytes=113400 alpha_bytes=65280 elapsed_ms=15.514 mpix_s=10.561 ns_pixel=94.689 output_hash=66346e9f9461f039
measurement encoder=rust profile=vp8-q75-alpha-lossless-fast file=alpha_filter_1.webp encodes=10 pixels=2560 output_bytes=1180 alpha_bytes=320 elapsed_ms=0.308 mpix_s=8.300 ns_pixel=120.475 output_hash=3738ffa34bf80391
measurement encoder=rust profile=vp8-q75-alpha-lossless-fast file=alpha_filter_1_method_0.webp encodes=10 pixels=163840 output_bytes=113400 alpha_bytes=65280 elapsed_ms=15.523 mpix_s=10.555 ns_pixel=94.743 output_hash=3e04b215b5da27f9
measurement encoder=rust profile=vp8-q75-alpha-lossless-fast file=alpha_filter_1_method_1.webp encodes=10 pixels=163840 output_bytes=113400 alpha_bytes=65280 elapsed_ms=15.474 mpix_s=10.588 ns_pixel=94.448 output_hash=bf16368ba9fc85e1
measurement encoder=rust profile=vp8-q75-alpha-lossless-fast file=alpha_filter_2.webp encodes=10 pixels=2560 output_bytes=1180 alpha_bytes=320 elapsed_ms=0.308 mpix_s=8.315 ns_pixel=120.264 output_hash=9a9fb4bfd789af19
measurement encoder=rust profile=vp8-q75-alpha-lossless-fast file=alpha_filter_2_method_0.webp encodes=10 pixels=163840 output_bytes=113400 alpha_bytes=65280 elapsed_ms=15.617 mpix_s=10.491 ns_pixel=95.318 output_hash=6eb1b2d00a4cc581
measurement encoder=rust profile=vp8-q75-alpha-lossless-fast file=alpha_filter_2_method_1.webp encodes=10 pixels=163840 output_bytes=113400 alpha_bytes=65280 elapsed_ms=15.638 mpix_s=10.477 ns_pixel=95.449 output_hash=d5c1a0c82bfcf429
measurement encoder=rust profile=vp8-q75-alpha-lossless-fast file=alpha_filter_3.webp encodes=10 pixels=2560 output_bytes=1180 alpha_bytes=320 elapsed_ms=0.304 mpix_s=8.428 ns_pixel=118.652 output_hash=2180dcf94912b3c1
measurement encoder=rust profile=vp8-q75-alpha-lossless-fast file=alpha_filter_3_method_0.webp encodes=10 pixels=163840 output_bytes=113400 alpha_bytes=65280 elapsed_ms=15.595 mpix_s=10.506 ns_pixel=95.184 output_hash=fa118862c378ed69
measurement encoder=rust profile=vp8-q75-alpha-lossless-fast file=alpha_filter_3_method_1.webp encodes=10 pixels=163840 output_bytes=113400 alpha_bytes=65280 elapsed_ms=15.468 mpix_s=10.592 ns_pixel=94.410 output_hash=a1d5602055e76c11
measurement encoder=rust profile=vp8-q75-alpha-lossless-fast file=alpha_no_compression.webp encodes=10 pixels=2560 output_bytes=1180 alpha_bytes=320 elapsed_ms=0.306 mpix_s=8.367 ns_pixel=119.515 output_hash=abc83278289f5209
measurement encoder=rust profile=vp8-q75-alpha-lossless-fast file=big_endian_bug_393.webp encodes=10 pixels=655360 output_bytes=163800 alpha_bytes=161870 elapsed_ms=34.903 mpix_s=18.776 ns_pixel=53.258 output_hash=664ac8ec297ed0b1
measurement encoder=rust profile=vp8-q75-alpha-lossless-fast file=dual_transform.webp encodes=10 pixels=30000 output_bytes=2680 alpha_bytes=1890 elapsed_ms=1.882 mpix_s=15.944 ns_pixel=62.718 output_hash=d9c574685cb94df9
measurement encoder=rust profile=vp8-q75-alpha-lossless-fast file=lossless1.webp encodes=10 pixels=3070000 output_bytes=253300 alpha_bytes=127700 elapsed_ms=197.713 mpix_s=15.528 ns_pixel=64.402 output_hash=ae69f7c85a863bc5
measurement encoder=rust profile=vp8-q75-alpha-lossless-fast file=lossless2.webp encodes=10 pixels=3070000 output_bytes=253300 alpha_bytes=127700 elapsed_ms=198.091 mpix_s=15.498 ns_pixel=64.525 output_hash=d7f8cd3e023e15a1
measurement encoder=rust profile=vp8-q75-alpha-lossless-fast file=lossless3.webp encodes=10 pixels=3070000 output_bytes=253300 alpha_bytes=127700 elapsed_ms=197.411 mpix_s=15.551 ns_pixel=64.303 output_hash=d910f363e8850f6d
measurement encoder=rust profile=vp8-q75-alpha-lossless-fast file=lossless4.webp encodes=10 pixels=655360 output_bytes=85080 alpha_bytes=31610 elapsed_ms=47.829 mpix_s=13.702 ns_pixel=72.981 output_hash=e6a4ceb1ea786719
measurement encoder=rust profile=vp8-q75-alpha-lossless-fast file=lossless_big_random_alpha.webp encodes=10 pixels=41943040 output_bytes=63534400 alpha_bytes=39798600 elapsed_ms=5477.699 mpix_s=7.657 ns_pixel=130.599 output_hash=abe58e31ef934e41
measurement encoder=rust profile=vp8-q75-alpha-lossless-fast file=lossless_vec_1_0.webp encodes=10 pixels=2560 output_bytes=1720 alpha_bytes=320 elapsed_ms=0.385 mpix_s=6.646 ns_pixel=150.472 output_hash=6cb8257701d386d1
measurement encoder=rust profile=vp8-q75-alpha-lossless-fast file=lossless_vec_1_1.webp encodes=10 pixels=2560 output_bytes=1720 alpha_bytes=320 elapsed_ms=0.348 mpix_s=7.353 ns_pixel=136.002 output_hash=6466d0debf184221
measurement encoder=rust profile=vp8-q75-alpha-lossless-fast file=lossless_vec_1_10.webp encodes=10 pixels=2560 output_bytes=1720 alpha_bytes=320 elapsed_ms=0.348 mpix_s=7.348 ns_pixel=136.084 output_hash=c5f338cc75bc3d31
measurement encoder=rust profile=vp8-q75-alpha-lossless-fast file=lossless_vec_1_11.webp encodes=10 pixels=2560 output_bytes=1720 alpha_bytes=320 elapsed_ms=0.347 mpix_s=7.379 ns_pixel=135.514 output_hash=8b78bd0ab6056a81
measurement encoder=rust profile=vp8-q75-alpha-lossless-fast file=lossless_vec_1_12.webp encodes=10 pixels=2560 output_bytes=1720 alpha_bytes=320 elapsed_ms=0.347 mpix_s=7.376 ns_pixel=135.580 output_hash=1205e17192eee111
measurement encoder=rust profile=vp8-q75-alpha-lossless-fast file=lossless_vec_1_13.webp encodes=10 pixels=2560 output_bytes=1720 alpha_bytes=320 elapsed_ms=0.346 mpix_s=7.394 ns_pixel=135.237 output_hash=e8c41f60a35a6461
measurement encoder=rust profile=vp8-q75-alpha-lossless-fast file=lossless_vec_1_14.webp encodes=10 pixels=2560 output_bytes=1720 alpha_bytes=320 elapsed_ms=0.347 mpix_s=7.386 ns_pixel=135.400 output_hash=45d5ca454ecaa671
measurement encoder=rust profile=vp8-q75-alpha-lossless-fast file=lossless_vec_1_15.webp encodes=10 pixels=2560 output_bytes=1720 alpha_bytes=320 elapsed_ms=0.355 mpix_s=7.215 ns_pixel=138.607 output_hash=99ea20453b827ec1
measurement encoder=rust profile=vp8-q75-alpha-lossless-fast file=lossless_vec_1_2.webp encodes=10 pixels=2560 output_bytes=1720 alpha_bytes=320 elapsed_ms=0.347 mpix_s=7.378 ns_pixel=135.531 output_hash=7e46f6e9d94a5b51
measurement encoder=rust profile=vp8-q75-alpha-lossless-fast file=lossless_vec_1_3.webp encodes=10 pixels=2560 output_bytes=1720 alpha_bytes=320 elapsed_ms=0.350 mpix_s=7.313 ns_pixel=136.735 output_hash=bae2d2f2890c40a1
measurement encoder=rust profile=vp8-q75-alpha-lossless-fast file=lossless_vec_1_4.webp encodes=10 pixels=2560 output_bytes=1720 alpha_bytes=320 elapsed_ms=0.347 mpix_s=7.384 ns_pixel=135.433 output_hash=e27660ce611a19b1
measurement encoder=rust profile=vp8-q75-alpha-lossless-fast file=lossless_vec_1_5.webp encodes=10 pixels=2560 output_bytes=1720 alpha_bytes=320 elapsed_ms=0.346 mpix_s=7.398 ns_pixel=135.173 output_hash=e07d0a009818af01
measurement encoder=rust profile=vp8-q75-alpha-lossless-fast file=lossless_vec_1_6.webp encodes=10 pixels=2560 output_bytes=1720 alpha_bytes=320 elapsed_ms=0.347 mpix_s=7.374 ns_pixel=135.612 output_hash=abab5698bbb17991
measurement encoder=rust profile=vp8-q75-alpha-lossless-fast file=lossless_vec_1_7.webp encodes=10 pixels=2560 output_bytes=1720 alpha_bytes=320 elapsed_ms=0.347 mpix_s=7.385 ns_pixel=135.416 output_hash=b8239cfef7fd82e1
measurement encoder=rust profile=vp8-q75-alpha-lossless-fast file=lossless_vec_1_8.webp encodes=10 pixels=2560 output_bytes=1720 alpha_bytes=320 elapsed_ms=0.353 mpix_s=7.260 ns_pixel=137.744 output_hash=25ca50e56dd798f1
measurement encoder=rust profile=vp8-q75-alpha-lossless-fast file=lossless_vec_1_9.webp encodes=10 pixels=2560 output_bytes=1720 alpha_bytes=320 elapsed_ms=0.346 mpix_s=7.394 ns_pixel=135.254 output_hash=3fb273be20ea0741
measurement encoder=rust profile=vp8-q75-alpha-lossless-fast file=lossy_alpha1.webp encodes=10 pixels=3070000 output_bytes=225440 alpha_bytes=90770 elapsed_ms=191.965 mpix_s=15.992 ns_pixel=62.529 output_hash=660ab09c27beabc5
measurement encoder=rust profile=vp8-q75-alpha-lossless-fast file=lossy_alpha2.webp encodes=10 pixels=3070000 output_bytes=223040 alpha_bytes=85450 elapsed_ms=190.068 mpix_s=16.152 ns_pixel=61.911 output_hash=87f642c1d310a365
measurement encoder=rust profile=vp8-q75-alpha-lossless-fast file=lossy_alpha3.webp encodes=10 pixels=3070000 output_bytes=187100 alpha_bytes=59080 elapsed_ms=178.890 mpix_s=17.161 ns_pixel=58.270 output_hash=c65151b892839985
measurement encoder=rust profile=vp8-q75-alpha-lossless-fast file=lossy_alpha4.webp encodes=10 pixels=100000 output_bytes=47060 alpha_bytes=26830 elapsed_ms=14.658 mpix_s=6.822 ns_pixel=146.578 output_hash=35c7713a7b88a5c5
measurement encoder=rust profile=vp8-q75-alpha-lossless-fast file=one_color_no_palette.webp encodes=10 pixels=100000 output_bytes=1100 alpha_bytes=180 elapsed_ms=5.250 mpix_s=19.048 ns_pixel=52.499 output_hash=0897482b7d1a94c5
aggregate encoder=rust profile=vp8-q75-alpha-lossless-fast files=41 encodes=410 pixels=63836040 rgba_bytes=255344160 output_bytes=66189100 alpha_bytes=41186220 elapsed_ms=6899.961 mpix_s=9.252 ns_pixel=108.089 checksum=66222720 output_hash=0897482b7d1a94c5
measurement encoder=rust profile=alpha-only-lossless-fast file=alpha_color_cache.webp encodes=10 pixels=570360 alpha_bytes=18200 elapsed_ms=6.744 mpix_s=84.570 ns_pixel=11.825 output_hash=d01537bda6af4bf5
measurement encoder=rust profile=alpha-only-lossless-fast file=alpha_filter_0_method_0.webp encodes=10 pixels=163840 alpha_bytes=65280 elapsed_ms=2.819 mpix_s=58.122 ns_pixel=17.205 output_hash=d19eb0ae6d0e7845
measurement encoder=rust profile=alpha-only-lossless-fast file=alpha_filter_0_method_1.webp encodes=10 pixels=163840 alpha_bytes=65280 elapsed_ms=2.699 mpix_s=60.695 ns_pixel=16.476 output_hash=caa40b7992422815
measurement encoder=rust profile=alpha-only-lossless-fast file=alpha_filter_1.webp encodes=10 pixels=2560 alpha_bytes=320 elapsed_ms=0.111 mpix_s=23.046 ns_pixel=43.392 output_hash=eeb80a8272fe1c9d
measurement encoder=rust profile=alpha-only-lossless-fast file=alpha_filter_1_method_0.webp encodes=10 pixels=163840 alpha_bytes=65280 elapsed_ms=2.696 mpix_s=60.767 ns_pixel=16.456 output_hash=43733bb70e6479cd
measurement encoder=rust profile=alpha-only-lossless-fast file=alpha_filter_1_method_1.webp encodes=10 pixels=163840 alpha_bytes=65280 elapsed_ms=2.668 mpix_s=61.402 ns_pixel=16.286 output_hash=f8da1768d1e0837d
measurement encoder=rust profile=alpha-only-lossless-fast file=alpha_filter_2.webp encodes=10 pixels=2560 alpha_bytes=320 elapsed_ms=0.106 mpix_s=24.161 ns_pixel=41.390 output_hash=18ee98e4c093e685
measurement encoder=rust profile=alpha-only-lossless-fast file=alpha_filter_2_method_0.webp encodes=10 pixels=163840 alpha_bytes=65280 elapsed_ms=2.694 mpix_s=60.826 ns_pixel=16.440 output_hash=ed193e2ff9db9d55
measurement encoder=rust profile=alpha-only-lossless-fast file=alpha_filter_2_method_1.webp encodes=10 pixels=163840 alpha_bytes=65280 elapsed_ms=2.667 mpix_s=61.426 ns_pixel=16.280 output_hash=b2d6a1d7e6f07125
measurement encoder=rust profile=alpha-only-lossless-fast file=alpha_filter_3.webp encodes=10 pixels=2560 alpha_bytes=320 elapsed_ms=0.106 mpix_s=24.132 ns_pixel=41.439 output_hash=64891d8ff6c6132d
measurement encoder=rust profile=alpha-only-lossless-fast file=alpha_filter_3_method_0.webp encodes=10 pixels=163840 alpha_bytes=65280 elapsed_ms=2.656 mpix_s=61.688 ns_pixel=16.211 output_hash=57825fdae901a15d
measurement encoder=rust profile=alpha-only-lossless-fast file=alpha_filter_3_method_1.webp encodes=10 pixels=163840 alpha_bytes=65280 elapsed_ms=2.663 mpix_s=61.532 ns_pixel=16.252 output_hash=63739dc850cb0c8d
measurement encoder=rust profile=alpha-only-lossless-fast file=alpha_no_compression.webp encodes=10 pixels=2560 alpha_bytes=320 elapsed_ms=0.105 mpix_s=24.400 ns_pixel=40.983 output_hash=c2efca5d11eaedd5
measurement encoder=rust profile=alpha-only-lossless-fast file=big_endian_bug_393.webp encodes=10 pixels=655360 alpha_bytes=161870 elapsed_ms=9.590 mpix_s=68.338 ns_pixel=14.633 output_hash=71b7cd0ac2bb6af1
measurement encoder=rust profile=alpha-only-lossless-fast file=dual_transform.webp encodes=10 pixels=30000 alpha_bytes=1890 elapsed_ms=0.433 mpix_s=69.298 ns_pixel=14.431 output_hash=7be45fd5e366821b
measurement encoder=rust profile=alpha-only-lossless-fast file=lossless1.webp encodes=10 pixels=3070000 alpha_bytes=127700 elapsed_ms=37.046 mpix_s=82.871 ns_pixel=12.067 output_hash=3608f1df9bc72c77
measurement encoder=rust profile=alpha-only-lossless-fast file=lossless2.webp encodes=10 pixels=3070000 alpha_bytes=127700 elapsed_ms=36.860 mpix_s=83.289 ns_pixel=12.006 output_hash=8991ee57c371f023
measurement encoder=rust profile=alpha-only-lossless-fast file=lossless3.webp encodes=10 pixels=3070000 alpha_bytes=127700 elapsed_ms=36.899 mpix_s=83.201 ns_pixel=12.019 output_hash=f0618fe5ca7684bf
measurement encoder=rust profile=alpha-only-lossless-fast file=lossless4.webp encodes=10 pixels=655360 alpha_bytes=31610 elapsed_ms=7.578 mpix_s=86.479 ns_pixel=11.564 output_hash=c1776accff1e8629
measurement encoder=rust profile=alpha-only-lossless-fast file=lossless_big_random_alpha.webp encodes=10 pixels=41943040 alpha_bytes=39798600 elapsed_ms=453.672 mpix_s=92.452 ns_pixel=10.816 output_hash=503cb600d35d2129
measurement encoder=rust profile=alpha-only-lossless-fast file=lossless_vec_1_0.webp encodes=10 pixels=2560 alpha_bytes=320 elapsed_ms=0.110 mpix_s=23.335 ns_pixel=42.855 output_hash=6ad549834bec79c1
measurement encoder=rust profile=alpha-only-lossless-fast file=lossless_vec_1_1.webp encodes=10 pixels=2560 alpha_bytes=320 elapsed_ms=0.094 mpix_s=27.283 ns_pixel=36.654 output_hash=95bad2a4ef940499
measurement encoder=rust profile=alpha-only-lossless-fast file=lossless_vec_1_10.webp encodes=10 pixels=2560 alpha_bytes=320 elapsed_ms=0.093 mpix_s=27.453 ns_pixel=36.426 output_hash=6b33897ce0d14a71
measurement encoder=rust profile=alpha-only-lossless-fast file=lossless_vec_1_11.webp encodes=10 pixels=2560 alpha_bytes=320 elapsed_ms=0.094 mpix_s=27.355 ns_pixel=36.556 output_hash=e08b903d16e454c9
measurement encoder=rust profile=alpha-only-lossless-fast file=lossless_vec_1_12.webp encodes=10 pixels=2560 alpha_bytes=320 elapsed_ms=0.094 mpix_s=27.270 ns_pixel=36.670 output_hash=62f293a31c1febe1
measurement encoder=rust profile=alpha-only-lossless-fast file=lossless_vec_1_13.webp encodes=10 pixels=2560 alpha_bytes=320 elapsed_ms=0.094 mpix_s=27.270 ns_pixel=36.670 output_hash=20f01085c90bd1b9
measurement encoder=rust profile=alpha-only-lossless-fast file=lossless_vec_1_14.webp encodes=10 pixels=2560 alpha_bytes=320 elapsed_ms=0.094 mpix_s=27.270 ns_pixel=36.670 output_hash=bfae89cd4df42c11
measurement encoder=rust profile=alpha-only-lossless-fast file=lossless_vec_1_15.webp encodes=10 pixels=2560 alpha_bytes=320 elapsed_ms=0.093 mpix_s=27.392 ns_pixel=36.507 output_hash=1bb6d9b3177ac6e9
measurement encoder=rust profile=alpha-only-lossless-fast file=lossless_vec_1_2.webp encodes=10 pixels=2560 alpha_bytes=320 elapsed_ms=0.093 mpix_s=27.380 ns_pixel=36.523 output_hash=1ce795903043cb81
measurement encoder=rust profile=alpha-only-lossless-fast file=lossless_vec_1_3.webp encodes=10 pixels=2560 alpha_bytes=320 elapsed_ms=0.094 mpix_s=27.343 ns_pixel=36.572 output_hash=19fce6c88b9de759
measurement encoder=rust profile=alpha-only-lossless-fast file=lossless_vec_1_4.webp encodes=10 pixels=2560 alpha_bytes=320 elapsed_ms=0.094 mpix_s=27.367 ns_pixel=36.540 output_hash=e165399ef4929731
measurement encoder=rust profile=alpha-only-lossless-fast file=lossless_vec_1_5.webp encodes=10 pixels=2560 alpha_bytes=320 elapsed_ms=0.094 mpix_s=27.234 ns_pixel=36.719 output_hash=ce3ea5a318bb4289
measurement encoder=rust profile=alpha-only-lossless-fast file=lossless_vec_1_6.webp encodes=10 pixels=2560 alpha_bytes=320 elapsed_ms=0.097 mpix_s=26.517 ns_pixel=37.711 output_hash=cdf4028758fc7aa1
measurement encoder=rust profile=alpha-only-lossless-fast file=lossless_vec_1_7.webp encodes=10 pixels=2560 alpha_bytes=320 elapsed_ms=0.094 mpix_s=27.283 ns_pixel=36.654 output_hash=6c0ac9a925ba0479
measurement encoder=rust profile=alpha-only-lossless-fast file=lossless_vec_1_8.webp encodes=10 pixels=2560 alpha_bytes=320 elapsed_ms=0.096 mpix_s=26.760 ns_pixel=37.370 output_hash=f12937b9d46374d1
measurement encoder=rust profile=alpha-only-lossless-fast file=lossless_vec_1_9.webp encodes=10 pixels=2560 alpha_bytes=320 elapsed_ms=0.094 mpix_s=27.234 ns_pixel=36.719 output_hash=8e22a9e503f36ca9
measurement encoder=rust profile=alpha-only-lossless-fast file=lossy_alpha1.webp encodes=10 pixels=3070000 alpha_bytes=90770 elapsed_ms=30.012 mpix_s=102.291 ns_pixel=9.776 output_hash=89883c9addda6745
measurement encoder=rust profile=alpha-only-lossless-fast file=lossy_alpha2.webp encodes=10 pixels=3070000 alpha_bytes=85450 elapsed_ms=26.648 mpix_s=115.207 ns_pixel=8.680 output_hash=12a0749390ea9a69
measurement encoder=rust profile=alpha-only-lossless-fast file=lossy_alpha3.webp encodes=10 pixels=3070000 alpha_bytes=59080 elapsed_ms=19.490 mpix_s=157.520 ns_pixel=6.348 output_hash=de6793eb3d35bfc9
measurement encoder=rust profile=alpha-only-lossless-fast file=lossy_alpha4.webp encodes=10 pixels=100000 alpha_bytes=26830 elapsed_ms=4.365 mpix_s=22.909 ns_pixel=43.652 output_hash=9462f18580392e99
measurement encoder=rust profile=alpha-only-lossless-fast file=one_color_no_palette.webp encodes=10 pixels=100000 alpha_bytes=180 elapsed_ms=0.362 mpix_s=276.497 ns_pixel=3.617 output_hash=65291bd20992cb89
aggregate encoder=rust profile=alpha-only-lossless-fast files=41 encodes=410 pixels=63836040 alpha_input_bytes=63836040 alpha_bytes=41186220 elapsed_ms=693.208 mpix_s=92.088 ns_pixel=10.859 checksum=41186630 output_hash=65291bd20992cb89
case encoder=libwebp file=alpha_color_cache.webp width=588 height=97 pixels=57036 distinct_alpha=91 transparent_pixels=18622 translucent_pixels=1307 alpha_compression=1 alpha_filter=0 output_bytes=1852 alpha_bytes=1641 alpha_bpp=0.230170 alpha_raw_ratio=0.028771
case encoder=libwebp file=alpha_filter_0_method_0.webp width=128 height=128 pixels=16384 distinct_alpha=16 transparent_pixels=0 translucent_pixels=16384 alpha_compression=1 alpha_filter=0 output_bytes=11868 alpha_bytes=6510 alpha_bpp=3.178711 alpha_raw_ratio=0.397339
case encoder=libwebp file=alpha_filter_0_method_1.webp width=128 height=128 pixels=16384 distinct_alpha=16 transparent_pixels=0 translucent_pixels=16384 alpha_compression=1 alpha_filter=0 output_bytes=11868 alpha_bytes=6510 alpha_bpp=3.178711 alpha_raw_ratio=0.397339
case encoder=libwebp file=alpha_filter_1.webp width=16 height=16 pixels=256 distinct_alpha=2 transparent_pixels=0 translucent_pixels=128 alpha_compression=1 alpha_filter=0 output_bytes=114 alpha_bytes=25 alpha_bpp=0.781250 alpha_raw_ratio=0.097656
case encoder=libwebp file=alpha_filter_1_method_0.webp width=128 height=128 pixels=16384 distinct_alpha=16 transparent_pixels=0 translucent_pixels=16384 alpha_compression=1 alpha_filter=0 output_bytes=11868 alpha_bytes=6510 alpha_bpp=3.178711 alpha_raw_ratio=0.397339
case encoder=libwebp file=alpha_filter_1_method_1.webp width=128 height=128 pixels=16384 distinct_alpha=16 transparent_pixels=0 translucent_pixels=16384 alpha_compression=1 alpha_filter=0 output_bytes=11868 alpha_bytes=6510 alpha_bpp=3.178711 alpha_raw_ratio=0.397339
case encoder=libwebp file=alpha_filter_2.webp width=16 height=16 pixels=256 distinct_alpha=2 transparent_pixels=0 translucent_pixels=128 alpha_compression=1 alpha_filter=0 output_bytes=114 alpha_bytes=25 alpha_bpp=0.781250 alpha_raw_ratio=0.097656
case encoder=libwebp file=alpha_filter_2_method_0.webp width=128 height=128 pixels=16384 distinct_alpha=16 transparent_pixels=0 translucent_pixels=16384 alpha_compression=1 alpha_filter=0 output_bytes=11868 alpha_bytes=6510 alpha_bpp=3.178711 alpha_raw_ratio=0.397339
case encoder=libwebp file=alpha_filter_2_method_1.webp width=128 height=128 pixels=16384 distinct_alpha=16 transparent_pixels=0 translucent_pixels=16384 alpha_compression=1 alpha_filter=0 output_bytes=11868 alpha_bytes=6510 alpha_bpp=3.178711 alpha_raw_ratio=0.397339
case encoder=libwebp file=alpha_filter_3.webp width=16 height=16 pixels=256 distinct_alpha=2 transparent_pixels=0 translucent_pixels=128 alpha_compression=1 alpha_filter=0 output_bytes=114 alpha_bytes=25 alpha_bpp=0.781250 alpha_raw_ratio=0.097656
case encoder=libwebp file=alpha_filter_3_method_0.webp width=128 height=128 pixels=16384 distinct_alpha=16 transparent_pixels=0 translucent_pixels=16384 alpha_compression=1 alpha_filter=0 output_bytes=11868 alpha_bytes=6510 alpha_bpp=3.178711 alpha_raw_ratio=0.397339
case encoder=libwebp file=alpha_filter_3_method_1.webp width=128 height=128 pixels=16384 distinct_alpha=16 transparent_pixels=0 translucent_pixels=16384 alpha_compression=1 alpha_filter=0 output_bytes=11868 alpha_bytes=6510 alpha_bpp=3.178711 alpha_raw_ratio=0.397339
case encoder=libwebp file=alpha_no_compression.webp width=16 height=16 pixels=256 distinct_alpha=2 transparent_pixels=0 translucent_pixels=128 alpha_compression=1 alpha_filter=0 output_bytes=114 alpha_bytes=25 alpha_bpp=0.781250 alpha_raw_ratio=0.097656
case encoder=libwebp file=big_endian_bug_393.webp width=256 height=256 pixels=65536 distinct_alpha=256 transparent_pixels=294 translucent_pixels=64980 alpha_compression=1 alpha_filter=0 output_bytes=16402 alpha_bytes=16185 alpha_bpp=1.975708 alpha_raw_ratio=0.246964
case encoder=libwebp file=dual_transform.webp width=100 height=30 pixels=3000 distinct_alpha=2 transparent_pixels=2269 translucent_pixels=0 alpha_compression=1 alpha_filter=0 output_bytes=276 alpha_bytes=184 alpha_bpp=0.490667 alpha_raw_ratio=0.061333
case encoder=libwebp file=lossless1.webp width=1000 height=307 pixels=307000 distinct_alpha=256 transparent_pixels=211284 translucent_pixels=5769 alpha_compression=1 alpha_filter=0 output_bytes=11472 alpha_bytes=9537 alpha_bpp=0.248521 alpha_raw_ratio=0.031065
case encoder=libwebp file=lossless2.webp width=1000 height=307 pixels=307000 distinct_alpha=256 transparent_pixels=211284 translucent_pixels=5769 alpha_compression=1 alpha_filter=0 output_bytes=11472 alpha_bytes=9537 alpha_bpp=0.248521 alpha_raw_ratio=0.031065
case encoder=libwebp file=lossless3.webp width=1000 height=307 pixels=307000 distinct_alpha=256 transparent_pixels=211284 translucent_pixels=5769 alpha_compression=1 alpha_filter=0 output_bytes=11472 alpha_bytes=9537 alpha_bpp=0.248521 alpha_raw_ratio=0.031065
case encoder=libwebp file=lossless4.webp width=256 height=256 pixels=65536 distinct_alpha=15 transparent_pixels=56361 translucent_pixels=8771 alpha_compression=1 alpha_filter=0 output_bytes=7778 alpha_bytes=2648 alpha_bpp=0.323242 alpha_raw_ratio=0.040405
case encoder=libwebp file=lossless_big_random_alpha.webp width=2048 height=2048 pixels=4194304 distinct_alpha=256 transparent_pixels=237642 translucent_pixels=3550512 alpha_compression=1 alpha_filter=0 output_bytes=6316150 alpha_bytes=3977804 alpha_bpp=7.587059 alpha_raw_ratio=0.948382
case encoder=libwebp file=lossless_vec_1_0.webp width=16 height=16 pixels=256 distinct_alpha=2 transparent_pixels=0 translucent_pixels=128 alpha_compression=1 alpha_filter=0 output_bytes=170 alpha_bytes=25 alpha_bpp=0.781250 alpha_raw_ratio=0.097656
case encoder=libwebp file=lossless_vec_1_1.webp width=16 height=16 pixels=256 distinct_alpha=2 transparent_pixels=0 translucent_pixels=128 alpha_compression=1 alpha_filter=0 output_bytes=170 alpha_bytes=25 alpha_bpp=0.781250 alpha_raw_ratio=0.097656
case encoder=libwebp file=lossless_vec_1_10.webp width=16 height=16 pixels=256 distinct_alpha=2 transparent_pixels=0 translucent_pixels=128 alpha_compression=1 alpha_filter=0 output_bytes=170 alpha_bytes=25 alpha_bpp=0.781250 alpha_raw_ratio=0.097656
case encoder=libwebp file=lossless_vec_1_11.webp width=16 height=16 pixels=256 distinct_alpha=2 transparent_pixels=0 translucent_pixels=128 alpha_compression=1 alpha_filter=0 output_bytes=170 alpha_bytes=25 alpha_bpp=0.781250 alpha_raw_ratio=0.097656
case encoder=libwebp file=lossless_vec_1_12.webp width=16 height=16 pixels=256 distinct_alpha=2 transparent_pixels=0 translucent_pixels=128 alpha_compression=1 alpha_filter=0 output_bytes=170 alpha_bytes=25 alpha_bpp=0.781250 alpha_raw_ratio=0.097656
case encoder=libwebp file=lossless_vec_1_13.webp width=16 height=16 pixels=256 distinct_alpha=2 transparent_pixels=0 translucent_pixels=128 alpha_compression=1 alpha_filter=0 output_bytes=170 alpha_bytes=25 alpha_bpp=0.781250 alpha_raw_ratio=0.097656
case encoder=libwebp file=lossless_vec_1_14.webp width=16 height=16 pixels=256 distinct_alpha=2 transparent_pixels=0 translucent_pixels=128 alpha_compression=1 alpha_filter=0 output_bytes=170 alpha_bytes=25 alpha_bpp=0.781250 alpha_raw_ratio=0.097656
case encoder=libwebp file=lossless_vec_1_15.webp width=16 height=16 pixels=256 distinct_alpha=2 transparent_pixels=0 translucent_pixels=128 alpha_compression=1 alpha_filter=0 output_bytes=170 alpha_bytes=25 alpha_bpp=0.781250 alpha_raw_ratio=0.097656
case encoder=libwebp file=lossless_vec_1_2.webp width=16 height=16 pixels=256 distinct_alpha=2 transparent_pixels=0 translucent_pixels=128 alpha_compression=1 alpha_filter=0 output_bytes=170 alpha_bytes=25 alpha_bpp=0.781250 alpha_raw_ratio=0.097656
case encoder=libwebp file=lossless_vec_1_3.webp width=16 height=16 pixels=256 distinct_alpha=2 transparent_pixels=0 translucent_pixels=128 alpha_compression=1 alpha_filter=0 output_bytes=170 alpha_bytes=25 alpha_bpp=0.781250 alpha_raw_ratio=0.097656
case encoder=libwebp file=lossless_vec_1_4.webp width=16 height=16 pixels=256 distinct_alpha=2 transparent_pixels=0 translucent_pixels=128 alpha_compression=1 alpha_filter=0 output_bytes=170 alpha_bytes=25 alpha_bpp=0.781250 alpha_raw_ratio=0.097656
case encoder=libwebp file=lossless_vec_1_5.webp width=16 height=16 pixels=256 distinct_alpha=2 transparent_pixels=0 translucent_pixels=128 alpha_compression=1 alpha_filter=0 output_bytes=170 alpha_bytes=25 alpha_bpp=0.781250 alpha_raw_ratio=0.097656
case encoder=libwebp file=lossless_vec_1_6.webp width=16 height=16 pixels=256 distinct_alpha=2 transparent_pixels=0 translucent_pixels=128 alpha_compression=1 alpha_filter=0 output_bytes=170 alpha_bytes=25 alpha_bpp=0.781250 alpha_raw_ratio=0.097656
case encoder=libwebp file=lossless_vec_1_7.webp width=16 height=16 pixels=256 distinct_alpha=2 transparent_pixels=0 translucent_pixels=128 alpha_compression=1 alpha_filter=0 output_bytes=170 alpha_bytes=25 alpha_bpp=0.781250 alpha_raw_ratio=0.097656
case encoder=libwebp file=lossless_vec_1_8.webp width=16 height=16 pixels=256 distinct_alpha=2 transparent_pixels=0 translucent_pixels=128 alpha_compression=1 alpha_filter=0 output_bytes=170 alpha_bytes=25 alpha_bpp=0.781250 alpha_raw_ratio=0.097656
case encoder=libwebp file=lossless_vec_1_9.webp width=16 height=16 pixels=256 distinct_alpha=2 transparent_pixels=0 translucent_pixels=128 alpha_compression=1 alpha_filter=0 output_bytes=170 alpha_bytes=25 alpha_bpp=0.781250 alpha_raw_ratio=0.097656
case encoder=libwebp file=lossy_alpha1.webp width=1000 height=307 pixels=307000 distinct_alpha=15 transparent_pixels=211672 translucent_pixels=4877 alpha_compression=1 alpha_filter=0 output_bytes=11570 alpha_bytes=6625 alpha_bpp=0.172638 alpha_raw_ratio=0.021580
case encoder=libwebp file=lossy_alpha2.webp width=1000 height=307 pixels=307000 distinct_alpha=10 transparent_pixels=211790 translucent_pixels=4639 alpha_compression=1 alpha_filter=0 output_bytes=11474 alpha_bytes=6016 alpha_bpp=0.156769 alpha_raw_ratio=0.019596
case encoder=libwebp file=lossy_alpha3.webp width=1000 height=307 pixels=307000 distinct_alpha=3 transparent_pixels=212731 translucent_pixels=2557 alpha_compression=1 alpha_filter=0 output_bytes=7902 alpha_bytes=3575 alpha_bpp=0.093160 alpha_raw_ratio=0.011645
case encoder=libwebp file=lossy_alpha4.webp width=100 height=100 pixels=10000 distinct_alpha=64 transparent_pixels=2584 translucent_pixels=4367 alpha_compression=1 alpha_filter=0 output_bytes=3836 alpha_bytes=2440 alpha_bpp=1.952000 alpha_raw_ratio=0.244000
case encoder=libwebp file=one_color_no_palette.webp width=100 height=100 pixels=10000 distinct_alpha=1 transparent_pixels=10000 translucent_pixels=0 alpha_compression=1 alpha_filter=0 output_bytes=126 alpha_bytes=16 alpha_bpp=0.012800 alpha_raw_ratio=0.001600
measurement encoder=libwebp profile=vp8-q75-alpha-lossless-fast file=alpha_color_cache.webp encodes=10 pixels=570360 output_bytes=18520 alpha_bytes=16410 elapsed_ms=33.080 mpix_s=17.242 ns_pixel=57.998
measurement encoder=libwebp profile=vp8-q75-alpha-lossless-fast file=alpha_filter_0_method_0.webp encodes=10 pixels=163840 output_bytes=118680 alpha_bytes=65100 elapsed_ms=27.573 mpix_s=5.942 ns_pixel=168.292
measurement encoder=libwebp profile=vp8-q75-alpha-lossless-fast file=alpha_filter_0_method_1.webp encodes=10 pixels=163840 output_bytes=118680 alpha_bytes=65100 elapsed_ms=27.337 mpix_s=5.993 ns_pixel=166.852
measurement encoder=libwebp profile=vp8-q75-alpha-lossless-fast file=alpha_filter_1.webp encodes=10 pixels=2560 output_bytes=1140 alpha_bytes=250 elapsed_ms=1.073 mpix_s=2.386 ns_pixel=419.141
measurement encoder=libwebp profile=vp8-q75-alpha-lossless-fast file=alpha_filter_1_method_0.webp encodes=10 pixels=163840 output_bytes=118680 alpha_bytes=65100 elapsed_ms=27.335 mpix_s=5.994 ns_pixel=166.840
measurement encoder=libwebp profile=vp8-q75-alpha-lossless-fast file=alpha_filter_1_method_1.webp encodes=10 pixels=163840 output_bytes=118680 alpha_bytes=65100 elapsed_ms=27.807 mpix_s=5.892 ns_pixel=169.720
measurement encoder=libwebp profile=vp8-q75-alpha-lossless-fast file=alpha_filter_2.webp encodes=10 pixels=2560 output_bytes=1140 alpha_bytes=250 elapsed_ms=1.119 mpix_s=2.288 ns_pixel=437.109
measurement encoder=libwebp profile=vp8-q75-alpha-lossless-fast file=alpha_filter_2_method_0.webp encodes=10 pixels=163840 output_bytes=118680 alpha_bytes=65100 elapsed_ms=27.857 mpix_s=5.881 ns_pixel=170.026
measurement encoder=libwebp profile=vp8-q75-alpha-lossless-fast file=alpha_filter_2_method_1.webp encodes=10 pixels=163840 output_bytes=118680 alpha_bytes=65100 elapsed_ms=27.762 mpix_s=5.902 ns_pixel=169.446
measurement encoder=libwebp profile=vp8-q75-alpha-lossless-fast file=alpha_filter_3.webp encodes=10 pixels=2560 output_bytes=1140 alpha_bytes=250 elapsed_ms=1.086 mpix_s=2.357 ns_pixel=424.219
measurement encoder=libwebp profile=vp8-q75-alpha-lossless-fast file=alpha_filter_3_method_0.webp encodes=10 pixels=163840 output_bytes=118680 alpha_bytes=65100 elapsed_ms=27.364 mpix_s=5.987 ns_pixel=167.017
measurement encoder=libwebp profile=vp8-q75-alpha-lossless-fast file=alpha_filter_3_method_1.webp encodes=10 pixels=163840 output_bytes=118680 alpha_bytes=65100 elapsed_ms=27.396 mpix_s=5.980 ns_pixel=167.212
measurement encoder=libwebp profile=vp8-q75-alpha-lossless-fast file=alpha_no_compression.webp encodes=10 pixels=2560 output_bytes=1140 alpha_bytes=250 elapsed_ms=1.088 mpix_s=2.353 ns_pixel=425.000
measurement encoder=libwebp profile=vp8-q75-alpha-lossless-fast file=big_endian_bug_393.webp encodes=10 pixels=655360 output_bytes=164020 alpha_bytes=161850 elapsed_ms=58.139 mpix_s=11.272 ns_pixel=88.713
measurement encoder=libwebp profile=vp8-q75-alpha-lossless-fast file=dual_transform.webp encodes=10 pixels=30000 output_bytes=2760 alpha_bytes=1840 elapsed_ms=2.302 mpix_s=13.032 ns_pixel=76.733
measurement encoder=libwebp profile=vp8-q75-alpha-lossless-fast file=lossless1.webp encodes=10 pixels=3070000 output_bytes=114720 alpha_bytes=95370 elapsed_ms=160.941 mpix_s=19.075 ns_pixel=52.424
measurement encoder=libwebp profile=vp8-q75-alpha-lossless-fast file=lossless2.webp encodes=10 pixels=3070000 output_bytes=114720 alpha_bytes=95370 elapsed_ms=160.760 mpix_s=19.097 ns_pixel=52.365
measurement encoder=libwebp profile=vp8-q75-alpha-lossless-fast file=lossless3.webp encodes=10 pixels=3070000 output_bytes=114720 alpha_bytes=95370 elapsed_ms=160.463 mpix_s=19.132 ns_pixel=52.268
measurement encoder=libwebp profile=vp8-q75-alpha-lossless-fast file=lossless4.webp encodes=10 pixels=655360 output_bytes=77780 alpha_bytes=26480 elapsed_ms=50.562 mpix_s=12.962 ns_pixel=77.151
measurement encoder=libwebp profile=vp8-q75-alpha-lossless-fast file=lossless_big_random_alpha.webp encodes=10 pixels=41943040 output_bytes=63161500 alpha_bytes=39778040 elapsed_ms=8344.869 mpix_s=5.026 ns_pixel=198.957
measurement encoder=libwebp profile=vp8-q75-alpha-lossless-fast file=lossless_vec_1_0.webp encodes=10 pixels=2560 output_bytes=1700 alpha_bytes=250 elapsed_ms=1.326 mpix_s=1.931 ns_pixel=517.969
measurement encoder=libwebp profile=vp8-q75-alpha-lossless-fast file=lossless_vec_1_1.webp encodes=10 pixels=2560 output_bytes=1700 alpha_bytes=250 elapsed_ms=1.270 mpix_s=2.016 ns_pixel=496.094
measurement encoder=libwebp profile=vp8-q75-alpha-lossless-fast file=lossless_vec_1_10.webp encodes=10 pixels=2560 output_bytes=1700 alpha_bytes=250 elapsed_ms=1.264 mpix_s=2.025 ns_pixel=493.750
measurement encoder=libwebp profile=vp8-q75-alpha-lossless-fast file=lossless_vec_1_11.webp encodes=10 pixels=2560 output_bytes=1700 alpha_bytes=250 elapsed_ms=1.266 mpix_s=2.022 ns_pixel=494.531
measurement encoder=libwebp profile=vp8-q75-alpha-lossless-fast file=lossless_vec_1_12.webp encodes=10 pixels=2560 output_bytes=1700 alpha_bytes=250 elapsed_ms=1.270 mpix_s=2.016 ns_pixel=496.094
measurement encoder=libwebp profile=vp8-q75-alpha-lossless-fast file=lossless_vec_1_13.webp encodes=10 pixels=2560 output_bytes=1700 alpha_bytes=250 elapsed_ms=1.264 mpix_s=2.025 ns_pixel=493.750
measurement encoder=libwebp profile=vp8-q75-alpha-lossless-fast file=lossless_vec_1_14.webp encodes=10 pixels=2560 output_bytes=1700 alpha_bytes=250 elapsed_ms=1.276 mpix_s=2.006 ns_pixel=498.437
measurement encoder=libwebp profile=vp8-q75-alpha-lossless-fast file=lossless_vec_1_15.webp encodes=10 pixels=2560 output_bytes=1700 alpha_bytes=250 elapsed_ms=1.280 mpix_s=2.000 ns_pixel=500.000
measurement encoder=libwebp profile=vp8-q75-alpha-lossless-fast file=lossless_vec_1_2.webp encodes=10 pixels=2560 output_bytes=1700 alpha_bytes=250 elapsed_ms=1.259 mpix_s=2.033 ns_pixel=491.797
measurement encoder=libwebp profile=vp8-q75-alpha-lossless-fast file=lossless_vec_1_3.webp encodes=10 pixels=2560 output_bytes=1700 alpha_bytes=250 elapsed_ms=1.262 mpix_s=2.029 ns_pixel=492.969
measurement encoder=libwebp profile=vp8-q75-alpha-lossless-fast file=lossless_vec_1_4.webp encodes=10 pixels=2560 output_bytes=1700 alpha_bytes=250 elapsed_ms=1.275 mpix_s=2.008 ns_pixel=498.047
measurement encoder=libwebp profile=vp8-q75-alpha-lossless-fast file=lossless_vec_1_5.webp encodes=10 pixels=2560 output_bytes=1700 alpha_bytes=250 elapsed_ms=1.268 mpix_s=2.019 ns_pixel=495.313
measurement encoder=libwebp profile=vp8-q75-alpha-lossless-fast file=lossless_vec_1_6.webp encodes=10 pixels=2560 output_bytes=1700 alpha_bytes=250 elapsed_ms=1.258 mpix_s=2.035 ns_pixel=491.406
measurement encoder=libwebp profile=vp8-q75-alpha-lossless-fast file=lossless_vec_1_7.webp encodes=10 pixels=2560 output_bytes=1700 alpha_bytes=250 elapsed_ms=1.260 mpix_s=2.032 ns_pixel=492.187
measurement encoder=libwebp profile=vp8-q75-alpha-lossless-fast file=lossless_vec_1_8.webp encodes=10 pixels=2560 output_bytes=1700 alpha_bytes=250 elapsed_ms=1.264 mpix_s=2.025 ns_pixel=493.750
measurement encoder=libwebp profile=vp8-q75-alpha-lossless-fast file=lossless_vec_1_9.webp encodes=10 pixels=2560 output_bytes=1700 alpha_bytes=250 elapsed_ms=1.261 mpix_s=2.030 ns_pixel=492.578
measurement encoder=libwebp profile=vp8-q75-alpha-lossless-fast file=lossy_alpha1.webp encodes=10 pixels=3070000 output_bytes=115700 alpha_bytes=66250 elapsed_ms=192.679 mpix_s=15.933 ns_pixel=62.762
measurement encoder=libwebp profile=vp8-q75-alpha-lossless-fast file=lossy_alpha2.webp encodes=10 pixels=3070000 output_bytes=114740 alpha_bytes=60160 elapsed_ms=188.211 mpix_s=16.311 ns_pixel=61.307
measurement encoder=libwebp profile=vp8-q75-alpha-lossless-fast file=lossy_alpha3.webp encodes=10 pixels=3070000 output_bytes=79020 alpha_bytes=35750 elapsed_ms=144.876 mpix_s=21.191 ns_pixel=47.191
measurement encoder=libwebp profile=vp8-q75-alpha-lossless-fast file=lossy_alpha4.webp encodes=10 pixels=100000 output_bytes=38360 alpha_bytes=24400 elapsed_ms=18.639 mpix_s=5.365 ns_pixel=186.390
measurement encoder=libwebp profile=vp8-q75-alpha-lossless-fast file=one_color_no_palette.webp encodes=10 pixels=100000 output_bytes=1260 alpha_bytes=160 elapsed_ms=4.866 mpix_s=20.551 ns_pixel=48.660
aggregate encoder=libwebp profile=vp8-q75-alpha-lossless-fast files=41 encodes=410 pixels=63836040 rgba_bytes=255344160 output_bytes=65099020 alpha_bytes=40983250 elapsed_ms=9765.507 mpix_s=6.537 ns_pixel=152.978 checksum=65132640
