benchmark=alpha-encode-v3 iterations=10 files=41
metadata repo_commit=731c56d3fb2bde6ce2ad69ab59a8a7e0071e0077 libwebp_commit=733c91e461c18cf1127c9ed0a80dccbcfed599d3
metadata os=Darwin_25.4.0_arm64
metadata rustc=rustc_1.97.1_(8bab26f4f_2026-07-14)
metadata cc=Apple_clang_version_21.0.0_(clang-2100.1.1.101)
    Finished `release` profile [optimized] target(s) in 0.01s
     Running `webp-rs/target/release/examples/alpha_encode_bench 10 /Users/lance/Desktop/webp/third_party/corpus/libwebp-test-data/alpha_color_cache.webp /Users/lance/Desktop/webp/third_party/corpus/libwebp-test-data/alpha_filter_0_method_0.webp /Users/lance/Desktop/webp/third_party/corpus/libwebp-test-data/alpha_filter_0_method_1.webp /Users/lance/Desktop/webp/third_party/corpus/libwebp-test-data/alpha_filter_1.webp /Users/lance/Desktop/webp/third_party/corpus/libwebp-test-data/alpha_filter_1_method_0.webp /Users/lance/Desktop/webp/third_party/corpus/libwebp-test-data/alpha_filter_1_method_1.webp /Users/lance/Desktop/webp/third_party/corpus/libwebp-test-data/alpha_filter_2.webp /Users/lance/Desktop/webp/third_party/corpus/libwebp-test-data/alpha_filter_2_method_0.webp /Users/lance/Desktop/webp/third_party/corpus/libwebp-test-data/alpha_filter_2_method_1.webp /Users/lance/Desktop/webp/third_party/corpus/libwebp-test-data/alpha_filter_3.webp /Users/lance/Desktop/webp/third_party/corpus/libwebp-test-data/alpha_filter_3_method_0.webp /Users/lance/Desktop/webp/third_party/corpus/libwebp-test-data/alpha_filter_3_method_1.webp /Users/lance/Desktop/webp/third_party/corpus/libwebp-test-data/alpha_no_compression.webp /Users/lance/Desktop/webp/third_party/corpus/libwebp-test-data/big_endian_bug_393.webp /Users/lance/Desktop/webp/third_party/corpus/libwebp-test-data/dual_transform.webp /Users/lance/Desktop/webp/third_party/corpus/libwebp-test-data/lossless1.webp /Users/lance/Desktop/webp/third_party/corpus/libwebp-test-data/lossless2.webp /Users/lance/Desktop/webp/third_party/corpus/libwebp-test-data/lossless3.webp /Users/lance/Desktop/webp/third_party/corpus/libwebp-test-data/lossless4.webp /Users/lance/Desktop/webp/third_party/corpus/libwebp-test-data/lossless_big_random_alpha.webp /Users/lance/Desktop/webp/third_party/corpus/libwebp-test-data/lossless_vec_1_0.webp /Users/lance/Desktop/webp/third_party/corpus/libwebp-test-data/lossless_vec_1_1.webp /Users/lance/Desktop/webp/third_party/corpus/libwebp-test-data/lossless_vec_1_10.webp /Users/lance/Desktop/webp/third_party/corpus/libwebp-test-data/lossless_vec_1_11.webp /Users/lance/Desktop/webp/third_party/corpus/libwebp-test-data/lossless_vec_1_12.webp /Users/lance/Desktop/webp/third_party/corpus/libwebp-test-data/lossless_vec_1_13.webp /Users/lance/Desktop/webp/third_party/corpus/libwebp-test-data/lossless_vec_1_14.webp /Users/lance/Desktop/webp/third_party/corpus/libwebp-test-data/lossless_vec_1_15.webp /Users/lance/Desktop/webp/third_party/corpus/libwebp-test-data/lossless_vec_1_2.webp /Users/lance/Desktop/webp/third_party/corpus/libwebp-test-data/lossless_vec_1_3.webp /Users/lance/Desktop/webp/third_party/corpus/libwebp-test-data/lossless_vec_1_4.webp /Users/lance/Desktop/webp/third_party/corpus/libwebp-test-data/lossless_vec_1_5.webp /Users/lance/Desktop/webp/third_party/corpus/libwebp-test-data/lossless_vec_1_6.webp /Users/lance/Desktop/webp/third_party/corpus/libwebp-test-data/lossless_vec_1_7.webp /Users/lance/Desktop/webp/third_party/corpus/libwebp-test-data/lossless_vec_1_8.webp /Users/lance/Desktop/webp/third_party/corpus/libwebp-test-data/lossless_vec_1_9.webp /Users/lance/Desktop/webp/third_party/corpus/libwebp-test-data/lossy_alpha1.webp /Users/lance/Desktop/webp/third_party/corpus/libwebp-test-data/lossy_alpha2.webp /Users/lance/Desktop/webp/third_party/corpus/libwebp-test-data/lossy_alpha3.webp /Users/lance/Desktop/webp/third_party/corpus/libwebp-test-data/lossy_alpha4.webp /Users/lance/Desktop/webp/third_party/corpus/libwebp-test-data/one_color_no_palette.webp`
case encoder=rust file=alpha_color_cache.webp width=588 height=97 pixels=57036 distinct_alpha=91 transparent_pixels=18622 translucent_pixels=1307 alpha_compression=1 alpha_filter=0 output_bytes=2006 alpha_bytes=1820 alpha_bpp=0.255277 alpha_raw_ratio=0.031910
case encoder=rust file=alpha_filter_0_method_0.webp width=128 height=128 pixels=16384 distinct_alpha=16 transparent_pixels=0 translucent_pixels=16384 alpha_compression=1 alpha_filter=0 output_bytes=11340 alpha_bytes=6528 alpha_bpp=3.187500 alpha_raw_ratio=0.398438
case encoder=rust file=alpha_filter_0_method_1.webp width=128 height=128 pixels=16384 distinct_alpha=16 transparent_pixels=0 translucent_pixels=16384 alpha_compression=1 alpha_filter=0 output_bytes=11340 alpha_bytes=6528 alpha_bpp=3.187500 alpha_raw_ratio=0.398438
case encoder=rust file=alpha_filter_1.webp width=16 height=16 pixels=256 distinct_alpha=2 transparent_pixels=0 translucent_pixels=128 alpha_compression=1 alpha_filter=0 output_bytes=118 alpha_bytes=32 alpha_bpp=1.000000 alpha_raw_ratio=0.125000
case encoder=rust file=alpha_filter_1_method_0.webp width=128 height=128 pixels=16384 distinct_alpha=16 transparent_pixels=0 translucent_pixels=16384 alpha_compression=1 alpha_filter=0 output_bytes=11340 alpha_bytes=6528 alpha_bpp=3.187500 alpha_raw_ratio=0.398438
case encoder=rust file=alpha_filter_1_method_1.webp width=128 height=128 pixels=16384 distinct_alpha=16 transparent_pixels=0 translucent_pixels=16384 alpha_compression=1 alpha_filter=0 output_bytes=11340 alpha_bytes=6528 alpha_bpp=3.187500 alpha_raw_ratio=0.398438
case encoder=rust file=alpha_filter_2.webp width=16 height=16 pixels=256 distinct_alpha=2 transparent_pixels=0 translucent_pixels=128 alpha_compression=1 alpha_filter=0 output_bytes=118 alpha_bytes=32 alpha_bpp=1.000000 alpha_raw_ratio=0.125000
case encoder=rust file=alpha_filter_2_method_0.webp width=128 height=128 pixels=16384 distinct_alpha=16 transparent_pixels=0 translucent_pixels=16384 alpha_compression=1 alpha_filter=0 output_bytes=11340 alpha_bytes=6528 alpha_bpp=3.187500 alpha_raw_ratio=0.398438
case encoder=rust file=alpha_filter_2_method_1.webp width=128 height=128 pixels=16384 distinct_alpha=16 transparent_pixels=0 translucent_pixels=16384 alpha_compression=1 alpha_filter=0 output_bytes=11340 alpha_bytes=6528 alpha_bpp=3.187500 alpha_raw_ratio=0.398438
case encoder=rust file=alpha_filter_3.webp width=16 height=16 pixels=256 distinct_alpha=2 transparent_pixels=0 translucent_pixels=128 alpha_compression=1 alpha_filter=0 output_bytes=118 alpha_bytes=32 alpha_bpp=1.000000 alpha_raw_ratio=0.125000
case encoder=rust file=alpha_filter_3_method_0.webp width=128 height=128 pixels=16384 distinct_alpha=16 transparent_pixels=0 translucent_pixels=16384 alpha_compression=1 alpha_filter=0 output_bytes=11340 alpha_bytes=6528 alpha_bpp=3.187500 alpha_raw_ratio=0.398438
case encoder=rust file=alpha_filter_3_method_1.webp width=128 height=128 pixels=16384 distinct_alpha=16 transparent_pixels=0 translucent_pixels=16384 alpha_compression=1 alpha_filter=0 output_bytes=11340 alpha_bytes=6528 alpha_bpp=3.187500 alpha_raw_ratio=0.398438
case encoder=rust file=alpha_no_compression.webp width=16 height=16 pixels=256 distinct_alpha=2 transparent_pixels=0 translucent_pixels=128 alpha_compression=1 alpha_filter=0 output_bytes=118 alpha_bytes=32 alpha_bpp=1.000000 alpha_raw_ratio=0.125000
case encoder=rust file=big_endian_bug_393.webp width=256 height=256 pixels=65536 distinct_alpha=256 transparent_pixels=294 translucent_pixels=64980 alpha_compression=1 alpha_filter=0 output_bytes=16380 alpha_bytes=16187 alpha_bpp=1.975952 alpha_raw_ratio=0.246994
case encoder=rust file=dual_transform.webp width=100 height=30 pixels=3000 distinct_alpha=2 transparent_pixels=2269 translucent_pixels=0 alpha_compression=1 alpha_filter=0 output_bytes=268 alpha_bytes=189 alpha_bpp=0.504000 alpha_raw_ratio=0.063000
case encoder=rust file=lossless1.webp width=1000 height=307 pixels=307000 distinct_alpha=256 transparent_pixels=211284 translucent_pixels=5769 alpha_compression=1 alpha_filter=0 output_bytes=25330 alpha_bytes=12770 alpha_bpp=0.332769 alpha_raw_ratio=0.041596
case encoder=rust file=lossless2.webp width=1000 height=307 pixels=307000 distinct_alpha=256 transparent_pixels=211284 translucent_pixels=5769 alpha_compression=1 alpha_filter=0 output_bytes=25330 alpha_bytes=12770 alpha_bpp=0.332769 alpha_raw_ratio=0.041596
case encoder=rust file=lossless3.webp width=1000 height=307 pixels=307000 distinct_alpha=256 transparent_pixels=211284 translucent_pixels=5769 alpha_compression=1 alpha_filter=0 output_bytes=25330 alpha_bytes=12770 alpha_bpp=0.332769 alpha_raw_ratio=0.041596
case encoder=rust file=lossless4.webp width=256 height=256 pixels=65536 distinct_alpha=15 transparent_pixels=56361 translucent_pixels=8771 alpha_compression=1 alpha_filter=0 output_bytes=8508 alpha_bytes=3161 alpha_bpp=0.385864 alpha_raw_ratio=0.048233
case encoder=rust file=lossless_big_random_alpha.webp width=2048 height=2048 pixels=4194304 distinct_alpha=256 transparent_pixels=237642 translucent_pixels=3550512 alpha_compression=1 alpha_filter=0 output_bytes=6353440 alpha_bytes=3979860 alpha_bpp=7.590981 alpha_raw_ratio=0.948873
case encoder=rust file=lossless_vec_1_0.webp width=16 height=16 pixels=256 distinct_alpha=2 transparent_pixels=0 translucent_pixels=128 alpha_compression=1 alpha_filter=0 output_bytes=172 alpha_bytes=32 alpha_bpp=1.000000 alpha_raw_ratio=0.125000
case encoder=rust file=lossless_vec_1_1.webp width=16 height=16 pixels=256 distinct_alpha=2 transparent_pixels=0 translucent_pixels=128 alpha_compression=1 alpha_filter=0 output_bytes=172 alpha_bytes=32 alpha_bpp=1.000000 alpha_raw_ratio=0.125000
case encoder=rust file=lossless_vec_1_10.webp width=16 height=16 pixels=256 distinct_alpha=2 transparent_pixels=0 translucent_pixels=128 alpha_compression=1 alpha_filter=0 output_bytes=172 alpha_bytes=32 alpha_bpp=1.000000 alpha_raw_ratio=0.125000
case encoder=rust file=lossless_vec_1_11.webp width=16 height=16 pixels=256 distinct_alpha=2 transparent_pixels=0 translucent_pixels=128 alpha_compression=1 alpha_filter=0 output_bytes=172 alpha_bytes=32 alpha_bpp=1.000000 alpha_raw_ratio=0.125000
case encoder=rust file=lossless_vec_1_12.webp width=16 height=16 pixels=256 distinct_alpha=2 transparent_pixels=0 translucent_pixels=128 alpha_compression=1 alpha_filter=0 output_bytes=172 alpha_bytes=32 alpha_bpp=1.000000 alpha_raw_ratio=0.125000
case encoder=rust file=lossless_vec_1_13.webp width=16 height=16 pixels=256 distinct_alpha=2 transparent_pixels=0 translucent_pixels=128 alpha_compression=1 alpha_filter=0 output_bytes=172 alpha_bytes=32 alpha_bpp=1.000000 alpha_raw_ratio=0.125000
case encoder=rust file=lossless_vec_1_14.webp width=16 height=16 pixels=256 distinct_alpha=2 transparent_pixels=0 translucent_pixels=128 alpha_compression=1 alpha_filter=0 output_bytes=172 alpha_bytes=32 alpha_bpp=1.000000 alpha_raw_ratio=0.125000
case encoder=rust file=lossless_vec_1_15.webp width=16 height=16 pixels=256 distinct_alpha=2 transparent_pixels=0 translucent_pixels=128 alpha_compression=1 alpha_filter=0 output_bytes=172 alpha_bytes=32 alpha_bpp=1.000000 alpha_raw_ratio=0.125000
case encoder=rust file=lossless_vec_1_2.webp width=16 height=16 pixels=256 distinct_alpha=2 transparent_pixels=0 translucent_pixels=128 alpha_compression=1 alpha_filter=0 output_bytes=172 alpha_bytes=32 alpha_bpp=1.000000 alpha_raw_ratio=0.125000
case encoder=rust file=lossless_vec_1_3.webp width=16 height=16 pixels=256 distinct_alpha=2 transparent_pixels=0 translucent_pixels=128 alpha_compression=1 alpha_filter=0 output_bytes=172 alpha_bytes=32 alpha_bpp=1.000000 alpha_raw_ratio=0.125000
case encoder=rust file=lossless_vec_1_4.webp width=16 height=16 pixels=256 distinct_alpha=2 transparent_pixels=0 translucent_pixels=128 alpha_compression=1 alpha_filter=0 output_bytes=172 alpha_bytes=32 alpha_bpp=1.000000 alpha_raw_ratio=0.125000
case encoder=rust file=lossless_vec_1_5.webp width=16 height=16 pixels=256 distinct_alpha=2 transparent_pixels=0 translucent_pixels=128 alpha_compression=1 alpha_filter=0 output_bytes=172 alpha_bytes=32 alpha_bpp=1.000000 alpha_raw_ratio=0.125000
case encoder=rust file=lossless_vec_1_6.webp width=16 height=16 pixels=256 distinct_alpha=2 transparent_pixels=0 translucent_pixels=128 alpha_compression=1 alpha_filter=0 output_bytes=172 alpha_bytes=32 alpha_bpp=1.000000 alpha_raw_ratio=0.125000
case encoder=rust file=lossless_vec_1_7.webp width=16 height=16 pixels=256 distinct_alpha=2 transparent_pixels=0 translucent_pixels=128 alpha_compression=1 alpha_filter=0 output_bytes=172 alpha_bytes=32 alpha_bpp=1.000000 alpha_raw_ratio=0.125000
case encoder=rust file=lossless_vec_1_8.webp width=16 height=16 pixels=256 distinct_alpha=2 transparent_pixels=0 translucent_pixels=128 alpha_compression=1 alpha_filter=0 output_bytes=172 alpha_bytes=32 alpha_bpp=1.000000 alpha_raw_ratio=0.125000
case encoder=rust file=lossless_vec_1_9.webp width=16 height=16 pixels=256 distinct_alpha=2 transparent_pixels=0 translucent_pixels=128 alpha_compression=1 alpha_filter=0 output_bytes=172 alpha_bytes=32 alpha_bpp=1.000000 alpha_raw_ratio=0.125000
case encoder=rust file=lossy_alpha1.webp width=1000 height=307 pixels=307000 distinct_alpha=15 transparent_pixels=211672 translucent_pixels=4877 alpha_compression=1 alpha_filter=0 output_bytes=22544 alpha_bytes=9077 alpha_bpp=0.236534 alpha_raw_ratio=0.029567
case encoder=rust file=lossy_alpha2.webp width=1000 height=307 pixels=307000 distinct_alpha=10 transparent_pixels=211790 translucent_pixels=4639 alpha_compression=1 alpha_filter=0 output_bytes=22304 alpha_bytes=8545 alpha_bpp=0.222671 alpha_raw_ratio=0.027834
case encoder=rust file=lossy_alpha3.webp width=1000 height=307 pixels=307000 distinct_alpha=3 transparent_pixels=212731 translucent_pixels=2557 alpha_compression=1 alpha_filter=0 output_bytes=18710 alpha_bytes=5908 alpha_bpp=0.153954 alpha_raw_ratio=0.019244
case encoder=rust file=lossy_alpha4.webp width=100 height=100 pixels=10000 distinct_alpha=64 transparent_pixels=2584 translucent_pixels=4367 alpha_compression=1 alpha_filter=0 output_bytes=4706 alpha_bytes=2683 alpha_bpp=2.146400 alpha_raw_ratio=0.268300
case encoder=rust file=one_color_no_palette.webp width=100 height=100 pixels=10000 distinct_alpha=1 transparent_pixels=10000 translucent_pixels=0 alpha_compression=1 alpha_filter=0 output_bytes=110 alpha_bytes=18 alpha_bpp=0.014400 alpha_raw_ratio=0.001800
measurement encoder=rust profile=vp8-q75-alpha-lossless-fast file=alpha_color_cache.webp encodes=10 pixels=570360 output_bytes=20060 alpha_bytes=18200 elapsed_ms=30.688 mpix_s=18.586 ns_pixel=53.805 output_hash=fbedac7d8300c329
measurement encoder=rust profile=vp8-q75-alpha-lossless-fast file=alpha_filter_0_method_0.webp encodes=10 pixels=163840 output_bytes=113400 alpha_bytes=65280 elapsed_ms=15.080 mpix_s=10.865 ns_pixel=92.041 output_hash=702a0eefc316b1d1
measurement encoder=rust profile=vp8-q75-alpha-lossless-fast file=alpha_filter_0_method_1.webp encodes=10 pixels=163840 output_bytes=113400 alpha_bytes=65280 elapsed_ms=14.885 mpix_s=11.007 ns_pixel=90.853 output_hash=66346e9f9461f039
measurement encoder=rust profile=vp8-q75-alpha-lossless-fast file=alpha_filter_1.webp encodes=10 pixels=2560 output_bytes=1180 alpha_bytes=320 elapsed_ms=0.297 mpix_s=8.606 ns_pixel=116.195 output_hash=3738ffa34bf80391
measurement encoder=rust profile=vp8-q75-alpha-lossless-fast file=alpha_filter_1_method_0.webp encodes=10 pixels=163840 output_bytes=113400 alpha_bytes=65280 elapsed_ms=15.301 mpix_s=10.708 ns_pixel=93.388 output_hash=3e04b215b5da27f9
measurement encoder=rust profile=vp8-q75-alpha-lossless-fast file=alpha_filter_1_method_1.webp encodes=10 pixels=163840 output_bytes=113400 alpha_bytes=65280 elapsed_ms=15.810 mpix_s=10.363 ns_pixel=96.496 output_hash=bf16368ba9fc85e1
measurement encoder=rust profile=vp8-q75-alpha-lossless-fast file=alpha_filter_2.webp encodes=10 pixels=2560 output_bytes=1180 alpha_bytes=320 elapsed_ms=0.305 mpix_s=8.393 ns_pixel=119.141 output_hash=9a9fb4bfd789af19
measurement encoder=rust profile=vp8-q75-alpha-lossless-fast file=alpha_filter_2_method_0.webp encodes=10 pixels=163840 output_bytes=113400 alpha_bytes=65280 elapsed_ms=14.864 mpix_s=11.023 ns_pixel=90.723 output_hash=6eb1b2d00a4cc581
measurement encoder=rust profile=vp8-q75-alpha-lossless-fast file=alpha_filter_2_method_1.webp encodes=10 pixels=163840 output_bytes=113400 alpha_bytes=65280 elapsed_ms=14.866 mpix_s=11.021 ns_pixel=90.733 output_hash=d5c1a0c82bfcf429
measurement encoder=rust profile=vp8-q75-alpha-lossless-fast file=alpha_filter_3.webp encodes=10 pixels=2560 output_bytes=1180 alpha_bytes=320 elapsed_ms=0.303 mpix_s=8.460 ns_pixel=118.196 output_hash=2180dcf94912b3c1
measurement encoder=rust profile=vp8-q75-alpha-lossless-fast file=alpha_filter_3_method_0.webp encodes=10 pixels=163840 output_bytes=113400 alpha_bytes=65280 elapsed_ms=14.830 mpix_s=11.048 ns_pixel=90.513 output_hash=fa118862c378ed69
measurement encoder=rust profile=vp8-q75-alpha-lossless-fast file=alpha_filter_3_method_1.webp encodes=10 pixels=163840 output_bytes=113400 alpha_bytes=65280 elapsed_ms=14.824 mpix_s=11.052 ns_pixel=90.480 output_hash=a1d5602055e76c11
measurement encoder=rust profile=vp8-q75-alpha-lossless-fast file=alpha_no_compression.webp encodes=10 pixels=2560 output_bytes=1180 alpha_bytes=320 elapsed_ms=0.296 mpix_s=8.663 ns_pixel=115.430 output_hash=abc83278289f5209
measurement encoder=rust profile=vp8-q75-alpha-lossless-fast file=big_endian_bug_393.webp encodes=10 pixels=655360 output_bytes=163800 alpha_bytes=161870 elapsed_ms=33.385 mpix_s=19.630 ns_pixel=50.942 output_hash=664ac8ec297ed0b1
measurement encoder=rust profile=vp8-q75-alpha-lossless-fast file=dual_transform.webp encodes=10 pixels=30000 output_bytes=2680 alpha_bytes=1890 elapsed_ms=1.817 mpix_s=16.513 ns_pixel=60.558 output_hash=d9c574685cb94df9
measurement encoder=rust profile=vp8-q75-alpha-lossless-fast file=lossless1.webp encodes=10 pixels=3070000 output_bytes=253300 alpha_bytes=127700 elapsed_ms=189.266 mpix_s=16.221 ns_pixel=61.650 output_hash=ae69f7c85a863bc5
measurement encoder=rust profile=vp8-q75-alpha-lossless-fast file=lossless2.webp encodes=10 pixels=3070000 output_bytes=253300 alpha_bytes=127700 elapsed_ms=192.542 mpix_s=15.945 ns_pixel=62.717 output_hash=d7f8cd3e023e15a1
measurement encoder=rust profile=vp8-q75-alpha-lossless-fast file=lossless3.webp encodes=10 pixels=3070000 output_bytes=253300 alpha_bytes=127700 elapsed_ms=191.963 mpix_s=15.993 ns_pixel=62.529 output_hash=d910f363e8850f6d
measurement encoder=rust profile=vp8-q75-alpha-lossless-fast file=lossless4.webp encodes=10 pixels=655360 output_bytes=85080 alpha_bytes=31610 elapsed_ms=46.227 mpix_s=14.177 ns_pixel=70.538 output_hash=e6a4ceb1ea786719
measurement encoder=rust profile=vp8-q75-alpha-lossless-fast file=lossless_big_random_alpha.webp encodes=10 pixels=41943040 output_bytes=63534400 alpha_bytes=39798600 elapsed_ms=5353.960 mpix_s=7.834 ns_pixel=127.648 output_hash=abe58e31ef934e41
measurement encoder=rust profile=vp8-q75-alpha-lossless-fast file=lossless_vec_1_0.webp encodes=10 pixels=2560 output_bytes=1720 alpha_bytes=320 elapsed_ms=0.395 mpix_s=6.486 ns_pixel=154.183 output_hash=6cb8257701d386d1
measurement encoder=rust profile=vp8-q75-alpha-lossless-fast file=lossless_vec_1_1.webp encodes=10 pixels=2560 output_bytes=1720 alpha_bytes=320 elapsed_ms=0.342 mpix_s=7.495 ns_pixel=133.414 output_hash=6466d0debf184221
measurement encoder=rust profile=vp8-q75-alpha-lossless-fast file=lossless_vec_1_10.webp encodes=10 pixels=2560 output_bytes=1720 alpha_bytes=320 elapsed_ms=0.333 mpix_s=7.688 ns_pixel=130.078 output_hash=c5f338cc75bc3d31
measurement encoder=rust profile=vp8-q75-alpha-lossless-fast file=lossless_vec_1_11.webp encodes=10 pixels=2560 output_bytes=1720 alpha_bytes=320 elapsed_ms=0.332 mpix_s=7.706 ns_pixel=129.769 output_hash=8b78bd0ab6056a81
measurement encoder=rust profile=vp8-q75-alpha-lossless-fast file=lossless_vec_1_12.webp encodes=10 pixels=2560 output_bytes=1720 alpha_bytes=320 elapsed_ms=0.351 mpix_s=7.302 ns_pixel=136.947 output_hash=1205e17192eee111
measurement encoder=rust profile=vp8-q75-alpha-lossless-fast file=lossless_vec_1_13.webp encodes=10 pixels=2560 output_bytes=1720 alpha_bytes=320 elapsed_ms=0.348 mpix_s=7.362 ns_pixel=135.823 output_hash=e8c41f60a35a6461
measurement encoder=rust profile=vp8-q75-alpha-lossless-fast file=lossless_vec_1_14.webp encodes=10 pixels=2560 output_bytes=1720 alpha_bytes=320 elapsed_ms=0.336 mpix_s=7.624 ns_pixel=131.168 output_hash=45d5ca454ecaa671
measurement encoder=rust profile=vp8-q75-alpha-lossless-fast file=lossless_vec_1_15.webp encodes=10 pixels=2560 output_bytes=1720 alpha_bytes=320 elapsed_ms=0.333 mpix_s=7.677 ns_pixel=130.257 output_hash=99ea20453b827ec1
measurement encoder=rust profile=vp8-q75-alpha-lossless-fast file=lossless_vec_1_2.webp encodes=10 pixels=2560 output_bytes=1720 alpha_bytes=320 elapsed_ms=0.337 mpix_s=7.602 ns_pixel=131.543 output_hash=7e46f6e9d94a5b51
measurement encoder=rust profile=vp8-q75-alpha-lossless-fast file=lossless_vec_1_3.webp encodes=10 pixels=2560 output_bytes=1720 alpha_bytes=320 elapsed_ms=0.333 mpix_s=7.688 ns_pixel=130.078 output_hash=bae2d2f2890c40a1
measurement encoder=rust profile=vp8-q75-alpha-lossless-fast file=lossless_vec_1_4.webp encodes=10 pixels=2560 output_bytes=1720 alpha_bytes=320 elapsed_ms=0.337 mpix_s=7.602 ns_pixel=131.543 output_hash=e27660ce611a19b1
measurement encoder=rust profile=vp8-q75-alpha-lossless-fast file=lossless_vec_1_5.webp encodes=10 pixels=2560 output_bytes=1720 alpha_bytes=320 elapsed_ms=0.358 mpix_s=7.143 ns_pixel=139.990 output_hash=e07d0a009818af01
measurement encoder=rust profile=vp8-q75-alpha-lossless-fast file=lossless_vec_1_6.webp encodes=10 pixels=2560 output_bytes=1720 alpha_bytes=320 elapsed_ms=0.337 mpix_s=7.602 ns_pixel=131.543 output_hash=abab5698bbb17991
measurement encoder=rust profile=vp8-q75-alpha-lossless-fast file=lossless_vec_1_7.webp encodes=10 pixels=2560 output_bytes=1720 alpha_bytes=320 elapsed_ms=0.342 mpix_s=7.492 ns_pixel=133.480 output_hash=b8239cfef7fd82e1
measurement encoder=rust profile=vp8-q75-alpha-lossless-fast file=lossless_vec_1_8.webp encodes=10 pixels=2560 output_bytes=1720 alpha_bytes=320 elapsed_ms=0.332 mpix_s=7.703 ns_pixel=129.818 output_hash=25ca50e56dd798f1
measurement encoder=rust profile=vp8-q75-alpha-lossless-fast file=lossless_vec_1_9.webp encodes=10 pixels=2560 output_bytes=1720 alpha_bytes=320 elapsed_ms=0.337 mpix_s=7.590 ns_pixel=131.754 output_hash=3fb273be20ea0741
measurement encoder=rust profile=vp8-q75-alpha-lossless-fast file=lossy_alpha1.webp encodes=10 pixels=3070000 output_bytes=225440 alpha_bytes=90770 elapsed_ms=186.825 mpix_s=16.432 ns_pixel=60.855 output_hash=660ab09c27beabc5
measurement encoder=rust profile=vp8-q75-alpha-lossless-fast file=lossy_alpha2.webp encodes=10 pixels=3070000 output_bytes=223040 alpha_bytes=85450 elapsed_ms=186.329 mpix_s=16.476 ns_pixel=60.693 output_hash=87f642c1d310a365
measurement encoder=rust profile=vp8-q75-alpha-lossless-fast file=lossy_alpha3.webp encodes=10 pixels=3070000 output_bytes=187100 alpha_bytes=59080 elapsed_ms=174.807 mpix_s=17.562 ns_pixel=56.940 output_hash=c65151b892839985
measurement encoder=rust profile=vp8-q75-alpha-lossless-fast file=lossy_alpha4.webp encodes=10 pixels=100000 output_bytes=47060 alpha_bytes=26830 elapsed_ms=14.612 mpix_s=6.844 ns_pixel=146.121 output_hash=35c7713a7b88a5c5
measurement encoder=rust profile=vp8-q75-alpha-lossless-fast file=one_color_no_palette.webp encodes=10 pixels=100000 output_bytes=1100 alpha_bytes=180 elapsed_ms=5.104 mpix_s=19.591 ns_pixel=51.044 output_hash=0897482b7d1a94c5
aggregate encoder=rust profile=vp8-q75-alpha-lossless-fast files=41 encodes=410 pixels=63836040 rgba_bytes=255344160 output_bytes=66189100 alpha_bytes=41186220 elapsed_ms=6734.669 mpix_s=9.479 ns_pixel=105.499 checksum=66222720 output_hash=0897482b7d1a94c5
measurement encoder=rust profile=alpha-only-lossless-fast file=alpha_color_cache.webp encodes=10 pixels=570360 alpha_bytes=18200 elapsed_ms=6.515 mpix_s=87.541 ns_pixel=11.423 output_hash=d01537bda6af4bf5
measurement encoder=rust profile=alpha-only-lossless-fast file=alpha_filter_0_method_0.webp encodes=10 pixels=163840 alpha_bytes=65280 elapsed_ms=2.748 mpix_s=59.631 ns_pixel=16.770 output_hash=d19eb0ae6d0e7845
measurement encoder=rust profile=alpha-only-lossless-fast file=alpha_filter_0_method_1.webp encodes=10 pixels=163840 alpha_bytes=65280 elapsed_ms=2.674 mpix_s=61.264 ns_pixel=16.323 output_hash=caa40b7992422815
measurement encoder=rust profile=alpha-only-lossless-fast file=alpha_filter_1.webp encodes=10 pixels=2560 alpha_bytes=320 elapsed_ms=0.117 mpix_s=21.967 ns_pixel=45.524 output_hash=eeb80a8272fe1c9d
measurement encoder=rust profile=alpha-only-lossless-fast file=alpha_filter_1_method_0.webp encodes=10 pixels=163840 alpha_bytes=65280 elapsed_ms=2.648 mpix_s=61.882 ns_pixel=16.160 output_hash=43733bb70e6479cd
measurement encoder=rust profile=alpha-only-lossless-fast file=alpha_filter_1_method_1.webp encodes=10 pixels=163840 alpha_bytes=65280 elapsed_ms=2.616 mpix_s=62.642 ns_pixel=15.964 output_hash=f8da1768d1e0837d
measurement encoder=rust profile=alpha-only-lossless-fast file=alpha_filter_2.webp encodes=10 pixels=2560 alpha_bytes=320 elapsed_ms=0.105 mpix_s=24.381 ns_pixel=41.016 output_hash=18ee98e4c093e685
measurement encoder=rust profile=alpha-only-lossless-fast file=alpha_filter_2_method_0.webp encodes=10 pixels=163840 alpha_bytes=65280 elapsed_ms=2.611 mpix_s=62.738 ns_pixel=15.939 output_hash=ed193e2ff9db9d55
measurement encoder=rust profile=alpha-only-lossless-fast file=alpha_filter_2_method_1.webp encodes=10 pixels=163840 alpha_bytes=65280 elapsed_ms=2.586 mpix_s=63.358 ns_pixel=15.783 output_hash=b2d6a1d7e6f07125
measurement encoder=rust profile=alpha-only-lossless-fast file=alpha_filter_3.webp encodes=10 pixels=2560 alpha_bytes=320 elapsed_ms=0.101 mpix_s=25.315 ns_pixel=39.502 output_hash=64891d8ff6c6132d
measurement encoder=rust profile=alpha-only-lossless-fast file=alpha_filter_3_method_0.webp encodes=10 pixels=163840 alpha_bytes=65280 elapsed_ms=2.597 mpix_s=63.097 ns_pixel=15.849 output_hash=57825fdae901a15d
measurement encoder=rust profile=alpha-only-lossless-fast file=alpha_filter_3_method_1.webp encodes=10 pixels=163840 alpha_bytes=65280 elapsed_ms=2.577 mpix_s=63.585 ns_pixel=15.727 output_hash=63739dc850cb0c8d
measurement encoder=rust profile=alpha-only-lossless-fast file=alpha_no_compression.webp encodes=10 pixels=2560 alpha_bytes=320 elapsed_ms=0.100 mpix_s=25.515 ns_pixel=39.193 output_hash=c2efca5d11eaedd5
measurement encoder=rust profile=alpha-only-lossless-fast file=big_endian_bug_393.webp encodes=10 pixels=655360 alpha_bytes=161870 elapsed_ms=9.316 mpix_s=70.346 ns_pixel=14.215 output_hash=71b7cd0ac2bb6af1
measurement encoder=rust profile=alpha-only-lossless-fast file=dual_transform.webp encodes=10 pixels=30000 alpha_bytes=1890 elapsed_ms=0.449 mpix_s=66.827 ns_pixel=14.964 output_hash=7be45fd5e366821b
measurement encoder=rust profile=alpha-only-lossless-fast file=lossless1.webp encodes=10 pixels=3070000 alpha_bytes=127700 elapsed_ms=36.119 mpix_s=84.998 ns_pixel=11.765 output_hash=3608f1df9bc72c77
measurement encoder=rust profile=alpha-only-lossless-fast file=lossless2.webp encodes=10 pixels=3070000 alpha_bytes=127700 elapsed_ms=36.299 mpix_s=84.575 ns_pixel=11.824 output_hash=8991ee57c371f023
measurement encoder=rust profile=alpha-only-lossless-fast file=lossless3.webp encodes=10 pixels=3070000 alpha_bytes=127700 elapsed_ms=36.017 mpix_s=85.238 ns_pixel=11.732 output_hash=f0618fe5ca7684bf
measurement encoder=rust profile=alpha-only-lossless-fast file=lossless4.webp encodes=10 pixels=655360 alpha_bytes=31610 elapsed_ms=7.385 mpix_s=88.745 ns_pixel=11.268 output_hash=c1776accff1e8629
measurement encoder=rust profile=alpha-only-lossless-fast file=lossless_big_random_alpha.webp encodes=10 pixels=41943040 alpha_bytes=39798600 elapsed_ms=441.397 mpix_s=95.023 ns_pixel=10.524 output_hash=503cb600d35d2129
measurement encoder=rust profile=alpha-only-lossless-fast file=lossless_vec_1_0.webp encodes=10 pixels=2560 alpha_bytes=320 elapsed_ms=0.112 mpix_s=22.789 ns_pixel=43.880 output_hash=6ad549834bec79c1
measurement encoder=rust profile=alpha-only-lossless-fast file=lossless_vec_1_1.webp encodes=10 pixels=2560 alpha_bytes=320 elapsed_ms=0.094 mpix_s=27.102 ns_pixel=36.898 output_hash=95bad2a4ef940499
measurement encoder=rust profile=alpha-only-lossless-fast file=lossless_vec_1_10.webp encodes=10 pixels=2560 alpha_bytes=320 elapsed_ms=0.115 mpix_s=22.221 ns_pixel=45.003 output_hash=6b33897ce0d14a71
measurement encoder=rust profile=alpha-only-lossless-fast file=lossless_vec_1_11.webp encodes=10 pixels=2560 alpha_bytes=320 elapsed_ms=0.094 mpix_s=27.150 ns_pixel=36.833 output_hash=e08b903d16e454c9
measurement encoder=rust profile=alpha-only-lossless-fast file=lossless_vec_1_12.webp encodes=10 pixels=2560 alpha_bytes=320 elapsed_ms=0.095 mpix_s=27.078 ns_pixel=36.930 output_hash=62f293a31c1febe1
measurement encoder=rust profile=alpha-only-lossless-fast file=lossless_vec_1_13.webp encodes=10 pixels=2560 alpha_bytes=320 elapsed_ms=0.102 mpix_s=25.026 ns_pixel=39.958 output_hash=20f01085c90bd1b9
measurement encoder=rust profile=alpha-only-lossless-fast file=lossless_vec_1_14.webp encodes=10 pixels=2560 alpha_bytes=320 elapsed_ms=0.095 mpix_s=27.006 ns_pixel=37.028 output_hash=bfae89cd4df42c11
measurement encoder=rust profile=alpha-only-lossless-fast file=lossless_vec_1_15.webp encodes=10 pixels=2560 alpha_bytes=320 elapsed_ms=0.095 mpix_s=27.042 ns_pixel=36.979 output_hash=1bb6d9b3177ac6e9
measurement encoder=rust profile=alpha-only-lossless-fast file=lossless_vec_1_2.webp encodes=10 pixels=2560 alpha_bytes=320 elapsed_ms=0.094 mpix_s=27.222 ns_pixel=36.735 output_hash=1ce795903043cb81
measurement encoder=rust profile=alpha-only-lossless-fast file=lossless_vec_1_3.webp encodes=10 pixels=2560 alpha_bytes=320 elapsed_ms=0.095 mpix_s=26.959 ns_pixel=37.093 output_hash=19fce6c88b9de759
measurement encoder=rust profile=alpha-only-lossless-fast file=lossless_vec_1_4.webp encodes=10 pixels=2560 alpha_bytes=320 elapsed_ms=0.095 mpix_s=26.853 ns_pixel=37.240 output_hash=e165399ef4929731
measurement encoder=rust profile=alpha-only-lossless-fast file=lossless_vec_1_5.webp encodes=10 pixels=2560 alpha_bytes=320 elapsed_ms=0.094 mpix_s=27.138 ns_pixel=36.849 output_hash=ce3ea5a318bb4289
measurement encoder=rust profile=alpha-only-lossless-fast file=lossless_vec_1_6.webp encodes=10 pixels=2560 alpha_bytes=320 elapsed_ms=0.094 mpix_s=27.270 ns_pixel=36.670 output_hash=cdf4028758fc7aa1
measurement encoder=rust profile=alpha-only-lossless-fast file=lossless_vec_1_7.webp encodes=10 pixels=2560 alpha_bytes=320 elapsed_ms=0.095 mpix_s=27.090 ns_pixel=36.914 output_hash=6c0ac9a925ba0479
measurement encoder=rust profile=alpha-only-lossless-fast file=lossless_vec_1_8.webp encodes=10 pixels=2560 alpha_bytes=320 elapsed_ms=0.094 mpix_s=27.246 ns_pixel=36.703 output_hash=f12937b9d46374d1
measurement encoder=rust profile=alpha-only-lossless-fast file=lossless_vec_1_9.webp encodes=10 pixels=2560 alpha_bytes=320 elapsed_ms=0.094 mpix_s=27.114 ns_pixel=36.882 output_hash=8e22a9e503f36ca9
measurement encoder=rust profile=alpha-only-lossless-fast file=lossy_alpha1.webp encodes=10 pixels=3070000 alpha_bytes=90770 elapsed_ms=29.309 mpix_s=104.746 ns_pixel=9.547 output_hash=89883c9addda6745
measurement encoder=rust profile=alpha-only-lossless-fast file=lossy_alpha2.webp encodes=10 pixels=3070000 alpha_bytes=85450 elapsed_ms=25.923 mpix_s=118.429 ns_pixel=8.444 output_hash=12a0749390ea9a69
measurement encoder=rust profile=alpha-only-lossless-fast file=lossy_alpha3.webp encodes=10 pixels=3070000 alpha_bytes=59080 elapsed_ms=18.818 mpix_s=163.145 ns_pixel=6.130 output_hash=de6793eb3d35bfc9
measurement encoder=rust profile=alpha-only-lossless-fast file=lossy_alpha4.webp encodes=10 pixels=100000 alpha_bytes=26830 elapsed_ms=4.303 mpix_s=23.241 ns_pixel=43.027 output_hash=9462f18580392e99
measurement encoder=rust profile=alpha-only-lossless-fast file=one_color_no_palette.webp encodes=10 pixels=100000 alpha_bytes=180 elapsed_ms=0.368 mpix_s=271.770 ns_pixel=3.680 output_hash=65291bd20992cb89
aggregate encoder=rust profile=alpha-only-lossless-fast files=41 encodes=410 pixels=63836040 alpha_input_bytes=63836040 alpha_bytes=41186220 elapsed_ms=675.254 mpix_s=94.536 ns_pixel=10.578 checksum=41186630 output_hash=65291bd20992cb89
case encoder=libwebp file=alpha_color_cache.webp width=588 height=97 pixels=57036 distinct_alpha=91 transparent_pixels=18622 translucent_pixels=1307 alpha_compression=1 alpha_filter=0 output_bytes=1852 alpha_bytes=1641 alpha_bpp=0.230170 alpha_raw_ratio=0.028771
case encoder=libwebp file=alpha_filter_0_method_0.webp width=128 height=128 pixels=16384 distinct_alpha=16 transparent_pixels=0 translucent_pixels=16384 alpha_compression=1 alpha_filter=0 output_bytes=11868 alpha_bytes=6510 alpha_bpp=3.178711 alpha_raw_ratio=0.397339
case encoder=libwebp file=alpha_filter_0_method_1.webp width=128 height=128 pixels=16384 distinct_alpha=16 transparent_pixels=0 translucent_pixels=16384 alpha_compression=1 alpha_filter=0 output_bytes=11868 alpha_bytes=6510 alpha_bpp=3.178711 alpha_raw_ratio=0.397339
case encoder=libwebp file=alpha_filter_1.webp width=16 height=16 pixels=256 distinct_alpha=2 transparent_pixels=0 translucent_pixels=128 alpha_compression=1 alpha_filter=0 output_bytes=114 alpha_bytes=25 alpha_bpp=0.781250 alpha_raw_ratio=0.097656
case encoder=libwebp file=alpha_filter_1_method_0.webp width=128 height=128 pixels=16384 distinct_alpha=16 transparent_pixels=0 translucent_pixels=16384 alpha_compression=1 alpha_filter=0 output_bytes=11868 alpha_bytes=6510 alpha_bpp=3.178711 alpha_raw_ratio=0.397339
case encoder=libwebp file=alpha_filter_1_method_1.webp width=128 height=128 pixels=16384 distinct_alpha=16 transparent_pixels=0 translucent_pixels=16384 alpha_compression=1 alpha_filter=0 output_bytes=11868 alpha_bytes=6510 alpha_bpp=3.178711 alpha_raw_ratio=0.397339
case encoder=libwebp file=alpha_filter_2.webp width=16 height=16 pixels=256 distinct_alpha=2 transparent_pixels=0 translucent_pixels=128 alpha_compression=1 alpha_filter=0 output_bytes=114 alpha_bytes=25 alpha_bpp=0.781250 alpha_raw_ratio=0.097656
case encoder=libwebp file=alpha_filter_2_method_0.webp width=128 height=128 pixels=16384 distinct_alpha=16 transparent_pixels=0 translucent_pixels=16384 alpha_compression=1 alpha_filter=0 output_bytes=11868 alpha_bytes=6510 alpha_bpp=3.178711 alpha_raw_ratio=0.397339
case encoder=libwebp file=alpha_filter_2_method_1.webp width=128 height=128 pixels=16384 distinct_alpha=16 transparent_pixels=0 translucent_pixels=16384 alpha_compression=1 alpha_filter=0 output_bytes=11868 alpha_bytes=6510 alpha_bpp=3.178711 alpha_raw_ratio=0.397339
case encoder=libwebp file=alpha_filter_3.webp width=16 height=16 pixels=256 distinct_alpha=2 transparent_pixels=0 translucent_pixels=128 alpha_compression=1 alpha_filter=0 output_bytes=114 alpha_bytes=25 alpha_bpp=0.781250 alpha_raw_ratio=0.097656
case encoder=libwebp file=alpha_filter_3_method_0.webp width=128 height=128 pixels=16384 distinct_alpha=16 transparent_pixels=0 translucent_pixels=16384 alpha_compression=1 alpha_filter=0 output_bytes=11868 alpha_bytes=6510 alpha_bpp=3.178711 alpha_raw_ratio=0.397339
case encoder=libwebp file=alpha_filter_3_method_1.webp width=128 height=128 pixels=16384 distinct_alpha=16 transparent_pixels=0 translucent_pixels=16384 alpha_compression=1 alpha_filter=0 output_bytes=11868 alpha_bytes=6510 alpha_bpp=3.178711 alpha_raw_ratio=0.397339
case encoder=libwebp file=alpha_no_compression.webp width=16 height=16 pixels=256 distinct_alpha=2 transparent_pixels=0 translucent_pixels=128 alpha_compression=1 alpha_filter=0 output_bytes=114 alpha_bytes=25 alpha_bpp=0.781250 alpha_raw_ratio=0.097656
case encoder=libwebp file=big_endian_bug_393.webp width=256 height=256 pixels=65536 distinct_alpha=256 transparent_pixels=294 translucent_pixels=64980 alpha_compression=1 alpha_filter=0 output_bytes=16402 alpha_bytes=16185 alpha_bpp=1.975708 alpha_raw_ratio=0.246964
case encoder=libwebp file=dual_transform.webp width=100 height=30 pixels=3000 distinct_alpha=2 transparent_pixels=2269 translucent_pixels=0 alpha_compression=1 alpha_filter=0 output_bytes=276 alpha_bytes=184 alpha_bpp=0.490667 alpha_raw_ratio=0.061333
case encoder=libwebp file=lossless1.webp width=1000 height=307 pixels=307000 distinct_alpha=256 transparent_pixels=211284 translucent_pixels=5769 alpha_compression=1 alpha_filter=0 output_bytes=11472 alpha_bytes=9537 alpha_bpp=0.248521 alpha_raw_ratio=0.031065
case encoder=libwebp file=lossless2.webp width=1000 height=307 pixels=307000 distinct_alpha=256 transparent_pixels=211284 translucent_pixels=5769 alpha_compression=1 alpha_filter=0 output_bytes=11472 alpha_bytes=9537 alpha_bpp=0.248521 alpha_raw_ratio=0.031065
case encoder=libwebp file=lossless3.webp width=1000 height=307 pixels=307000 distinct_alpha=256 transparent_pixels=211284 translucent_pixels=5769 alpha_compression=1 alpha_filter=0 output_bytes=11472 alpha_bytes=9537 alpha_bpp=0.248521 alpha_raw_ratio=0.031065
case encoder=libwebp file=lossless4.webp width=256 height=256 pixels=65536 distinct_alpha=15 transparent_pixels=56361 translucent_pixels=8771 alpha_compression=1 alpha_filter=0 output_bytes=7778 alpha_bytes=2648 alpha_bpp=0.323242 alpha_raw_ratio=0.040405
case encoder=libwebp file=lossless_big_random_alpha.webp width=2048 height=2048 pixels=4194304 distinct_alpha=256 transparent_pixels=237642 translucent_pixels=3550512 alpha_compression=1 alpha_filter=0 output_bytes=6316150 alpha_bytes=3977804 alpha_bpp=7.587059 alpha_raw_ratio=0.948382
case encoder=libwebp file=lossless_vec_1_0.webp width=16 height=16 pixels=256 distinct_alpha=2 transparent_pixels=0 translucent_pixels=128 alpha_compression=1 alpha_filter=0 output_bytes=170 alpha_bytes=25 alpha_bpp=0.781250 alpha_raw_ratio=0.097656
case encoder=libwebp file=lossless_vec_1_1.webp width=16 height=16 pixels=256 distinct_alpha=2 transparent_pixels=0 translucent_pixels=128 alpha_compression=1 alpha_filter=0 output_bytes=170 alpha_bytes=25 alpha_bpp=0.781250 alpha_raw_ratio=0.097656
case encoder=libwebp file=lossless_vec_1_10.webp width=16 height=16 pixels=256 distinct_alpha=2 transparent_pixels=0 translucent_pixels=128 alpha_compression=1 alpha_filter=0 output_bytes=170 alpha_bytes=25 alpha_bpp=0.781250 alpha_raw_ratio=0.097656
case encoder=libwebp file=lossless_vec_1_11.webp width=16 height=16 pixels=256 distinct_alpha=2 transparent_pixels=0 translucent_pixels=128 alpha_compression=1 alpha_filter=0 output_bytes=170 alpha_bytes=25 alpha_bpp=0.781250 alpha_raw_ratio=0.097656
case encoder=libwebp file=lossless_vec_1_12.webp width=16 height=16 pixels=256 distinct_alpha=2 transparent_pixels=0 translucent_pixels=128 alpha_compression=1 alpha_filter=0 output_bytes=170 alpha_bytes=25 alpha_bpp=0.781250 alpha_raw_ratio=0.097656
case encoder=libwebp file=lossless_vec_1_13.webp width=16 height=16 pixels=256 distinct_alpha=2 transparent_pixels=0 translucent_pixels=128 alpha_compression=1 alpha_filter=0 output_bytes=170 alpha_bytes=25 alpha_bpp=0.781250 alpha_raw_ratio=0.097656
case encoder=libwebp file=lossless_vec_1_14.webp width=16 height=16 pixels=256 distinct_alpha=2 transparent_pixels=0 translucent_pixels=128 alpha_compression=1 alpha_filter=0 output_bytes=170 alpha_bytes=25 alpha_bpp=0.781250 alpha_raw_ratio=0.097656
case encoder=libwebp file=lossless_vec_1_15.webp width=16 height=16 pixels=256 distinct_alpha=2 transparent_pixels=0 translucent_pixels=128 alpha_compression=1 alpha_filter=0 output_bytes=170 alpha_bytes=25 alpha_bpp=0.781250 alpha_raw_ratio=0.097656
case encoder=libwebp file=lossless_vec_1_2.webp width=16 height=16 pixels=256 distinct_alpha=2 transparent_pixels=0 translucent_pixels=128 alpha_compression=1 alpha_filter=0 output_bytes=170 alpha_bytes=25 alpha_bpp=0.781250 alpha_raw_ratio=0.097656
case encoder=libwebp file=lossless_vec_1_3.webp width=16 height=16 pixels=256 distinct_alpha=2 transparent_pixels=0 translucent_pixels=128 alpha_compression=1 alpha_filter=0 output_bytes=170 alpha_bytes=25 alpha_bpp=0.781250 alpha_raw_ratio=0.097656
case encoder=libwebp file=lossless_vec_1_4.webp width=16 height=16 pixels=256 distinct_alpha=2 transparent_pixels=0 translucent_pixels=128 alpha_compression=1 alpha_filter=0 output_bytes=170 alpha_bytes=25 alpha_bpp=0.781250 alpha_raw_ratio=0.097656
case encoder=libwebp file=lossless_vec_1_5.webp width=16 height=16 pixels=256 distinct_alpha=2 transparent_pixels=0 translucent_pixels=128 alpha_compression=1 alpha_filter=0 output_bytes=170 alpha_bytes=25 alpha_bpp=0.781250 alpha_raw_ratio=0.097656
case encoder=libwebp file=lossless_vec_1_6.webp width=16 height=16 pixels=256 distinct_alpha=2 transparent_pixels=0 translucent_pixels=128 alpha_compression=1 alpha_filter=0 output_bytes=170 alpha_bytes=25 alpha_bpp=0.781250 alpha_raw_ratio=0.097656
case encoder=libwebp file=lossless_vec_1_7.webp width=16 height=16 pixels=256 distinct_alpha=2 transparent_pixels=0 translucent_pixels=128 alpha_compression=1 alpha_filter=0 output_bytes=170 alpha_bytes=25 alpha_bpp=0.781250 alpha_raw_ratio=0.097656
case encoder=libwebp file=lossless_vec_1_8.webp width=16 height=16 pixels=256 distinct_alpha=2 transparent_pixels=0 translucent_pixels=128 alpha_compression=1 alpha_filter=0 output_bytes=170 alpha_bytes=25 alpha_bpp=0.781250 alpha_raw_ratio=0.097656
case encoder=libwebp file=lossless_vec_1_9.webp width=16 height=16 pixels=256 distinct_alpha=2 transparent_pixels=0 translucent_pixels=128 alpha_compression=1 alpha_filter=0 output_bytes=170 alpha_bytes=25 alpha_bpp=0.781250 alpha_raw_ratio=0.097656
case encoder=libwebp file=lossy_alpha1.webp width=1000 height=307 pixels=307000 distinct_alpha=15 transparent_pixels=211672 translucent_pixels=4877 alpha_compression=1 alpha_filter=0 output_bytes=11570 alpha_bytes=6625 alpha_bpp=0.172638 alpha_raw_ratio=0.021580
case encoder=libwebp file=lossy_alpha2.webp width=1000 height=307 pixels=307000 distinct_alpha=10 transparent_pixels=211790 translucent_pixels=4639 alpha_compression=1 alpha_filter=0 output_bytes=11474 alpha_bytes=6016 alpha_bpp=0.156769 alpha_raw_ratio=0.019596
case encoder=libwebp file=lossy_alpha3.webp width=1000 height=307 pixels=307000 distinct_alpha=3 transparent_pixels=212731 translucent_pixels=2557 alpha_compression=1 alpha_filter=0 output_bytes=7902 alpha_bytes=3575 alpha_bpp=0.093160 alpha_raw_ratio=0.011645
case encoder=libwebp file=lossy_alpha4.webp width=100 height=100 pixels=10000 distinct_alpha=64 transparent_pixels=2584 translucent_pixels=4367 alpha_compression=1 alpha_filter=0 output_bytes=3836 alpha_bytes=2440 alpha_bpp=1.952000 alpha_raw_ratio=0.244000
case encoder=libwebp file=one_color_no_palette.webp width=100 height=100 pixels=10000 distinct_alpha=1 transparent_pixels=10000 translucent_pixels=0 alpha_compression=1 alpha_filter=0 output_bytes=126 alpha_bytes=16 alpha_bpp=0.012800 alpha_raw_ratio=0.001600
measurement encoder=libwebp profile=vp8-q75-alpha-lossless-fast file=alpha_color_cache.webp encodes=10 pixels=570360 output_bytes=18520 alpha_bytes=16410 elapsed_ms=32.275 mpix_s=17.672 ns_pixel=56.587
measurement encoder=libwebp profile=vp8-q75-alpha-lossless-fast file=alpha_filter_0_method_0.webp encodes=10 pixels=163840 output_bytes=118680 alpha_bytes=65100 elapsed_ms=27.074 mpix_s=6.052 ns_pixel=165.247
measurement encoder=libwebp profile=vp8-q75-alpha-lossless-fast file=alpha_filter_0_method_1.webp encodes=10 pixels=163840 output_bytes=118680 alpha_bytes=65100 elapsed_ms=26.606 mpix_s=6.158 ns_pixel=162.390
measurement encoder=libwebp profile=vp8-q75-alpha-lossless-fast file=alpha_filter_1.webp encodes=10 pixels=2560 output_bytes=1140 alpha_bytes=250 elapsed_ms=1.034 mpix_s=2.476 ns_pixel=403.906
measurement encoder=libwebp profile=vp8-q75-alpha-lossless-fast file=alpha_filter_1_method_0.webp encodes=10 pixels=163840 output_bytes=118680 alpha_bytes=65100 elapsed_ms=26.710 mpix_s=6.134 ns_pixel=163.025
measurement encoder=libwebp profile=vp8-q75-alpha-lossless-fast file=alpha_filter_1_method_1.webp encodes=10 pixels=163840 output_bytes=118680 alpha_bytes=65100 elapsed_ms=26.608 mpix_s=6.158 ns_pixel=162.402
measurement encoder=libwebp profile=vp8-q75-alpha-lossless-fast file=alpha_filter_2.webp encodes=10 pixels=2560 output_bytes=1140 alpha_bytes=250 elapsed_ms=1.021 mpix_s=2.507 ns_pixel=398.828
measurement encoder=libwebp profile=vp8-q75-alpha-lossless-fast file=alpha_filter_2_method_0.webp encodes=10 pixels=163840 output_bytes=118680 alpha_bytes=65100 elapsed_ms=26.467 mpix_s=6.190 ns_pixel=161.542
measurement encoder=libwebp profile=vp8-q75-alpha-lossless-fast file=alpha_filter_2_method_1.webp encodes=10 pixels=163840 output_bytes=118680 alpha_bytes=65100 elapsed_ms=26.560 mpix_s=6.169 ns_pixel=162.109
measurement encoder=libwebp profile=vp8-q75-alpha-lossless-fast file=alpha_filter_3.webp encodes=10 pixels=2560 output_bytes=1140 alpha_bytes=250 elapsed_ms=1.052 mpix_s=2.433 ns_pixel=410.937
measurement encoder=libwebp profile=vp8-q75-alpha-lossless-fast file=alpha_filter_3_method_0.webp encodes=10 pixels=163840 output_bytes=118680 alpha_bytes=65100 elapsed_ms=26.625 mpix_s=6.154 ns_pixel=162.506
measurement encoder=libwebp profile=vp8-q75-alpha-lossless-fast file=alpha_filter_3_method_1.webp encodes=10 pixels=163840 output_bytes=118680 alpha_bytes=65100 elapsed_ms=26.466 mpix_s=6.191 ns_pixel=161.536
measurement encoder=libwebp profile=vp8-q75-alpha-lossless-fast file=alpha_no_compression.webp encodes=10 pixels=2560 output_bytes=1140 alpha_bytes=250 elapsed_ms=1.022 mpix_s=2.505 ns_pixel=399.219
measurement encoder=libwebp profile=vp8-q75-alpha-lossless-fast file=big_endian_bug_393.webp encodes=10 pixels=655360 output_bytes=164020 alpha_bytes=161850 elapsed_ms=56.291 mpix_s=11.642 ns_pixel=85.893
measurement encoder=libwebp profile=vp8-q75-alpha-lossless-fast file=dual_transform.webp encodes=10 pixels=30000 output_bytes=2760 alpha_bytes=1840 elapsed_ms=2.284 mpix_s=13.135 ns_pixel=76.133
measurement encoder=libwebp profile=vp8-q75-alpha-lossless-fast file=lossless1.webp encodes=10 pixels=3070000 output_bytes=114720 alpha_bytes=95370 elapsed_ms=155.966 mpix_s=19.684 ns_pixel=50.803
measurement encoder=libwebp profile=vp8-q75-alpha-lossless-fast file=lossless2.webp encodes=10 pixels=3070000 output_bytes=114720 alpha_bytes=95370 elapsed_ms=156.289 mpix_s=19.643 ns_pixel=50.908
measurement encoder=libwebp profile=vp8-q75-alpha-lossless-fast file=lossless3.webp encodes=10 pixels=3070000 output_bytes=114720 alpha_bytes=95370 elapsed_ms=155.325 mpix_s=19.765 ns_pixel=50.594
measurement encoder=libwebp profile=vp8-q75-alpha-lossless-fast file=lossless4.webp encodes=10 pixels=655360 output_bytes=77780 alpha_bytes=26480 elapsed_ms=48.529 mpix_s=13.505 ns_pixel=74.049
measurement encoder=libwebp profile=vp8-q75-alpha-lossless-fast file=lossless_big_random_alpha.webp encodes=10 pixels=41943040 output_bytes=63161500 alpha_bytes=39778040 elapsed_ms=8124.290 mpix_s=5.163 ns_pixel=193.698
measurement encoder=libwebp profile=vp8-q75-alpha-lossless-fast file=lossless_vec_1_0.webp encodes=10 pixels=2560 output_bytes=1700 alpha_bytes=250 elapsed_ms=1.633 mpix_s=1.568 ns_pixel=637.891
measurement encoder=libwebp profile=vp8-q75-alpha-lossless-fast file=lossless_vec_1_1.webp encodes=10 pixels=2560 output_bytes=1700 alpha_bytes=250 elapsed_ms=1.349 mpix_s=1.898 ns_pixel=526.953
measurement encoder=libwebp profile=vp8-q75-alpha-lossless-fast file=lossless_vec_1_10.webp encodes=10 pixels=2560 output_bytes=1700 alpha_bytes=250 elapsed_ms=1.270 mpix_s=2.016 ns_pixel=496.094
measurement encoder=libwebp profile=vp8-q75-alpha-lossless-fast file=lossless_vec_1_11.webp encodes=10 pixels=2560 output_bytes=1700 alpha_bytes=250 elapsed_ms=1.285 mpix_s=1.992 ns_pixel=501.953
measurement encoder=libwebp profile=vp8-q75-alpha-lossless-fast file=lossless_vec_1_12.webp encodes=10 pixels=2560 output_bytes=1700 alpha_bytes=250 elapsed_ms=1.288 mpix_s=1.988 ns_pixel=503.125
measurement encoder=libwebp profile=vp8-q75-alpha-lossless-fast file=lossless_vec_1_13.webp encodes=10 pixels=2560 output_bytes=1700 alpha_bytes=250 elapsed_ms=1.279 mpix_s=2.002 ns_pixel=499.609
measurement encoder=libwebp profile=vp8-q75-alpha-lossless-fast file=lossless_vec_1_14.webp encodes=10 pixels=2560 output_bytes=1700 alpha_bytes=250 elapsed_ms=1.286 mpix_s=1.991 ns_pixel=502.344
measurement encoder=libwebp profile=vp8-q75-alpha-lossless-fast file=lossless_vec_1_15.webp encodes=10 pixels=2560 output_bytes=1700 alpha_bytes=250 elapsed_ms=1.259 mpix_s=2.033 ns_pixel=491.797
measurement encoder=libwebp profile=vp8-q75-alpha-lossless-fast file=lossless_vec_1_2.webp encodes=10 pixels=2560 output_bytes=1700 alpha_bytes=250 elapsed_ms=1.226 mpix_s=2.088 ns_pixel=478.906
measurement encoder=libwebp profile=vp8-q75-alpha-lossless-fast file=lossless_vec_1_3.webp encodes=10 pixels=2560 output_bytes=1700 alpha_bytes=250 elapsed_ms=1.222 mpix_s=2.095 ns_pixel=477.344
measurement encoder=libwebp profile=vp8-q75-alpha-lossless-fast file=lossless_vec_1_4.webp encodes=10 pixels=2560 output_bytes=1700 alpha_bytes=250 elapsed_ms=1.220 mpix_s=2.098 ns_pixel=476.562
measurement encoder=libwebp profile=vp8-q75-alpha-lossless-fast file=lossless_vec_1_5.webp encodes=10 pixels=2560 output_bytes=1700 alpha_bytes=250 elapsed_ms=1.240 mpix_s=2.065 ns_pixel=484.375
measurement encoder=libwebp profile=vp8-q75-alpha-lossless-fast file=lossless_vec_1_6.webp encodes=10 pixels=2560 output_bytes=1700 alpha_bytes=250 elapsed_ms=1.227 mpix_s=2.086 ns_pixel=479.297
measurement encoder=libwebp profile=vp8-q75-alpha-lossless-fast file=lossless_vec_1_7.webp encodes=10 pixels=2560 output_bytes=1700 alpha_bytes=250 elapsed_ms=1.218 mpix_s=2.102 ns_pixel=475.781
measurement encoder=libwebp profile=vp8-q75-alpha-lossless-fast file=lossless_vec_1_8.webp encodes=10 pixels=2560 output_bytes=1700 alpha_bytes=250 elapsed_ms=1.211 mpix_s=2.114 ns_pixel=473.047
measurement encoder=libwebp profile=vp8-q75-alpha-lossless-fast file=lossless_vec_1_9.webp encodes=10 pixels=2560 output_bytes=1700 alpha_bytes=250 elapsed_ms=1.242 mpix_s=2.061 ns_pixel=485.156
measurement encoder=libwebp profile=vp8-q75-alpha-lossless-fast file=lossy_alpha1.webp encodes=10 pixels=3070000 output_bytes=115700 alpha_bytes=66250 elapsed_ms=187.013 mpix_s=16.416 ns_pixel=60.916
measurement encoder=libwebp profile=vp8-q75-alpha-lossless-fast file=lossy_alpha2.webp encodes=10 pixels=3070000 output_bytes=114740 alpha_bytes=60160 elapsed_ms=182.264 mpix_s=16.844 ns_pixel=59.369
measurement encoder=libwebp profile=vp8-q75-alpha-lossless-fast file=lossy_alpha3.webp encodes=10 pixels=3070000 output_bytes=79020 alpha_bytes=35750 elapsed_ms=140.877 mpix_s=21.792 ns_pixel=45.888
measurement encoder=libwebp profile=vp8-q75-alpha-lossless-fast file=lossy_alpha4.webp encodes=10 pixels=100000 output_bytes=38360 alpha_bytes=24400 elapsed_ms=17.939 mpix_s=5.574 ns_pixel=179.390
measurement encoder=libwebp profile=vp8-q75-alpha-lossless-fast file=one_color_no_palette.webp encodes=10 pixels=100000 output_bytes=1260 alpha_bytes=160 elapsed_ms=4.746 mpix_s=21.070 ns_pixel=47.460
aggregate encoder=libwebp profile=vp8-q75-alpha-lossless-fast files=41 encodes=410 pixels=63836040 rgba_bytes=255344160 output_bytes=65099020 alpha_bytes=40983250 elapsed_ms=9501.788 mpix_s=6.718 ns_pixel=148.847 checksum=65132640
