   Compiling webp-core v0.1.0 (/private/tmp/p14-reproduce.DKGsw9/base/webp-rs/core)
   Compiling webp-vp8l-transform v0.1.0 (/private/tmp/p14-reproduce.DKGsw9/base/webp-rs/vp8l-transform)
   Compiling webp-vp8l-color-transform v0.1.0 (/private/tmp/p14-reproduce.DKGsw9/base/webp-rs/vp8l-color-transform)
   Compiling webp-vp8l-indexing v0.1.0 (/private/tmp/p14-reproduce.DKGsw9/base/webp-rs/vp8l-indexing)
   Compiling webp-vp8l-entropy v0.1.0 (/private/tmp/p14-reproduce.DKGsw9/base/webp-rs/vp8l-entropy)
   Compiling webp-vp8l v0.1.0 (/private/tmp/p14-reproduce.DKGsw9/base/webp-rs/vp8l)
   Compiling webp-vp8l-huffman v0.1.0 (/private/tmp/p14-reproduce.DKGsw9/base/webp-rs/vp8l-huffman)
   Compiling webp-animation v0.1.0 (/private/tmp/p14-reproduce.DKGsw9/base/webp-rs/animation)
   Compiling webp-container v0.1.0 (/private/tmp/p14-reproduce.DKGsw9/base/webp-rs/container)
   Compiling webp-vp8 v0.1.0 (/private/tmp/p14-reproduce.DKGsw9/base/webp-rs/vp8)
   Compiling webp-vp8l-color-cache v0.1.0 (/private/tmp/p14-reproduce.DKGsw9/base/webp-rs/vp8l-color-cache)
   Compiling webp-vp8l-literal v0.1.0 (/private/tmp/p14-reproduce.DKGsw9/base/webp-rs/vp8l-literal)
   Compiling webp-alpha v0.1.0 (/private/tmp/p14-reproduce.DKGsw9/base/webp-rs/alpha)
   Compiling webp v0.1.0 (/private/tmp/p14-reproduce.DKGsw9/base/webp-rs/webp)
    Finished `release` profile [optimized] target(s) in 1.71s
  Executable unittests src/lib.rs (/private/tmp/p14-reproduce.DKGsw9/base-target/release/deps/webp-018635ace19b190c)
   Compiling webp v0.1.0 (/private/tmp/p14-reproduce.DKGsw9/base/webp-rs/webp)
    Finished `release` profile [optimized] target(s) in 0.59s
   Compiling webp-core v0.1.0 (/private/tmp/p14-reproduce.DKGsw9/control/webp-rs/core)
   Compiling webp-vp8l-transform v0.1.0 (/private/tmp/p14-reproduce.DKGsw9/control/webp-rs/vp8l-transform)
   Compiling webp-vp8l-color-transform v0.1.0 (/private/tmp/p14-reproduce.DKGsw9/control/webp-rs/vp8l-color-transform)
   Compiling webp-vp8l-indexing v0.1.0 (/private/tmp/p14-reproduce.DKGsw9/control/webp-rs/vp8l-indexing)
   Compiling webp-vp8l-entropy v0.1.0 (/private/tmp/p14-reproduce.DKGsw9/control/webp-rs/vp8l-entropy)
   Compiling webp-vp8l-huffman v0.1.0 (/private/tmp/p14-reproduce.DKGsw9/control/webp-rs/vp8l-huffman)
   Compiling webp-vp8l v0.1.0 (/private/tmp/p14-reproduce.DKGsw9/control/webp-rs/vp8l)
   Compiling webp-container v0.1.0 (/private/tmp/p14-reproduce.DKGsw9/control/webp-rs/container)
   Compiling webp-vp8 v0.1.0 (/private/tmp/p14-reproduce.DKGsw9/control/webp-rs/vp8)
   Compiling webp-animation v0.1.0 (/private/tmp/p14-reproduce.DKGsw9/control/webp-rs/animation)
   Compiling webp-vp8l-color-cache v0.1.0 (/private/tmp/p14-reproduce.DKGsw9/control/webp-rs/vp8l-color-cache)
   Compiling webp-vp8l-literal v0.1.0 (/private/tmp/p14-reproduce.DKGsw9/control/webp-rs/vp8l-literal)
   Compiling webp-alpha v0.1.0 (/private/tmp/p14-reproduce.DKGsw9/control/webp-rs/alpha)
   Compiling webp v0.1.0 (/private/tmp/p14-reproduce.DKGsw9/control/webp-rs/webp)
    Finished `release` profile [optimized] target(s) in 1.74s
  Executable unittests src/lib.rs (/private/tmp/p14-reproduce.DKGsw9/control-target/release/deps/webp-018635ace19b190c)
   Compiling webp v0.1.0 (/private/tmp/p14-reproduce.DKGsw9/control/webp-rs/webp)
    Finished `release` profile [optimized] target(s) in 0.59s
   Compiling webp-core v0.1.0 (/private/tmp/p14-reproduce.DKGsw9/exact/webp-rs/core)
   Compiling webp-vp8l-transform v0.1.0 (/private/tmp/p14-reproduce.DKGsw9/exact/webp-rs/vp8l-transform)
   Compiling webp-vp8l-color-transform v0.1.0 (/private/tmp/p14-reproduce.DKGsw9/exact/webp-rs/vp8l-color-transform)
   Compiling webp-vp8l-indexing v0.1.0 (/private/tmp/p14-reproduce.DKGsw9/exact/webp-rs/vp8l-indexing)
   Compiling webp-vp8l-entropy v0.1.0 (/private/tmp/p14-reproduce.DKGsw9/exact/webp-rs/vp8l-entropy)
   Compiling webp-vp8l-huffman v0.1.0 (/private/tmp/p14-reproduce.DKGsw9/exact/webp-rs/vp8l-huffman)
   Compiling webp-vp8l v0.1.0 (/private/tmp/p14-reproduce.DKGsw9/exact/webp-rs/vp8l)
   Compiling webp-container v0.1.0 (/private/tmp/p14-reproduce.DKGsw9/exact/webp-rs/container)
   Compiling webp-animation v0.1.0 (/private/tmp/p14-reproduce.DKGsw9/exact/webp-rs/animation)
   Compiling webp-vp8 v0.1.0 (/private/tmp/p14-reproduce.DKGsw9/exact/webp-rs/vp8)
   Compiling webp-vp8l-color-cache v0.1.0 (/private/tmp/p14-reproduce.DKGsw9/exact/webp-rs/vp8l-color-cache)
   Compiling webp-vp8l-literal v0.1.0 (/private/tmp/p14-reproduce.DKGsw9/exact/webp-rs/vp8l-literal)
   Compiling webp-alpha v0.1.0 (/private/tmp/p14-reproduce.DKGsw9/exact/webp-rs/alpha)
   Compiling webp v0.1.0 (/private/tmp/p14-reproduce.DKGsw9/exact/webp-rs/webp)
    Finished `release` profile [optimized] target(s) in 1.86s
  Executable unittests src/lib.rs (/private/tmp/p14-reproduce.DKGsw9/exact-target/release/deps/webp-018635ace19b190c)
   Compiling webp v0.1.0 (/private/tmp/p14-reproduce.DKGsw9/exact/webp-rs/webp)
    Finished `release` profile [optimized] target(s) in 0.62s
   Compiling webp-core v0.1.0 (/private/tmp/p14-reproduce.DKGsw9/coarse/webp-rs/core)
   Compiling webp-vp8l-transform v0.1.0 (/private/tmp/p14-reproduce.DKGsw9/coarse/webp-rs/vp8l-transform)
   Compiling webp-vp8l-color-transform v0.1.0 (/private/tmp/p14-reproduce.DKGsw9/coarse/webp-rs/vp8l-color-transform)
   Compiling webp-vp8l-indexing v0.1.0 (/private/tmp/p14-reproduce.DKGsw9/coarse/webp-rs/vp8l-indexing)
   Compiling webp-vp8l-entropy v0.1.0 (/private/tmp/p14-reproduce.DKGsw9/coarse/webp-rs/vp8l-entropy)
   Compiling webp-vp8l v0.1.0 (/private/tmp/p14-reproduce.DKGsw9/coarse/webp-rs/vp8l)
   Compiling webp-vp8l-huffman v0.1.0 (/private/tmp/p14-reproduce.DKGsw9/coarse/webp-rs/vp8l-huffman)
   Compiling webp-animation v0.1.0 (/private/tmp/p14-reproduce.DKGsw9/coarse/webp-rs/animation)
   Compiling webp-vp8 v0.1.0 (/private/tmp/p14-reproduce.DKGsw9/coarse/webp-rs/vp8)
   Compiling webp-container v0.1.0 (/private/tmp/p14-reproduce.DKGsw9/coarse/webp-rs/container)
   Compiling webp-vp8l-color-cache v0.1.0 (/private/tmp/p14-reproduce.DKGsw9/coarse/webp-rs/vp8l-color-cache)
   Compiling webp-vp8l-literal v0.1.0 (/private/tmp/p14-reproduce.DKGsw9/coarse/webp-rs/vp8l-literal)
   Compiling webp-alpha v0.1.0 (/private/tmp/p14-reproduce.DKGsw9/coarse/webp-rs/alpha)
   Compiling webp v0.1.0 (/private/tmp/p14-reproduce.DKGsw9/coarse/webp-rs/webp)
    Finished `release` profile [optimized] target(s) in 1.90s
  Executable unittests src/lib.rs (/private/tmp/p14-reproduce.DKGsw9/coarse-target/release/deps/webp-018635ace19b190c)
   Compiling webp v0.1.0 (/private/tmp/p14-reproduce.DKGsw9/coarse/webp-rs/webp)
    Finished `release` profile [optimized] target(s) in 0.64s
./gate-summary.json: OK
./raw/binary-artifacts.tsv: OK
./raw/corpus-manifest-102.tsv: OK
./raw/correctness-exact-symbol/libwebp-oracle.stderr: OK
./raw/correctness-exact-symbol/libwebp-oracle.tsv: OK
./raw/correctness-exact-symbol/project-generate.stderr: OK
./raw/correctness-exact-symbol/project-generate.tsv: OK
./raw/identity-306-final/identity-306.tsv: OK
./raw/identity-306-final/oracle-918.tsv: OK
./raw/identity-306-final/run.json: OK
./raw/phase-a-102/phase-a.stderr: OK
./raw/phase-a-102/phase-a.tsv: OK
./raw/phase-b-102/phase-b.stderr: OK
./raw/phase-b-102/phase-b.tsv: OK
./raw/screen-41-exact-symbol-libwebp-decode/measurements/01-warmup-decode-compact-ordered-product-control.stderr: OK
./raw/screen-41-exact-symbol-libwebp-decode/measurements/01-warmup-decode-compact-ordered-product-control.tsv: OK
./raw/screen-41-exact-symbol-libwebp-decode/measurements/02-warmup-decode-compact-frequency-owned.stderr: OK
./raw/screen-41-exact-symbol-libwebp-decode/measurements/02-warmup-decode-compact-frequency-owned.tsv: OK
./raw/screen-41-exact-symbol-libwebp-decode/measurements/03-warmup-decode-low-latency-ordered-product-control.stderr: OK
./raw/screen-41-exact-symbol-libwebp-decode/measurements/03-warmup-decode-low-latency-ordered-product-control.tsv: OK
./raw/screen-41-exact-symbol-libwebp-decode/measurements/04-warmup-decode-low-latency-frequency-owned.stderr: OK
./raw/screen-41-exact-symbol-libwebp-decode/measurements/04-warmup-decode-low-latency-frequency-owned.tsv: OK
./raw/screen-41-exact-symbol-libwebp-decode/measurements/05-r1-decode-compact-ordered-product-control.stderr: OK
./raw/screen-41-exact-symbol-libwebp-decode/measurements/05-r1-decode-compact-ordered-product-control.tsv: OK
./raw/screen-41-exact-symbol-libwebp-decode/measurements/06-r1-decode-compact-frequency-owned.stderr: OK
./raw/screen-41-exact-symbol-libwebp-decode/measurements/06-r1-decode-compact-frequency-owned.tsv: OK
./raw/screen-41-exact-symbol-libwebp-decode/measurements/07-r1-decode-low-latency-ordered-product-control.stderr: OK
./raw/screen-41-exact-symbol-libwebp-decode/measurements/07-r1-decode-low-latency-ordered-product-control.tsv: OK
./raw/screen-41-exact-symbol-libwebp-decode/measurements/08-r1-decode-low-latency-frequency-owned.stderr: OK
./raw/screen-41-exact-symbol-libwebp-decode/measurements/08-r1-decode-low-latency-frequency-owned.tsv: OK
./raw/screen-41-exact-symbol-libwebp-decode/measurements/09-r2-decode-low-latency-frequency-owned.stderr: OK
./raw/screen-41-exact-symbol-libwebp-decode/measurements/09-r2-decode-low-latency-frequency-owned.tsv: OK
./raw/screen-41-exact-symbol-libwebp-decode/measurements/10-r2-decode-low-latency-ordered-product-control.stderr: OK
./raw/screen-41-exact-symbol-libwebp-decode/measurements/10-r2-decode-low-latency-ordered-product-control.tsv: OK
./raw/screen-41-exact-symbol-libwebp-decode/measurements/11-r2-decode-compact-frequency-owned.stderr: OK
./raw/screen-41-exact-symbol-libwebp-decode/measurements/11-r2-decode-compact-frequency-owned.tsv: OK
./raw/screen-41-exact-symbol-libwebp-decode/measurements/12-r2-decode-compact-ordered-product-control.stderr: OK
./raw/screen-41-exact-symbol-libwebp-decode/measurements/12-r2-decode-compact-ordered-product-control.tsv: OK
./raw/screen-41-exact-symbol-libwebp-decode/measurements/13-r3-decode-compact-ordered-product-control.stderr: OK
./raw/screen-41-exact-symbol-libwebp-decode/measurements/13-r3-decode-compact-ordered-product-control.tsv: OK
./raw/screen-41-exact-symbol-libwebp-decode/measurements/14-r3-decode-compact-frequency-owned.stderr: OK
./raw/screen-41-exact-symbol-libwebp-decode/measurements/14-r3-decode-compact-frequency-owned.tsv: OK
./raw/screen-41-exact-symbol-libwebp-decode/measurements/15-r3-decode-low-latency-ordered-product-control.stderr: OK
./raw/screen-41-exact-symbol-libwebp-decode/measurements/15-r3-decode-low-latency-ordered-product-control.tsv: OK
./raw/screen-41-exact-symbol-libwebp-decode/measurements/16-r3-decode-low-latency-frequency-owned.stderr: OK
./raw/screen-41-exact-symbol-libwebp-decode/measurements/16-r3-decode-low-latency-frequency-owned.tsv: OK
./raw/screen-41-exact-symbol-libwebp-decode/processes.jsonl: OK
./raw/screen-41-exact-symbol-libwebp-decode/run.json: OK
./raw/screen-41-exact-symbol-rust-decode/measurements/01-warmup-decode-compact-ordered-product-control.stderr: OK
./raw/screen-41-exact-symbol-rust-decode/measurements/01-warmup-decode-compact-ordered-product-control.tsv: OK
./raw/screen-41-exact-symbol-rust-decode/measurements/02-warmup-decode-compact-frequency-owned.stderr: OK
./raw/screen-41-exact-symbol-rust-decode/measurements/02-warmup-decode-compact-frequency-owned.tsv: OK
./raw/screen-41-exact-symbol-rust-decode/measurements/03-warmup-decode-low-latency-ordered-product-control.stderr: OK
./raw/screen-41-exact-symbol-rust-decode/measurements/03-warmup-decode-low-latency-ordered-product-control.tsv: OK
./raw/screen-41-exact-symbol-rust-decode/measurements/04-warmup-decode-low-latency-frequency-owned.stderr: OK
./raw/screen-41-exact-symbol-rust-decode/measurements/04-warmup-decode-low-latency-frequency-owned.tsv: OK
./raw/screen-41-exact-symbol-rust-decode/measurements/05-r1-decode-compact-ordered-product-control.stderr: OK
./raw/screen-41-exact-symbol-rust-decode/measurements/05-r1-decode-compact-ordered-product-control.tsv: OK
./raw/screen-41-exact-symbol-rust-decode/measurements/06-r1-decode-compact-frequency-owned.stderr: OK
./raw/screen-41-exact-symbol-rust-decode/measurements/06-r1-decode-compact-frequency-owned.tsv: OK
./raw/screen-41-exact-symbol-rust-decode/measurements/07-r1-decode-low-latency-ordered-product-control.stderr: OK
./raw/screen-41-exact-symbol-rust-decode/measurements/07-r1-decode-low-latency-ordered-product-control.tsv: OK
./raw/screen-41-exact-symbol-rust-decode/measurements/08-r1-decode-low-latency-frequency-owned.stderr: OK
./raw/screen-41-exact-symbol-rust-decode/measurements/08-r1-decode-low-latency-frequency-owned.tsv: OK
./raw/screen-41-exact-symbol-rust-decode/measurements/09-r2-decode-low-latency-frequency-owned.stderr: OK
./raw/screen-41-exact-symbol-rust-decode/measurements/09-r2-decode-low-latency-frequency-owned.tsv: OK
./raw/screen-41-exact-symbol-rust-decode/measurements/10-r2-decode-low-latency-ordered-product-control.stderr: OK
./raw/screen-41-exact-symbol-rust-decode/measurements/10-r2-decode-low-latency-ordered-product-control.tsv: OK
./raw/screen-41-exact-symbol-rust-decode/measurements/11-r2-decode-compact-frequency-owned.stderr: OK
./raw/screen-41-exact-symbol-rust-decode/measurements/11-r2-decode-compact-frequency-owned.tsv: OK
./raw/screen-41-exact-symbol-rust-decode/measurements/12-r2-decode-compact-ordered-product-control.stderr: OK
./raw/screen-41-exact-symbol-rust-decode/measurements/12-r2-decode-compact-ordered-product-control.tsv: OK
./raw/screen-41-exact-symbol-rust-decode/measurements/13-r3-decode-compact-ordered-product-control.stderr: OK
./raw/screen-41-exact-symbol-rust-decode/measurements/13-r3-decode-compact-ordered-product-control.tsv: OK
./raw/screen-41-exact-symbol-rust-decode/measurements/14-r3-decode-compact-frequency-owned.stderr: OK
./raw/screen-41-exact-symbol-rust-decode/measurements/14-r3-decode-compact-frequency-owned.tsv: OK
./raw/screen-41-exact-symbol-rust-decode/measurements/15-r3-decode-low-latency-ordered-product-control.stderr: OK
./raw/screen-41-exact-symbol-rust-decode/measurements/15-r3-decode-low-latency-ordered-product-control.tsv: OK
./raw/screen-41-exact-symbol-rust-decode/measurements/16-r3-decode-low-latency-frequency-owned.stderr: OK
./raw/screen-41-exact-symbol-rust-decode/measurements/16-r3-decode-low-latency-frequency-owned.tsv: OK
./raw/screen-41-exact-symbol-rust-decode/processes.jsonl: OK
./raw/screen-41-exact-symbol-rust-decode/run.json: OK
./raw/screen-41-exact-symbol/measurements/01-warmup-encode-compact-ordered-product-control.stderr: OK
./raw/screen-41-exact-symbol/measurements/01-warmup-encode-compact-ordered-product-control.tsv: OK
./raw/screen-41-exact-symbol/measurements/02-warmup-encode-compact-frequency-owned.stderr: OK
./raw/screen-41-exact-symbol/measurements/02-warmup-encode-compact-frequency-owned.tsv: OK
./raw/screen-41-exact-symbol/measurements/03-warmup-encode-low-latency-ordered-product-control.stderr: OK
./raw/screen-41-exact-symbol/measurements/03-warmup-encode-low-latency-ordered-product-control.tsv: OK
./raw/screen-41-exact-symbol/measurements/04-warmup-encode-low-latency-frequency-owned.stderr: OK
./raw/screen-41-exact-symbol/measurements/04-warmup-encode-low-latency-frequency-owned.tsv: OK
./raw/screen-41-exact-symbol/measurements/05-r1-encode-compact-ordered-product-control.stderr: OK
./raw/screen-41-exact-symbol/measurements/05-r1-encode-compact-ordered-product-control.tsv: OK
./raw/screen-41-exact-symbol/measurements/06-r1-encode-compact-frequency-owned.stderr: OK
./raw/screen-41-exact-symbol/measurements/06-r1-encode-compact-frequency-owned.tsv: OK
./raw/screen-41-exact-symbol/measurements/07-r1-encode-low-latency-ordered-product-control.stderr: OK
./raw/screen-41-exact-symbol/measurements/07-r1-encode-low-latency-ordered-product-control.tsv: OK
./raw/screen-41-exact-symbol/measurements/08-r1-encode-low-latency-frequency-owned.stderr: OK
./raw/screen-41-exact-symbol/measurements/08-r1-encode-low-latency-frequency-owned.tsv: OK
./raw/screen-41-exact-symbol/measurements/09-r2-encode-low-latency-frequency-owned.stderr: OK
./raw/screen-41-exact-symbol/measurements/09-r2-encode-low-latency-frequency-owned.tsv: OK
./raw/screen-41-exact-symbol/measurements/10-r2-encode-low-latency-ordered-product-control.stderr: OK
./raw/screen-41-exact-symbol/measurements/10-r2-encode-low-latency-ordered-product-control.tsv: OK
./raw/screen-41-exact-symbol/measurements/11-r2-encode-compact-frequency-owned.stderr: OK
./raw/screen-41-exact-symbol/measurements/11-r2-encode-compact-frequency-owned.tsv: OK
./raw/screen-41-exact-symbol/measurements/12-r2-encode-compact-ordered-product-control.stderr: OK
./raw/screen-41-exact-symbol/measurements/12-r2-encode-compact-ordered-product-control.tsv: OK
./raw/screen-41-exact-symbol/measurements/13-r3-encode-compact-ordered-product-control.stderr: OK
./raw/screen-41-exact-symbol/measurements/13-r3-encode-compact-ordered-product-control.tsv: OK
./raw/screen-41-exact-symbol/measurements/14-r3-encode-compact-frequency-owned.stderr: OK
./raw/screen-41-exact-symbol/measurements/14-r3-encode-compact-frequency-owned.tsv: OK
./raw/screen-41-exact-symbol/measurements/15-r3-encode-low-latency-ordered-product-control.stderr: OK
./raw/screen-41-exact-symbol/measurements/15-r3-encode-low-latency-ordered-product-control.tsv: OK
./raw/screen-41-exact-symbol/measurements/16-r3-encode-low-latency-frequency-owned.stderr: OK
./raw/screen-41-exact-symbol/measurements/16-r3-encode-low-latency-frequency-owned.tsv: OK
./raw/screen-41-exact-symbol/processes.jsonl: OK
./raw/screen-41-exact-symbol/run.json: OK
./raw/screen-manifest-41.tsv: OK
./raw/validation-final/build-release.log: OK
./raw/validation-final/clippy.log: OK
./raw/validation-final/doctest.log: OK
./raw/validation-final/fmt.log: OK
./raw/validation-final/rustdoc.log: OK
./raw/validation-final/test-release.log: OK
./raw/validation-final/test-workspace.log: OK
./raw/validation-final/toolchain.txt: OK
./raw/validation-final/validation.tsv: OK
./reproduction-status.txt: OK
