./REPORT.md: OK
./gate-summary.json: OK
./invalidated-runs/libwebp-wrong-build-path/README.md: OK
./invalidated-runs/libwebp-wrong-build-path/libwebp-compare.stderr: OK
./invalidated-runs/libwebp-wrong-build-path/libwebp-compare.tsv: OK
./invalidated-runs/pre-symbol-support-smoke.md: OK
./invalidated-runs/superseded-screen-encode-pre-control-generator/INVALIDATED.md: OK
./invalidated-runs/superseded-screen-encode-pre-control-generator/measurements/01-warmup-encode-compact-control.stderr: OK
./invalidated-runs/superseded-screen-encode-pre-control-generator/measurements/01-warmup-encode-compact-control.tsv: OK
./invalidated-runs/superseded-screen-encode-pre-control-generator/measurements/02-warmup-encode-compact.stderr: OK
./invalidated-runs/superseded-screen-encode-pre-control-generator/measurements/02-warmup-encode-compact.tsv: OK
./invalidated-runs/superseded-screen-encode-pre-control-generator/measurements/03-warmup-encode-low-latency-control.stderr: OK
./invalidated-runs/superseded-screen-encode-pre-control-generator/measurements/03-warmup-encode-low-latency-control.tsv: OK
./invalidated-runs/superseded-screen-encode-pre-control-generator/measurements/04-warmup-encode-low-latency.stderr: OK
./invalidated-runs/superseded-screen-encode-pre-control-generator/measurements/04-warmup-encode-low-latency.tsv: OK
./invalidated-runs/superseded-screen-encode-pre-control-generator/measurements/05-r1-encode-compact-control.stderr: OK
./invalidated-runs/superseded-screen-encode-pre-control-generator/measurements/05-r1-encode-compact-control.tsv: OK
./invalidated-runs/superseded-screen-encode-pre-control-generator/measurements/06-r1-encode-compact.stderr: OK
./invalidated-runs/superseded-screen-encode-pre-control-generator/measurements/06-r1-encode-compact.tsv: OK
./invalidated-runs/superseded-screen-encode-pre-control-generator/measurements/07-r1-encode-low-latency-control.stderr: OK
./invalidated-runs/superseded-screen-encode-pre-control-generator/measurements/07-r1-encode-low-latency-control.tsv: OK
./invalidated-runs/superseded-screen-encode-pre-control-generator/measurements/08-r1-encode-low-latency.stderr: OK
./invalidated-runs/superseded-screen-encode-pre-control-generator/measurements/08-r1-encode-low-latency.tsv: OK
./invalidated-runs/superseded-screen-encode-pre-control-generator/measurements/09-r2-encode-low-latency.stderr: OK
./invalidated-runs/superseded-screen-encode-pre-control-generator/measurements/09-r2-encode-low-latency.tsv: OK
./invalidated-runs/superseded-screen-encode-pre-control-generator/measurements/10-r2-encode-low-latency-control.stderr: OK
./invalidated-runs/superseded-screen-encode-pre-control-generator/measurements/10-r2-encode-low-latency-control.tsv: OK
./invalidated-runs/superseded-screen-encode-pre-control-generator/measurements/11-r2-encode-compact.stderr: OK
./invalidated-runs/superseded-screen-encode-pre-control-generator/measurements/11-r2-encode-compact.tsv: OK
./invalidated-runs/superseded-screen-encode-pre-control-generator/measurements/12-r2-encode-compact-control.stderr: OK
./invalidated-runs/superseded-screen-encode-pre-control-generator/measurements/12-r2-encode-compact-control.tsv: OK
./invalidated-runs/superseded-screen-encode-pre-control-generator/measurements/13-r3-encode-compact-control.stderr: OK
./invalidated-runs/superseded-screen-encode-pre-control-generator/measurements/13-r3-encode-compact-control.tsv: OK
./invalidated-runs/superseded-screen-encode-pre-control-generator/measurements/14-r3-encode-compact.stderr: OK
./invalidated-runs/superseded-screen-encode-pre-control-generator/measurements/14-r3-encode-compact.tsv: OK
./invalidated-runs/superseded-screen-encode-pre-control-generator/measurements/15-r3-encode-low-latency-control.stderr: OK
./invalidated-runs/superseded-screen-encode-pre-control-generator/measurements/15-r3-encode-low-latency-control.tsv: OK
./invalidated-runs/superseded-screen-encode-pre-control-generator/measurements/16-r3-encode-low-latency.stderr: OK
./invalidated-runs/superseded-screen-encode-pre-control-generator/measurements/16-r3-encode-low-latency.tsv: OK
./invalidated-runs/superseded-screen-encode-pre-control-generator/processes.jsonl: OK
./invalidated-runs/superseded-screen-encode-pre-control-generator/run.json: OK
./invalidated-runs/wrong-validation-output-root/README.md: OK
./invalidated-runs/wrong-validation-output-root/logs/build-release.log: OK
./invalidated-runs/wrong-validation-output-root/logs/clippy.log: OK
./invalidated-runs/wrong-validation-output-root/logs/doctest.log: OK
./invalidated-runs/wrong-validation-output-root/logs/fmt.log: OK
./invalidated-runs/wrong-validation-output-root/logs/installed-targets.txt: OK
./invalidated-runs/wrong-validation-output-root/logs/rustdoc.log: OK
./invalidated-runs/wrong-validation-output-root/logs/test-release.log: OK
./invalidated-runs/wrong-validation-output-root/logs/test-workspace.log: OK
./invalidated-runs/wrong-validation-output-root/logs/toolchain.txt: OK
./invalidated-runs/wrong-validation-output-root/premature-validation.tsv: OK
./phase-a-summary.json: OK
./provenance.txt: OK
./raw/corpus-manifest-102.tsv: OK
./raw/formal-102x5-not-run.txt: OK
./raw/identity-306-final/identity-306.tsv: OK
./raw/identity-306-final/oracle-918.tsv: OK
./raw/identity-306-final/run.json: OK
./raw/phase-a-102/phase-a.stderr: OK
./raw/phase-a-102/phase-a.tsv: OK
./raw/pre-screen-fairness-review.md: OK
./raw/reproduction-final-status.txt: OK
./raw/reproduction-final.log: OK
./raw/reproduction-output-sha256.txt: OK
./raw/resource-and-api-audit.md: OK
./raw/screen-41-correctness/libwebp-compare.stderr: OK
./raw/screen-41-correctness/libwebp-compare.tsv: OK
./raw/screen-41-correctness/project-generate.stderr: OK
./raw/screen-41-correctness/project-generate.tsv: OK
./raw/screen-41-encode/measurements/01-warmup-encode-compact-control.stderr: OK
./raw/screen-41-encode/measurements/01-warmup-encode-compact-control.tsv: OK
./raw/screen-41-encode/measurements/02-warmup-encode-compact.stderr: OK
./raw/screen-41-encode/measurements/02-warmup-encode-compact.tsv: OK
./raw/screen-41-encode/measurements/03-warmup-encode-low-latency-control.stderr: OK
./raw/screen-41-encode/measurements/03-warmup-encode-low-latency-control.tsv: OK
./raw/screen-41-encode/measurements/04-warmup-encode-low-latency.stderr: OK
./raw/screen-41-encode/measurements/04-warmup-encode-low-latency.tsv: OK
./raw/screen-41-encode/measurements/05-r1-encode-compact-control.stderr: OK
./raw/screen-41-encode/measurements/05-r1-encode-compact-control.tsv: OK
./raw/screen-41-encode/measurements/06-r1-encode-compact.stderr: OK
./raw/screen-41-encode/measurements/06-r1-encode-compact.tsv: OK
./raw/screen-41-encode/measurements/07-r1-encode-low-latency-control.stderr: OK
./raw/screen-41-encode/measurements/07-r1-encode-low-latency-control.tsv: OK
./raw/screen-41-encode/measurements/08-r1-encode-low-latency.stderr: OK
./raw/screen-41-encode/measurements/08-r1-encode-low-latency.tsv: OK
./raw/screen-41-encode/measurements/09-r2-encode-low-latency.stderr: OK
./raw/screen-41-encode/measurements/09-r2-encode-low-latency.tsv: OK
./raw/screen-41-encode/measurements/10-r2-encode-low-latency-control.stderr: OK
./raw/screen-41-encode/measurements/10-r2-encode-low-latency-control.tsv: OK
./raw/screen-41-encode/measurements/11-r2-encode-compact.stderr: OK
./raw/screen-41-encode/measurements/11-r2-encode-compact.tsv: OK
./raw/screen-41-encode/measurements/12-r2-encode-compact-control.stderr: OK
./raw/screen-41-encode/measurements/12-r2-encode-compact-control.tsv: OK
./raw/screen-41-encode/measurements/13-r3-encode-compact-control.stderr: OK
./raw/screen-41-encode/measurements/13-r3-encode-compact-control.tsv: OK
./raw/screen-41-encode/measurements/14-r3-encode-compact.stderr: OK
./raw/screen-41-encode/measurements/14-r3-encode-compact.tsv: OK
./raw/screen-41-encode/measurements/15-r3-encode-low-latency-control.stderr: OK
./raw/screen-41-encode/measurements/15-r3-encode-low-latency-control.tsv: OK
./raw/screen-41-encode/measurements/16-r3-encode-low-latency.stderr: OK
./raw/screen-41-encode/measurements/16-r3-encode-low-latency.tsv: OK
./raw/screen-41-encode/processes.jsonl: OK
./raw/screen-41-encode/run.json: OK
./raw/screen-41-libwebp-decode/measurements/01-warmup-decode-compact-control.stderr: OK
./raw/screen-41-libwebp-decode/measurements/01-warmup-decode-compact-control.tsv: OK
./raw/screen-41-libwebp-decode/measurements/02-warmup-decode-compact.stderr: OK
./raw/screen-41-libwebp-decode/measurements/02-warmup-decode-compact.tsv: OK
./raw/screen-41-libwebp-decode/measurements/03-warmup-decode-low-latency-control.stderr: OK
./raw/screen-41-libwebp-decode/measurements/03-warmup-decode-low-latency-control.tsv: OK
./raw/screen-41-libwebp-decode/measurements/04-warmup-decode-low-latency.stderr: OK
./raw/screen-41-libwebp-decode/measurements/04-warmup-decode-low-latency.tsv: OK
./raw/screen-41-libwebp-decode/measurements/05-r1-decode-compact-control.stderr: OK
./raw/screen-41-libwebp-decode/measurements/05-r1-decode-compact-control.tsv: OK
./raw/screen-41-libwebp-decode/measurements/06-r1-decode-compact.stderr: OK
./raw/screen-41-libwebp-decode/measurements/06-r1-decode-compact.tsv: OK
./raw/screen-41-libwebp-decode/measurements/07-r1-decode-low-latency-control.stderr: OK
./raw/screen-41-libwebp-decode/measurements/07-r1-decode-low-latency-control.tsv: OK
./raw/screen-41-libwebp-decode/measurements/08-r1-decode-low-latency.stderr: OK
./raw/screen-41-libwebp-decode/measurements/08-r1-decode-low-latency.tsv: OK
./raw/screen-41-libwebp-decode/measurements/09-r2-decode-low-latency.stderr: OK
./raw/screen-41-libwebp-decode/measurements/09-r2-decode-low-latency.tsv: OK
./raw/screen-41-libwebp-decode/measurements/10-r2-decode-low-latency-control.stderr: OK
./raw/screen-41-libwebp-decode/measurements/10-r2-decode-low-latency-control.tsv: OK
./raw/screen-41-libwebp-decode/measurements/11-r2-decode-compact.stderr: OK
./raw/screen-41-libwebp-decode/measurements/11-r2-decode-compact.tsv: OK
./raw/screen-41-libwebp-decode/measurements/12-r2-decode-compact-control.stderr: OK
./raw/screen-41-libwebp-decode/measurements/12-r2-decode-compact-control.tsv: OK
./raw/screen-41-libwebp-decode/measurements/13-r3-decode-compact-control.stderr: OK
./raw/screen-41-libwebp-decode/measurements/13-r3-decode-compact-control.tsv: OK
./raw/screen-41-libwebp-decode/measurements/14-r3-decode-compact.stderr: OK
./raw/screen-41-libwebp-decode/measurements/14-r3-decode-compact.tsv: OK
./raw/screen-41-libwebp-decode/measurements/15-r3-decode-low-latency-control.stderr: OK
./raw/screen-41-libwebp-decode/measurements/15-r3-decode-low-latency-control.tsv: OK
./raw/screen-41-libwebp-decode/measurements/16-r3-decode-low-latency.stderr: OK
./raw/screen-41-libwebp-decode/measurements/16-r3-decode-low-latency.tsv: OK
./raw/screen-41-libwebp-decode/processes.jsonl: OK
./raw/screen-41-libwebp-decode/run.json: OK
./raw/screen-41-rust-decode/measurements/01-warmup-decode-compact-control.stderr: OK
./raw/screen-41-rust-decode/measurements/01-warmup-decode-compact-control.tsv: OK
./raw/screen-41-rust-decode/measurements/02-warmup-decode-compact.stderr: OK
./raw/screen-41-rust-decode/measurements/02-warmup-decode-compact.tsv: OK
./raw/screen-41-rust-decode/measurements/03-warmup-decode-low-latency-control.stderr: OK
./raw/screen-41-rust-decode/measurements/03-warmup-decode-low-latency-control.tsv: OK
./raw/screen-41-rust-decode/measurements/04-warmup-decode-low-latency.stderr: OK
./raw/screen-41-rust-decode/measurements/04-warmup-decode-low-latency.tsv: OK
./raw/screen-41-rust-decode/measurements/05-r1-decode-compact-control.stderr: OK
./raw/screen-41-rust-decode/measurements/05-r1-decode-compact-control.tsv: OK
./raw/screen-41-rust-decode/measurements/06-r1-decode-compact.stderr: OK
./raw/screen-41-rust-decode/measurements/06-r1-decode-compact.tsv: OK
./raw/screen-41-rust-decode/measurements/07-r1-decode-low-latency-control.stderr: OK
./raw/screen-41-rust-decode/measurements/07-r1-decode-low-latency-control.tsv: OK
./raw/screen-41-rust-decode/measurements/08-r1-decode-low-latency.stderr: OK
./raw/screen-41-rust-decode/measurements/08-r1-decode-low-latency.tsv: OK
./raw/screen-41-rust-decode/measurements/09-r2-decode-low-latency.stderr: OK
./raw/screen-41-rust-decode/measurements/09-r2-decode-low-latency.tsv: OK
./raw/screen-41-rust-decode/measurements/10-r2-decode-low-latency-control.stderr: OK
./raw/screen-41-rust-decode/measurements/10-r2-decode-low-latency-control.tsv: OK
./raw/screen-41-rust-decode/measurements/11-r2-decode-compact.stderr: OK
./raw/screen-41-rust-decode/measurements/11-r2-decode-compact.tsv: OK
./raw/screen-41-rust-decode/measurements/12-r2-decode-compact-control.stderr: OK
./raw/screen-41-rust-decode/measurements/12-r2-decode-compact-control.tsv: OK
./raw/screen-41-rust-decode/measurements/13-r3-decode-compact-control.stderr: OK
./raw/screen-41-rust-decode/measurements/13-r3-decode-compact-control.tsv: OK
./raw/screen-41-rust-decode/measurements/14-r3-decode-compact.stderr: OK
./raw/screen-41-rust-decode/measurements/14-r3-decode-compact.tsv: OK
./raw/screen-41-rust-decode/measurements/15-r3-decode-low-latency-control.stderr: OK
./raw/screen-41-rust-decode/measurements/15-r3-decode-low-latency-control.tsv: OK
./raw/screen-41-rust-decode/measurements/16-r3-decode-low-latency.stderr: OK
./raw/screen-41-rust-decode/measurements/16-r3-decode-low-latency.tsv: OK
./raw/screen-41-rust-decode/processes.jsonl: OK
./raw/screen-41-rust-decode/run.json: OK
./raw/screen-manifest-41.tsv: OK
./raw/validation-final/build-release.log: OK
./raw/validation-final/clippy.log: OK
./raw/validation-final/doctest.log: OK
./raw/validation-final/fmt.log: OK
./raw/validation-final/installed-targets.txt: OK
./raw/validation-final/rustdoc.log: OK
./raw/validation-final/test-release.log: OK
./raw/validation-final/test-workspace.log: OK
./raw/validation-final/toolchain.txt: OK
./raw/validation-final/validation.tsv: OK
./reproduce.sh: OK
./reproduction-summary.json: OK
./summarize.py: OK
./verify_identity.py: OK
